[2023-01-17T18:16:37.153+0000] {taskinstance.py:1087} INFO - Dependencies all met for <TaskInstance: hello_with_passing_data_dag.say_hello manual__2023-01-17T18:10:33.929271+00:00 [queued]>
[2023-01-17T18:16:37.164+0000] {taskinstance.py:1087} INFO - Dependencies all met for <TaskInstance: hello_with_passing_data_dag.say_hello manual__2023-01-17T18:10:33.929271+00:00 [queued]>
[2023-01-17T18:16:37.165+0000] {taskinstance.py:1283} INFO - 
--------------------------------------------------------------------------------
[2023-01-17T18:16:37.166+0000] {taskinstance.py:1284} INFO - Starting attempt 1 of 1
[2023-01-17T18:16:37.167+0000] {taskinstance.py:1285} INFO - 
--------------------------------------------------------------------------------
[2023-01-17T18:16:37.184+0000] {taskinstance.py:1304} INFO - Executing <Task(_PythonDecoratedOperator): say_hello> on 2023-01-17 18:10:33.929271+00:00
[2023-01-17T18:16:37.190+0000] {standard_task_runner.py:55} INFO - Started process 65 to run task
[2023-01-17T18:16:37.197+0000] {standard_task_runner.py:82} INFO - Running: ['***', 'tasks', 'run', 'hello_with_passing_data_dag', 'say_hello', 'manual__2023-01-17T18:10:33.929271+00:00', '--job-id', '15', '--raw', '--subdir', 'DAGS_FOLDER/exer15.py', '--cfg-path', '/tmp/tmpjf2ahbt2']
[2023-01-17T18:16:37.199+0000] {standard_task_runner.py:83} INFO - Job 15: Subtask say_hello
[2023-01-17T18:16:37.311+0000] {task_command.py:389} INFO - Running <TaskInstance: hello_with_passing_data_dag.say_hello manual__2023-01-17T18:10:33.929271+00:00 [running]> on host 764da460d08d
[2023-01-17T18:16:37.435+0000] {taskinstance.py:1513} INFO - Exporting the following env vars:
AIRFLOW_CTX_DAG_OWNER=***
AIRFLOW_CTX_DAG_ID=hello_with_passing_data_dag
AIRFLOW_CTX_TASK_ID=say_hello
AIRFLOW_CTX_EXECUTION_DATE=2023-01-17T18:10:33.929271+00:00
AIRFLOW_CTX_TRY_NUMBER=1
AIRFLOW_CTX_DAG_RUN_ID=manual__2023-01-17T18:10:33.929271+00:00
[2023-01-17T18:16:37.439+0000] {python.py:177} INFO - Done. Returned value was: Hello, world! My name is Pierre
[2023-01-17T18:16:37.475+0000] {taskinstance.py:1327} INFO - Marking task as SUCCESS. dag_id=hello_with_passing_data_dag, task_id=say_hello, execution_date=20230117T181033, start_date=20230117T181637, end_date=20230117T181637
[2023-01-17T18:16:37.534+0000] {local_task_job.py:159} INFO - Task exited with return code 0
[2023-01-17T18:16:37.556+0000] {taskinstance.py:2582} INFO - 0 downstream tasks scheduled from follow-on schedule check
