[2023-01-17T18:16:35.601+0000] {taskinstance.py:1087} INFO - Dependencies all met for <TaskInstance: hello_with_passing_data_dag.give_name manual__2023-01-17T18:10:33.929271+00:00 [queued]>
[2023-01-17T18:16:35.618+0000] {taskinstance.py:1087} INFO - Dependencies all met for <TaskInstance: hello_with_passing_data_dag.give_name manual__2023-01-17T18:10:33.929271+00:00 [queued]>
[2023-01-17T18:16:35.618+0000] {taskinstance.py:1283} INFO - 
--------------------------------------------------------------------------------
[2023-01-17T18:16:35.619+0000] {taskinstance.py:1284} INFO - Starting attempt 1 of 1
[2023-01-17T18:16:35.620+0000] {taskinstance.py:1285} INFO - 
--------------------------------------------------------------------------------
[2023-01-17T18:16:35.643+0000] {taskinstance.py:1304} INFO - Executing <Task(_PythonDecoratedOperator): give_name> on 2023-01-17 18:10:33.929271+00:00
[2023-01-17T18:16:35.651+0000] {standard_task_runner.py:55} INFO - Started process 63 to run task
[2023-01-17T18:16:35.666+0000] {standard_task_runner.py:82} INFO - Running: ['***', 'tasks', 'run', 'hello_with_passing_data_dag', 'give_name', 'manual__2023-01-17T18:10:33.929271+00:00', '--job-id', '14', '--raw', '--subdir', 'DAGS_FOLDER/exer15.py', '--cfg-path', '/tmp/tmpt91dt61g']
[2023-01-17T18:16:35.667+0000] {standard_task_runner.py:83} INFO - Job 14: Subtask give_name
[2023-01-17T18:16:35.806+0000] {task_command.py:389} INFO - Running <TaskInstance: hello_with_passing_data_dag.give_name manual__2023-01-17T18:10:33.929271+00:00 [running]> on host 764da460d08d
[2023-01-17T18:16:35.936+0000] {taskinstance.py:1513} INFO - Exporting the following env vars:
AIRFLOW_CTX_DAG_OWNER=***
AIRFLOW_CTX_DAG_ID=hello_with_passing_data_dag
AIRFLOW_CTX_TASK_ID=give_name
AIRFLOW_CTX_EXECUTION_DATE=2023-01-17T18:10:33.929271+00:00
AIRFLOW_CTX_TRY_NUMBER=1
AIRFLOW_CTX_DAG_RUN_ID=manual__2023-01-17T18:10:33.929271+00:00
[2023-01-17T18:16:35.938+0000] {python.py:177} INFO - Done. Returned value was: Pierre
[2023-01-17T18:16:35.986+0000] {taskinstance.py:1327} INFO - Marking task as SUCCESS. dag_id=hello_with_passing_data_dag, task_id=give_name, execution_date=20230117T181033, start_date=20230117T181635, end_date=20230117T181635
[2023-01-17T18:16:36.036+0000] {local_task_job.py:159} INFO - Task exited with return code 0
[2023-01-17T18:16:36.073+0000] {taskinstance.py:2582} INFO - 1 downstream tasks scheduled from follow-on schedule check
