[2023-01-23T10:48:35.262+0000] {processor.py:153} INFO - Started process (PID=68) to work on /home/airflow/.local/lib/python3.7/site-packages/airflow/example_dags/example_short_circuit_decorator.py
[2023-01-23T10:48:35.264+0000] {processor.py:743} INFO - Processing file /home/airflow/.local/lib/python3.7/site-packages/airflow/example_dags/example_short_circuit_decorator.py for tasks to queue
[2023-01-23T10:48:35.266+0000] {logging_mixin.py:137} INFO - [2023-01-23T10:48:35.266+0000] {dagbag.py:538} INFO - Filling up the DagBag from /home/airflow/.local/lib/python3.7/site-packages/airflow/example_dags/example_short_circuit_decorator.py
[2023-01-23T10:48:35.362+0000] {processor.py:753} INFO - DAG(s) dict_keys(['example_short_circuit_decorator']) retrieved from /home/airflow/.local/lib/python3.7/site-packages/airflow/example_dags/example_short_circuit_decorator.py
[2023-01-23T10:48:35.497+0000] {logging_mixin.py:137} INFO - [2023-01-23T10:48:35.496+0000] {dag.py:2676} INFO - Sync 1 DAGs
[2023-01-23T10:48:35.619+0000] {logging_mixin.py:137} INFO - [2023-01-23T10:48:35.615+0000] {dag.py:3427} INFO - Setting next_dagrun for example_short_circuit_decorator to 2023-01-22T10:48:35.612944+00:00, run_after=2023-01-23T10:48:35.612944+00:00
[2023-01-23T10:48:35.662+0000] {processor.py:175} INFO - Processing /home/airflow/.local/lib/python3.7/site-packages/airflow/example_dags/example_short_circuit_decorator.py took 0.406 seconds
[2023-01-23T10:49:06.550+0000] {processor.py:153} INFO - Started process (PID=130) to work on /home/airflow/.local/lib/python3.7/site-packages/airflow/example_dags/example_short_circuit_decorator.py
[2023-01-23T10:49:06.552+0000] {processor.py:743} INFO - Processing file /home/airflow/.local/lib/python3.7/site-packages/airflow/example_dags/example_short_circuit_decorator.py for tasks to queue
[2023-01-23T10:49:06.553+0000] {logging_mixin.py:137} INFO - [2023-01-23T10:49:06.553+0000] {dagbag.py:538} INFO - Filling up the DagBag from /home/airflow/.local/lib/python3.7/site-packages/airflow/example_dags/example_short_circuit_decorator.py
[2023-01-23T10:49:06.578+0000] {processor.py:753} INFO - DAG(s) dict_keys(['example_short_circuit_decorator']) retrieved from /home/airflow/.local/lib/python3.7/site-packages/airflow/example_dags/example_short_circuit_decorator.py
[2023-01-23T10:49:06.617+0000] {logging_mixin.py:137} INFO - [2023-01-23T10:49:06.617+0000] {dag.py:2676} INFO - Sync 1 DAGs
[2023-01-23T10:49:06.645+0000] {logging_mixin.py:137} INFO - [2023-01-23T10:49:06.645+0000] {dag.py:3427} INFO - Setting next_dagrun for example_short_circuit_decorator to 2023-01-22T10:49:06.645355+00:00, run_after=2023-01-23T10:49:06.645355+00:00
[2023-01-23T10:49:06.667+0000] {processor.py:175} INFO - Processing /home/airflow/.local/lib/python3.7/site-packages/airflow/example_dags/example_short_circuit_decorator.py took 0.122 seconds
[2023-01-23T10:49:37.021+0000] {processor.py:153} INFO - Started process (PID=192) to work on /home/airflow/.local/lib/python3.7/site-packages/airflow/example_dags/example_short_circuit_decorator.py
[2023-01-23T10:49:37.024+0000] {processor.py:743} INFO - Processing file /home/airflow/.local/lib/python3.7/site-packages/airflow/example_dags/example_short_circuit_decorator.py for tasks to queue
[2023-01-23T10:49:37.026+0000] {logging_mixin.py:137} INFO - [2023-01-23T10:49:37.025+0000] {dagbag.py:538} INFO - Filling up the DagBag from /home/airflow/.local/lib/python3.7/site-packages/airflow/example_dags/example_short_circuit_decorator.py
[2023-01-23T10:49:37.054+0000] {processor.py:753} INFO - DAG(s) dict_keys(['example_short_circuit_decorator']) retrieved from /home/airflow/.local/lib/python3.7/site-packages/airflow/example_dags/example_short_circuit_decorator.py
[2023-01-23T10:49:37.103+0000] {logging_mixin.py:137} INFO - [2023-01-23T10:49:37.103+0000] {dag.py:2676} INFO - Sync 1 DAGs
[2023-01-23T10:49:37.129+0000] {logging_mixin.py:137} INFO - [2023-01-23T10:49:37.129+0000] {dag.py:3427} INFO - Setting next_dagrun for example_short_circuit_decorator to 2023-01-22T10:49:37.128905+00:00, run_after=2023-01-23T10:49:37.128905+00:00
[2023-01-23T10:49:37.147+0000] {processor.py:175} INFO - Processing /home/airflow/.local/lib/python3.7/site-packages/airflow/example_dags/example_short_circuit_decorator.py took 0.131 seconds
[2023-01-23T10:50:18.231+0000] {processor.py:153} INFO - Started process (PID=262) to work on /home/airflow/.local/lib/python3.7/site-packages/airflow/example_dags/example_short_circuit_decorator.py
[2023-01-23T10:50:18.241+0000] {processor.py:743} INFO - Processing file /home/airflow/.local/lib/python3.7/site-packages/airflow/example_dags/example_short_circuit_decorator.py for tasks to queue
[2023-01-23T10:50:18.247+0000] {logging_mixin.py:137} INFO - [2023-01-23T10:50:18.246+0000] {dagbag.py:538} INFO - Filling up the DagBag from /home/airflow/.local/lib/python3.7/site-packages/airflow/example_dags/example_short_circuit_decorator.py
[2023-01-23T10:50:18.442+0000] {processor.py:753} INFO - DAG(s) dict_keys(['example_short_circuit_decorator']) retrieved from /home/airflow/.local/lib/python3.7/site-packages/airflow/example_dags/example_short_circuit_decorator.py
[2023-01-23T10:50:19.757+0000] {logging_mixin.py:137} INFO - [2023-01-23T10:50:19.756+0000] {dag.py:2676} INFO - Sync 1 DAGs
[2023-01-23T10:50:20.096+0000] {logging_mixin.py:137} INFO - [2023-01-23T10:50:20.096+0000] {dag.py:3427} INFO - Setting next_dagrun for example_short_circuit_decorator to 2023-01-22T10:50:20.095103+00:00, run_after=2023-01-23T10:50:20.095103+00:00
[2023-01-23T10:50:20.317+0000] {processor.py:175} INFO - Processing /home/airflow/.local/lib/python3.7/site-packages/airflow/example_dags/example_short_circuit_decorator.py took 2.136 seconds
