[2023-01-23T10:48:26.905+0000] {processor.py:153} INFO - Started process (PID=36) to work on /home/airflow/.local/lib/python3.7/site-packages/airflow/example_dags/example_nested_branch_dag.py
[2023-01-23T10:48:26.912+0000] {processor.py:743} INFO - Processing file /home/airflow/.local/lib/python3.7/site-packages/airflow/example_dags/example_nested_branch_dag.py for tasks to queue
[2023-01-23T10:48:26.919+0000] {logging_mixin.py:137} INFO - [2023-01-23T10:48:26.918+0000] {dagbag.py:538} INFO - Filling up the DagBag from /home/airflow/.local/lib/python3.7/site-packages/airflow/example_dags/example_nested_branch_dag.py
[2023-01-23T10:48:27.093+0000] {processor.py:753} INFO - DAG(s) dict_keys(['example_nested_branch_dag']) retrieved from /home/airflow/.local/lib/python3.7/site-packages/airflow/example_dags/example_nested_branch_dag.py
[2023-01-23T10:48:27.195+0000] {logging_mixin.py:137} INFO - [2023-01-23T10:48:27.194+0000] {dag.py:2676} INFO - Sync 1 DAGs
[2023-01-23T10:48:27.281+0000] {logging_mixin.py:137} INFO - [2023-01-23T10:48:27.277+0000] {dag.py:3427} INFO - Setting next_dagrun for example_nested_branch_dag to 2023-01-22T00:00:00+00:00, run_after=2023-01-23T00:00:00+00:00
[2023-01-23T10:48:27.420+0000] {processor.py:175} INFO - Processing /home/airflow/.local/lib/python3.7/site-packages/airflow/example_dags/example_nested_branch_dag.py took 0.524 seconds
[2023-01-23T10:48:58.021+0000] {processor.py:153} INFO - Started process (PID=97) to work on /home/airflow/.local/lib/python3.7/site-packages/airflow/example_dags/example_nested_branch_dag.py
[2023-01-23T10:48:58.023+0000] {processor.py:743} INFO - Processing file /home/airflow/.local/lib/python3.7/site-packages/airflow/example_dags/example_nested_branch_dag.py for tasks to queue
[2023-01-23T10:48:58.024+0000] {logging_mixin.py:137} INFO - [2023-01-23T10:48:58.024+0000] {dagbag.py:538} INFO - Filling up the DagBag from /home/airflow/.local/lib/python3.7/site-packages/airflow/example_dags/example_nested_branch_dag.py
[2023-01-23T10:48:58.054+0000] {processor.py:753} INFO - DAG(s) dict_keys(['example_nested_branch_dag']) retrieved from /home/airflow/.local/lib/python3.7/site-packages/airflow/example_dags/example_nested_branch_dag.py
[2023-01-23T10:48:58.096+0000] {logging_mixin.py:137} INFO - [2023-01-23T10:48:58.096+0000] {dag.py:2676} INFO - Sync 1 DAGs
[2023-01-23T10:48:58.135+0000] {logging_mixin.py:137} INFO - [2023-01-23T10:48:58.135+0000] {dag.py:3427} INFO - Setting next_dagrun for example_nested_branch_dag to 2023-01-22T00:00:00+00:00, run_after=2023-01-23T00:00:00+00:00
[2023-01-23T10:48:58.179+0000] {processor.py:175} INFO - Processing /home/airflow/.local/lib/python3.7/site-packages/airflow/example_dags/example_nested_branch_dag.py took 0.162 seconds
[2023-01-23T10:49:29.135+0000] {processor.py:153} INFO - Started process (PID=171) to work on /home/airflow/.local/lib/python3.7/site-packages/airflow/example_dags/example_nested_branch_dag.py
[2023-01-23T10:49:29.139+0000] {processor.py:743} INFO - Processing file /home/airflow/.local/lib/python3.7/site-packages/airflow/example_dags/example_nested_branch_dag.py for tasks to queue
[2023-01-23T10:49:29.144+0000] {logging_mixin.py:137} INFO - [2023-01-23T10:49:29.143+0000] {dagbag.py:538} INFO - Filling up the DagBag from /home/airflow/.local/lib/python3.7/site-packages/airflow/example_dags/example_nested_branch_dag.py
[2023-01-23T10:49:29.249+0000] {processor.py:753} INFO - DAG(s) dict_keys(['example_nested_branch_dag']) retrieved from /home/airflow/.local/lib/python3.7/site-packages/airflow/example_dags/example_nested_branch_dag.py
[2023-01-23T10:49:29.364+0000] {logging_mixin.py:137} INFO - [2023-01-23T10:49:29.364+0000] {dag.py:2676} INFO - Sync 1 DAGs
[2023-01-23T10:49:29.470+0000] {logging_mixin.py:137} INFO - [2023-01-23T10:49:29.469+0000] {dag.py:3427} INFO - Setting next_dagrun for example_nested_branch_dag to 2023-01-22T00:00:00+00:00, run_after=2023-01-23T00:00:00+00:00
[2023-01-23T10:49:29.586+0000] {processor.py:175} INFO - Processing /home/airflow/.local/lib/python3.7/site-packages/airflow/example_dags/example_nested_branch_dag.py took 0.459 seconds
[2023-01-23T10:50:03.655+0000] {processor.py:153} INFO - Started process (PID=233) to work on /home/airflow/.local/lib/python3.7/site-packages/airflow/example_dags/example_nested_branch_dag.py
[2023-01-23T10:50:03.665+0000] {processor.py:743} INFO - Processing file /home/airflow/.local/lib/python3.7/site-packages/airflow/example_dags/example_nested_branch_dag.py for tasks to queue
[2023-01-23T10:50:03.674+0000] {logging_mixin.py:137} INFO - [2023-01-23T10:50:03.671+0000] {dagbag.py:538} INFO - Filling up the DagBag from /home/airflow/.local/lib/python3.7/site-packages/airflow/example_dags/example_nested_branch_dag.py
[2023-01-23T10:50:03.874+0000] {processor.py:753} INFO - DAG(s) dict_keys(['example_nested_branch_dag']) retrieved from /home/airflow/.local/lib/python3.7/site-packages/airflow/example_dags/example_nested_branch_dag.py
[2023-01-23T10:50:04.047+0000] {logging_mixin.py:137} INFO - [2023-01-23T10:50:04.046+0000] {dag.py:2676} INFO - Sync 1 DAGs
[2023-01-23T10:50:04.151+0000] {logging_mixin.py:137} INFO - [2023-01-23T10:50:04.149+0000] {dag.py:3427} INFO - Setting next_dagrun for example_nested_branch_dag to 2023-01-22T00:00:00+00:00, run_after=2023-01-23T00:00:00+00:00
[2023-01-23T10:50:04.282+0000] {processor.py:175} INFO - Processing /home/airflow/.local/lib/python3.7/site-packages/airflow/example_dags/example_nested_branch_dag.py took 0.643 seconds
