[2023-01-23T10:48:27.579+0000] {processor.py:153} INFO - Started process (PID=43) to work on /home/airflow/.local/lib/python3.7/site-packages/airflow/example_dags/example_latest_only.py
[2023-01-23T10:48:27.589+0000] {processor.py:743} INFO - Processing file /home/airflow/.local/lib/python3.7/site-packages/airflow/example_dags/example_latest_only.py for tasks to queue
[2023-01-23T10:48:27.592+0000] {logging_mixin.py:137} INFO - [2023-01-23T10:48:27.592+0000] {dagbag.py:538} INFO - Filling up the DagBag from /home/airflow/.local/lib/python3.7/site-packages/airflow/example_dags/example_latest_only.py
[2023-01-23T10:48:27.669+0000] {processor.py:753} INFO - DAG(s) dict_keys(['latest_only']) retrieved from /home/airflow/.local/lib/python3.7/site-packages/airflow/example_dags/example_latest_only.py
[2023-01-23T10:48:27.843+0000] {logging_mixin.py:137} INFO - [2023-01-23T10:48:27.843+0000] {dag.py:2676} INFO - Sync 1 DAGs
[2023-01-23T10:48:27.956+0000] {logging_mixin.py:137} INFO - [2023-01-23T10:48:27.956+0000] {dag.py:3427} INFO - Setting next_dagrun for latest_only to 2023-01-23T06:48:27.955860+00:00, run_after=2023-01-23T10:48:27.955860+00:00
[2023-01-23T10:48:28.059+0000] {processor.py:175} INFO - Processing /home/airflow/.local/lib/python3.7/site-packages/airflow/example_dags/example_latest_only.py took 0.493 seconds
[2023-01-23T10:48:58.203+0000] {processor.py:153} INFO - Started process (PID=98) to work on /home/airflow/.local/lib/python3.7/site-packages/airflow/example_dags/example_latest_only.py
[2023-01-23T10:48:58.206+0000] {processor.py:743} INFO - Processing file /home/airflow/.local/lib/python3.7/site-packages/airflow/example_dags/example_latest_only.py for tasks to queue
[2023-01-23T10:48:58.207+0000] {logging_mixin.py:137} INFO - [2023-01-23T10:48:58.207+0000] {dagbag.py:538} INFO - Filling up the DagBag from /home/airflow/.local/lib/python3.7/site-packages/airflow/example_dags/example_latest_only.py
[2023-01-23T10:48:58.223+0000] {processor.py:753} INFO - DAG(s) dict_keys(['latest_only']) retrieved from /home/airflow/.local/lib/python3.7/site-packages/airflow/example_dags/example_latest_only.py
[2023-01-23T10:48:58.270+0000] {logging_mixin.py:137} INFO - [2023-01-23T10:48:58.270+0000] {dag.py:2676} INFO - Sync 1 DAGs
[2023-01-23T10:48:58.300+0000] {logging_mixin.py:137} INFO - [2023-01-23T10:48:58.300+0000] {dag.py:3427} INFO - Setting next_dagrun for latest_only to 2023-01-23T06:48:58.299997+00:00, run_after=2023-01-23T10:48:58.299997+00:00
[2023-01-23T10:48:58.317+0000] {processor.py:175} INFO - Processing /home/airflow/.local/lib/python3.7/site-packages/airflow/example_dags/example_latest_only.py took 0.120 seconds
[2023-01-23T10:49:29.323+0000] {processor.py:153} INFO - Started process (PID=172) to work on /home/airflow/.local/lib/python3.7/site-packages/airflow/example_dags/example_latest_only.py
[2023-01-23T10:49:29.327+0000] {processor.py:743} INFO - Processing file /home/airflow/.local/lib/python3.7/site-packages/airflow/example_dags/example_latest_only.py for tasks to queue
[2023-01-23T10:49:29.334+0000] {logging_mixin.py:137} INFO - [2023-01-23T10:49:29.333+0000] {dagbag.py:538} INFO - Filling up the DagBag from /home/airflow/.local/lib/python3.7/site-packages/airflow/example_dags/example_latest_only.py
[2023-01-23T10:49:29.399+0000] {processor.py:753} INFO - DAG(s) dict_keys(['latest_only']) retrieved from /home/airflow/.local/lib/python3.7/site-packages/airflow/example_dags/example_latest_only.py
[2023-01-23T10:49:29.548+0000] {logging_mixin.py:137} INFO - [2023-01-23T10:49:29.548+0000] {dag.py:2676} INFO - Sync 1 DAGs
[2023-01-23T10:49:29.604+0000] {logging_mixin.py:137} INFO - [2023-01-23T10:49:29.604+0000] {dag.py:3427} INFO - Setting next_dagrun for latest_only to 2023-01-23T06:49:29.604030+00:00, run_after=2023-01-23T10:49:29.604030+00:00
[2023-01-23T10:49:29.644+0000] {processor.py:175} INFO - Processing /home/airflow/.local/lib/python3.7/site-packages/airflow/example_dags/example_latest_only.py took 0.331 seconds
[2023-01-23T10:50:03.889+0000] {processor.py:153} INFO - Started process (PID=234) to work on /home/airflow/.local/lib/python3.7/site-packages/airflow/example_dags/example_latest_only.py
[2023-01-23T10:50:03.912+0000] {processor.py:743} INFO - Processing file /home/airflow/.local/lib/python3.7/site-packages/airflow/example_dags/example_latest_only.py for tasks to queue
[2023-01-23T10:50:03.918+0000] {logging_mixin.py:137} INFO - [2023-01-23T10:50:03.917+0000] {dagbag.py:538} INFO - Filling up the DagBag from /home/airflow/.local/lib/python3.7/site-packages/airflow/example_dags/example_latest_only.py
[2023-01-23T10:50:04.060+0000] {processor.py:753} INFO - DAG(s) dict_keys(['latest_only']) retrieved from /home/airflow/.local/lib/python3.7/site-packages/airflow/example_dags/example_latest_only.py
[2023-01-23T10:50:04.477+0000] {logging_mixin.py:137} INFO - [2023-01-23T10:50:04.477+0000] {dag.py:2676} INFO - Sync 1 DAGs
[2023-01-23T10:50:04.629+0000] {logging_mixin.py:137} INFO - [2023-01-23T10:50:04.628+0000] {dag.py:3427} INFO - Setting next_dagrun for latest_only to 2023-01-23T06:50:04.627972+00:00, run_after=2023-01-23T10:50:04.627972+00:00
[2023-01-23T10:50:04.727+0000] {processor.py:175} INFO - Processing /home/airflow/.local/lib/python3.7/site-packages/airflow/example_dags/example_latest_only.py took 0.859 seconds
