[2023-01-23T10:48:31.985+0000] {processor.py:153} INFO - Started process (PID=55) to work on /home/airflow/.local/lib/python3.7/site-packages/airflow/example_dags/example_task_group.py
[2023-01-23T10:48:32.004+0000] {processor.py:743} INFO - Processing file /home/airflow/.local/lib/python3.7/site-packages/airflow/example_dags/example_task_group.py for tasks to queue
[2023-01-23T10:48:32.027+0000] {logging_mixin.py:137} INFO - [2023-01-23T10:48:32.027+0000] {dagbag.py:538} INFO - Filling up the DagBag from /home/airflow/.local/lib/python3.7/site-packages/airflow/example_dags/example_task_group.py
[2023-01-23T10:48:32.217+0000] {processor.py:753} INFO - DAG(s) dict_keys(['example_task_group']) retrieved from /home/airflow/.local/lib/python3.7/site-packages/airflow/example_dags/example_task_group.py
[2023-01-23T10:48:32.576+0000] {logging_mixin.py:137} INFO - [2023-01-23T10:48:32.575+0000] {dag.py:2676} INFO - Sync 1 DAGs
[2023-01-23T10:48:32.753+0000] {logging_mixin.py:137} INFO - [2023-01-23T10:48:32.752+0000] {dag.py:3427} INFO - Setting next_dagrun for example_task_group to 2023-01-22T10:48:32.752051+00:00, run_after=2023-01-23T10:48:32.752051+00:00
[2023-01-23T10:48:32.830+0000] {processor.py:175} INFO - Processing /home/airflow/.local/lib/python3.7/site-packages/airflow/example_dags/example_task_group.py took 0.910 seconds
[2023-01-23T10:49:02.948+0000] {processor.py:153} INFO - Started process (PID=120) to work on /home/airflow/.local/lib/python3.7/site-packages/airflow/example_dags/example_task_group.py
[2023-01-23T10:49:02.954+0000] {processor.py:743} INFO - Processing file /home/airflow/.local/lib/python3.7/site-packages/airflow/example_dags/example_task_group.py for tasks to queue
[2023-01-23T10:49:02.955+0000] {logging_mixin.py:137} INFO - [2023-01-23T10:49:02.955+0000] {dagbag.py:538} INFO - Filling up the DagBag from /home/airflow/.local/lib/python3.7/site-packages/airflow/example_dags/example_task_group.py
[2023-01-23T10:49:02.973+0000] {processor.py:753} INFO - DAG(s) dict_keys(['example_task_group']) retrieved from /home/airflow/.local/lib/python3.7/site-packages/airflow/example_dags/example_task_group.py
[2023-01-23T10:49:03.018+0000] {logging_mixin.py:137} INFO - [2023-01-23T10:49:03.018+0000] {dag.py:2676} INFO - Sync 1 DAGs
[2023-01-23T10:49:03.040+0000] {logging_mixin.py:137} INFO - [2023-01-23T10:49:03.040+0000] {dag.py:3427} INFO - Setting next_dagrun for example_task_group to 2023-01-22T10:49:03.040049+00:00, run_after=2023-01-23T10:49:03.040049+00:00
[2023-01-23T10:49:03.057+0000] {processor.py:175} INFO - Processing /home/airflow/.local/lib/python3.7/site-packages/airflow/example_dags/example_task_group.py took 0.112 seconds
[2023-01-23T10:49:33.848+0000] {processor.py:153} INFO - Started process (PID=182) to work on /home/airflow/.local/lib/python3.7/site-packages/airflow/example_dags/example_task_group.py
[2023-01-23T10:49:33.851+0000] {processor.py:743} INFO - Processing file /home/airflow/.local/lib/python3.7/site-packages/airflow/example_dags/example_task_group.py for tasks to queue
[2023-01-23T10:49:33.852+0000] {logging_mixin.py:137} INFO - [2023-01-23T10:49:33.852+0000] {dagbag.py:538} INFO - Filling up the DagBag from /home/airflow/.local/lib/python3.7/site-packages/airflow/example_dags/example_task_group.py
[2023-01-23T10:49:33.878+0000] {processor.py:753} INFO - DAG(s) dict_keys(['example_task_group']) retrieved from /home/airflow/.local/lib/python3.7/site-packages/airflow/example_dags/example_task_group.py
[2023-01-23T10:49:33.939+0000] {logging_mixin.py:137} INFO - [2023-01-23T10:49:33.939+0000] {dag.py:2676} INFO - Sync 1 DAGs
[2023-01-23T10:49:33.972+0000] {logging_mixin.py:137} INFO - [2023-01-23T10:49:33.972+0000] {dag.py:3427} INFO - Setting next_dagrun for example_task_group to 2023-01-22T10:49:33.972110+00:00, run_after=2023-01-23T10:49:33.972110+00:00
[2023-01-23T10:49:33.996+0000] {processor.py:175} INFO - Processing /home/airflow/.local/lib/python3.7/site-packages/airflow/example_dags/example_task_group.py took 0.155 seconds
[2023-01-23T10:50:12.033+0000] {processor.py:153} INFO - Started process (PID=244) to work on /home/airflow/.local/lib/python3.7/site-packages/airflow/example_dags/example_task_group.py
[2023-01-23T10:50:12.039+0000] {processor.py:743} INFO - Processing file /home/airflow/.local/lib/python3.7/site-packages/airflow/example_dags/example_task_group.py for tasks to queue
[2023-01-23T10:50:12.043+0000] {logging_mixin.py:137} INFO - [2023-01-23T10:50:12.043+0000] {dagbag.py:538} INFO - Filling up the DagBag from /home/airflow/.local/lib/python3.7/site-packages/airflow/example_dags/example_task_group.py
[2023-01-23T10:50:12.247+0000] {processor.py:753} INFO - DAG(s) dict_keys(['example_task_group']) retrieved from /home/airflow/.local/lib/python3.7/site-packages/airflow/example_dags/example_task_group.py
[2023-01-23T10:50:12.508+0000] {logging_mixin.py:137} INFO - [2023-01-23T10:50:12.508+0000] {dag.py:2676} INFO - Sync 1 DAGs
[2023-01-23T10:50:12.645+0000] {logging_mixin.py:137} INFO - [2023-01-23T10:50:12.644+0000] {dag.py:3427} INFO - Setting next_dagrun for example_task_group to 2023-01-22T10:50:12.643317+00:00, run_after=2023-01-23T10:50:12.643317+00:00
[2023-01-23T10:50:12.736+0000] {processor.py:175} INFO - Processing /home/airflow/.local/lib/python3.7/site-packages/airflow/example_dags/example_task_group.py took 0.716 seconds
