[2023-01-23T10:48:36.980+0000] {processor.py:153} INFO - Started process (PID=76) to work on /home/airflow/.local/lib/python3.7/site-packages/airflow/example_dags/example_subdag_operator.py
[2023-01-23T10:48:36.985+0000] {processor.py:743} INFO - Processing file /home/airflow/.local/lib/python3.7/site-packages/airflow/example_dags/example_subdag_operator.py for tasks to queue
[2023-01-23T10:48:36.987+0000] {logging_mixin.py:137} INFO - [2023-01-23T10:48:36.987+0000] {dagbag.py:538} INFO - Filling up the DagBag from /home/airflow/.local/lib/python3.7/site-packages/airflow/example_dags/example_subdag_operator.py
[2023-01-23T10:48:37.095+0000] {processor.py:753} INFO - DAG(s) dict_keys(['example_subdag_operator.section-1', 'example_subdag_operator.section-2', 'example_subdag_operator']) retrieved from /home/airflow/.local/lib/python3.7/site-packages/airflow/example_dags/example_subdag_operator.py
[2023-01-23T10:48:37.171+0000] {logging_mixin.py:137} INFO - [2023-01-23T10:48:37.171+0000] {dag.py:2676} INFO - Sync 3 DAGs
[2023-01-23T10:48:37.243+0000] {logging_mixin.py:137} INFO - [2023-01-23T10:48:37.243+0000] {dag.py:3427} INFO - Setting next_dagrun for example_subdag_operator to 2022-01-01T00:00:00+00:00, run_after=2022-01-01T00:00:00+00:00
[2023-01-23T10:48:37.259+0000] {logging_mixin.py:137} INFO - [2023-01-23T10:48:37.259+0000] {dag.py:3427} INFO - Setting next_dagrun for example_subdag_operator.section-1 to None, run_after=None
[2023-01-23T10:48:37.264+0000] {logging_mixin.py:137} INFO - [2023-01-23T10:48:37.263+0000] {dag.py:3427} INFO - Setting next_dagrun for example_subdag_operator.section-2 to None, run_after=None
[2023-01-23T10:48:37.312+0000] {logging_mixin.py:137} INFO - [2023-01-23T10:48:37.312+0000] {dag.py:2676} INFO - Sync 2 DAGs
[2023-01-23T10:48:37.353+0000] {logging_mixin.py:137} INFO - [2023-01-23T10:48:37.352+0000] {dag.py:3427} INFO - Setting next_dagrun for example_subdag_operator.section-1 to None, run_after=None
[2023-01-23T10:48:37.355+0000] {logging_mixin.py:137} INFO - [2023-01-23T10:48:37.355+0000] {dag.py:3427} INFO - Setting next_dagrun for example_subdag_operator.section-2 to None, run_after=None
[2023-01-23T10:48:37.401+0000] {processor.py:175} INFO - Processing /home/airflow/.local/lib/python3.7/site-packages/airflow/example_dags/example_subdag_operator.py took 0.427 seconds
[2023-01-23T10:49:08.161+0000] {processor.py:153} INFO - Started process (PID=138) to work on /home/airflow/.local/lib/python3.7/site-packages/airflow/example_dags/example_subdag_operator.py
[2023-01-23T10:49:08.163+0000] {processor.py:743} INFO - Processing file /home/airflow/.local/lib/python3.7/site-packages/airflow/example_dags/example_subdag_operator.py for tasks to queue
[2023-01-23T10:49:08.166+0000] {logging_mixin.py:137} INFO - [2023-01-23T10:49:08.166+0000] {dagbag.py:538} INFO - Filling up the DagBag from /home/airflow/.local/lib/python3.7/site-packages/airflow/example_dags/example_subdag_operator.py
[2023-01-23T10:49:08.220+0000] {processor.py:753} INFO - DAG(s) dict_keys(['example_subdag_operator.section-1', 'example_subdag_operator.section-2', 'example_subdag_operator']) retrieved from /home/airflow/.local/lib/python3.7/site-packages/airflow/example_dags/example_subdag_operator.py
[2023-01-23T10:49:08.253+0000] {logging_mixin.py:137} INFO - [2023-01-23T10:49:08.253+0000] {dag.py:2676} INFO - Sync 3 DAGs
[2023-01-23T10:49:08.282+0000] {logging_mixin.py:137} INFO - [2023-01-23T10:49:08.282+0000] {dag.py:3427} INFO - Setting next_dagrun for example_subdag_operator to 2022-01-01T00:00:00+00:00, run_after=2022-01-01T00:00:00+00:00
[2023-01-23T10:49:08.295+0000] {logging_mixin.py:137} INFO - [2023-01-23T10:49:08.295+0000] {dag.py:3427} INFO - Setting next_dagrun for example_subdag_operator.section-1 to None, run_after=None
[2023-01-23T10:49:08.297+0000] {logging_mixin.py:137} INFO - [2023-01-23T10:49:08.297+0000] {dag.py:3427} INFO - Setting next_dagrun for example_subdag_operator.section-2 to None, run_after=None
[2023-01-23T10:49:08.310+0000] {logging_mixin.py:137} INFO - [2023-01-23T10:49:08.310+0000] {dag.py:2676} INFO - Sync 2 DAGs
[2023-01-23T10:49:08.319+0000] {logging_mixin.py:137} INFO - [2023-01-23T10:49:08.319+0000] {dag.py:3427} INFO - Setting next_dagrun for example_subdag_operator.section-1 to None, run_after=None
[2023-01-23T10:49:08.321+0000] {logging_mixin.py:137} INFO - [2023-01-23T10:49:08.320+0000] {dag.py:3427} INFO - Setting next_dagrun for example_subdag_operator.section-2 to None, run_after=None
[2023-01-23T10:49:08.334+0000] {processor.py:175} INFO - Processing /home/airflow/.local/lib/python3.7/site-packages/airflow/example_dags/example_subdag_operator.py took 0.179 seconds
[2023-01-23T10:49:38.826+0000] {processor.py:153} INFO - Started process (PID=200) to work on /home/airflow/.local/lib/python3.7/site-packages/airflow/example_dags/example_subdag_operator.py
[2023-01-23T10:49:38.828+0000] {processor.py:743} INFO - Processing file /home/airflow/.local/lib/python3.7/site-packages/airflow/example_dags/example_subdag_operator.py for tasks to queue
[2023-01-23T10:49:38.829+0000] {logging_mixin.py:137} INFO - [2023-01-23T10:49:38.829+0000] {dagbag.py:538} INFO - Filling up the DagBag from /home/airflow/.local/lib/python3.7/site-packages/airflow/example_dags/example_subdag_operator.py
[2023-01-23T10:49:38.872+0000] {processor.py:753} INFO - DAG(s) dict_keys(['example_subdag_operator.section-1', 'example_subdag_operator.section-2', 'example_subdag_operator']) retrieved from /home/airflow/.local/lib/python3.7/site-packages/airflow/example_dags/example_subdag_operator.py
[2023-01-23T10:49:38.928+0000] {logging_mixin.py:137} INFO - [2023-01-23T10:49:38.928+0000] {dag.py:2676} INFO - Sync 3 DAGs
[2023-01-23T10:49:38.964+0000] {logging_mixin.py:137} INFO - [2023-01-23T10:49:38.964+0000] {dag.py:3427} INFO - Setting next_dagrun for example_subdag_operator to 2022-01-01T00:00:00+00:00, run_after=2022-01-01T00:00:00+00:00
[2023-01-23T10:49:38.970+0000] {logging_mixin.py:137} INFO - [2023-01-23T10:49:38.970+0000] {dag.py:3427} INFO - Setting next_dagrun for example_subdag_operator.section-1 to None, run_after=None
[2023-01-23T10:49:38.972+0000] {logging_mixin.py:137} INFO - [2023-01-23T10:49:38.972+0000] {dag.py:3427} INFO - Setting next_dagrun for example_subdag_operator.section-2 to None, run_after=None
[2023-01-23T10:49:38.983+0000] {logging_mixin.py:137} INFO - [2023-01-23T10:49:38.983+0000] {dag.py:2676} INFO - Sync 2 DAGs
[2023-01-23T10:49:38.995+0000] {logging_mixin.py:137} INFO - [2023-01-23T10:49:38.994+0000] {dag.py:3427} INFO - Setting next_dagrun for example_subdag_operator.section-1 to None, run_after=None
[2023-01-23T10:49:38.996+0000] {logging_mixin.py:137} INFO - [2023-01-23T10:49:38.996+0000] {dag.py:3427} INFO - Setting next_dagrun for example_subdag_operator.section-2 to None, run_after=None
[2023-01-23T10:49:39.012+0000] {processor.py:175} INFO - Processing /home/airflow/.local/lib/python3.7/site-packages/airflow/example_dags/example_subdag_operator.py took 0.190 seconds
