[2023-01-23T10:48:33.304+0000] {processor.py:153} INFO - Started process (PID=62) to work on /home/airflow/.local/lib/python3.7/site-packages/airflow/example_dags/example_skip_dag.py
[2023-01-23T10:48:33.312+0000] {processor.py:743} INFO - Processing file /home/airflow/.local/lib/python3.7/site-packages/airflow/example_dags/example_skip_dag.py for tasks to queue
[2023-01-23T10:48:33.316+0000] {logging_mixin.py:137} INFO - [2023-01-23T10:48:33.316+0000] {dagbag.py:538} INFO - Filling up the DagBag from /home/airflow/.local/lib/python3.7/site-packages/airflow/example_dags/example_skip_dag.py
[2023-01-23T10:48:33.398+0000] {processor.py:753} INFO - DAG(s) dict_keys(['example_skip_dag']) retrieved from /home/airflow/.local/lib/python3.7/site-packages/airflow/example_dags/example_skip_dag.py
[2023-01-23T10:48:33.520+0000] {logging_mixin.py:137} INFO - [2023-01-23T10:48:33.519+0000] {dag.py:2676} INFO - Sync 1 DAGs
[2023-01-23T10:48:33.651+0000] {logging_mixin.py:137} INFO - [2023-01-23T10:48:33.651+0000] {dag.py:3427} INFO - Setting next_dagrun for example_skip_dag to 2023-01-22T10:48:33.650362+00:00, run_after=2023-01-23T10:48:33.650362+00:00
[2023-01-23T10:48:33.697+0000] {processor.py:175} INFO - Processing /home/airflow/.local/lib/python3.7/site-packages/airflow/example_dags/example_skip_dag.py took 0.408 seconds
[2023-01-23T10:49:04.147+0000] {processor.py:153} INFO - Started process (PID=124) to work on /home/airflow/.local/lib/python3.7/site-packages/airflow/example_dags/example_skip_dag.py
[2023-01-23T10:49:04.150+0000] {processor.py:743} INFO - Processing file /home/airflow/.local/lib/python3.7/site-packages/airflow/example_dags/example_skip_dag.py for tasks to queue
[2023-01-23T10:49:04.152+0000] {logging_mixin.py:137} INFO - [2023-01-23T10:49:04.152+0000] {dagbag.py:538} INFO - Filling up the DagBag from /home/airflow/.local/lib/python3.7/site-packages/airflow/example_dags/example_skip_dag.py
[2023-01-23T10:49:04.170+0000] {processor.py:753} INFO - DAG(s) dict_keys(['example_skip_dag']) retrieved from /home/airflow/.local/lib/python3.7/site-packages/airflow/example_dags/example_skip_dag.py
[2023-01-23T10:49:04.223+0000] {logging_mixin.py:137} INFO - [2023-01-23T10:49:04.222+0000] {dag.py:2676} INFO - Sync 1 DAGs
[2023-01-23T10:49:04.251+0000] {logging_mixin.py:137} INFO - [2023-01-23T10:49:04.251+0000] {dag.py:3427} INFO - Setting next_dagrun for example_skip_dag to 2023-01-22T10:49:04.251183+00:00, run_after=2023-01-23T10:49:04.251183+00:00
[2023-01-23T10:49:04.271+0000] {processor.py:175} INFO - Processing /home/airflow/.local/lib/python3.7/site-packages/airflow/example_dags/example_skip_dag.py took 0.129 seconds
[2023-01-23T10:49:35.165+0000] {processor.py:153} INFO - Started process (PID=186) to work on /home/airflow/.local/lib/python3.7/site-packages/airflow/example_dags/example_skip_dag.py
[2023-01-23T10:49:35.168+0000] {processor.py:743} INFO - Processing file /home/airflow/.local/lib/python3.7/site-packages/airflow/example_dags/example_skip_dag.py for tasks to queue
[2023-01-23T10:49:35.170+0000] {logging_mixin.py:137} INFO - [2023-01-23T10:49:35.169+0000] {dagbag.py:538} INFO - Filling up the DagBag from /home/airflow/.local/lib/python3.7/site-packages/airflow/example_dags/example_skip_dag.py
[2023-01-23T10:49:35.195+0000] {processor.py:753} INFO - DAG(s) dict_keys(['example_skip_dag']) retrieved from /home/airflow/.local/lib/python3.7/site-packages/airflow/example_dags/example_skip_dag.py
[2023-01-23T10:49:35.264+0000] {logging_mixin.py:137} INFO - [2023-01-23T10:49:35.264+0000] {dag.py:2676} INFO - Sync 1 DAGs
[2023-01-23T10:49:35.308+0000] {logging_mixin.py:137} INFO - [2023-01-23T10:49:35.308+0000] {dag.py:3427} INFO - Setting next_dagrun for example_skip_dag to 2023-01-22T10:49:35.307945+00:00, run_after=2023-01-23T10:49:35.307945+00:00
[2023-01-23T10:49:35.343+0000] {processor.py:175} INFO - Processing /home/airflow/.local/lib/python3.7/site-packages/airflow/example_dags/example_skip_dag.py took 0.182 seconds
[2023-01-23T10:50:14.233+0000] {processor.py:153} INFO - Started process (PID=256) to work on /home/airflow/.local/lib/python3.7/site-packages/airflow/example_dags/example_skip_dag.py
[2023-01-23T10:50:14.241+0000] {processor.py:743} INFO - Processing file /home/airflow/.local/lib/python3.7/site-packages/airflow/example_dags/example_skip_dag.py for tasks to queue
[2023-01-23T10:50:14.248+0000] {logging_mixin.py:137} INFO - [2023-01-23T10:50:14.245+0000] {dagbag.py:538} INFO - Filling up the DagBag from /home/airflow/.local/lib/python3.7/site-packages/airflow/example_dags/example_skip_dag.py
[2023-01-23T10:50:14.420+0000] {processor.py:753} INFO - DAG(s) dict_keys(['example_skip_dag']) retrieved from /home/airflow/.local/lib/python3.7/site-packages/airflow/example_dags/example_skip_dag.py
[2023-01-23T10:50:14.864+0000] {logging_mixin.py:137} INFO - [2023-01-23T10:50:14.861+0000] {dag.py:2676} INFO - Sync 1 DAGs
[2023-01-23T10:50:14.984+0000] {logging_mixin.py:137} INFO - [2023-01-23T10:50:14.983+0000] {dag.py:3427} INFO - Setting next_dagrun for example_skip_dag to 2023-01-22T10:50:14.981150+00:00, run_after=2023-01-23T10:50:14.981150+00:00
[2023-01-23T10:50:15.170+0000] {processor.py:175} INFO - Processing /home/airflow/.local/lib/python3.7/site-packages/airflow/example_dags/example_skip_dag.py took 0.985 seconds
