[2023-01-23T10:48:30.277+0000] {processor.py:153} INFO - Started process (PID=52) to work on /home/airflow/.local/lib/python3.7/site-packages/airflow/example_dags/example_branch_day_of_week_operator.py
[2023-01-23T10:48:30.280+0000] {processor.py:743} INFO - Processing file /home/airflow/.local/lib/python3.7/site-packages/airflow/example_dags/example_branch_day_of_week_operator.py for tasks to queue
[2023-01-23T10:48:30.282+0000] {logging_mixin.py:137} INFO - [2023-01-23T10:48:30.282+0000] {dagbag.py:538} INFO - Filling up the DagBag from /home/airflow/.local/lib/python3.7/site-packages/airflow/example_dags/example_branch_day_of_week_operator.py
[2023-01-23T10:48:30.420+0000] {processor.py:753} INFO - DAG(s) dict_keys(['example_weekday_branch_operator']) retrieved from /home/airflow/.local/lib/python3.7/site-packages/airflow/example_dags/example_branch_day_of_week_operator.py
[2023-01-23T10:48:30.613+0000] {logging_mixin.py:137} INFO - [2023-01-23T10:48:30.613+0000] {dag.py:2676} INFO - Sync 1 DAGs
[2023-01-23T10:48:30.680+0000] {logging_mixin.py:137} INFO - [2023-01-23T10:48:30.680+0000] {dag.py:3427} INFO - Setting next_dagrun for example_weekday_branch_operator to 2023-01-22T00:00:00+00:00, run_after=2023-01-23T00:00:00+00:00
[2023-01-23T10:48:30.757+0000] {processor.py:175} INFO - Processing /home/airflow/.local/lib/python3.7/site-packages/airflow/example_dags/example_branch_day_of_week_operator.py took 0.497 seconds
[2023-01-23T10:49:01.307+0000] {processor.py:153} INFO - Started process (PID=117) to work on /home/airflow/.local/lib/python3.7/site-packages/airflow/example_dags/example_branch_day_of_week_operator.py
[2023-01-23T10:49:01.312+0000] {processor.py:743} INFO - Processing file /home/airflow/.local/lib/python3.7/site-packages/airflow/example_dags/example_branch_day_of_week_operator.py for tasks to queue
[2023-01-23T10:49:01.315+0000] {logging_mixin.py:137} INFO - [2023-01-23T10:49:01.315+0000] {dagbag.py:538} INFO - Filling up the DagBag from /home/airflow/.local/lib/python3.7/site-packages/airflow/example_dags/example_branch_day_of_week_operator.py
[2023-01-23T10:49:01.352+0000] {processor.py:753} INFO - DAG(s) dict_keys(['example_weekday_branch_operator']) retrieved from /home/airflow/.local/lib/python3.7/site-packages/airflow/example_dags/example_branch_day_of_week_operator.py
[2023-01-23T10:49:01.527+0000] {logging_mixin.py:137} INFO - [2023-01-23T10:49:01.526+0000] {dag.py:2676} INFO - Sync 1 DAGs
[2023-01-23T10:49:01.656+0000] {logging_mixin.py:137} INFO - [2023-01-23T10:49:01.656+0000] {dag.py:3427} INFO - Setting next_dagrun for example_weekday_branch_operator to 2023-01-22T00:00:00+00:00, run_after=2023-01-23T00:00:00+00:00
[2023-01-23T10:49:01.752+0000] {processor.py:175} INFO - Processing /home/airflow/.local/lib/python3.7/site-packages/airflow/example_dags/example_branch_day_of_week_operator.py took 0.451 seconds
[2023-01-23T10:49:32.445+0000] {processor.py:153} INFO - Started process (PID=179) to work on /home/airflow/.local/lib/python3.7/site-packages/airflow/example_dags/example_branch_day_of_week_operator.py
[2023-01-23T10:49:32.448+0000] {processor.py:743} INFO - Processing file /home/airflow/.local/lib/python3.7/site-packages/airflow/example_dags/example_branch_day_of_week_operator.py for tasks to queue
[2023-01-23T10:49:32.449+0000] {logging_mixin.py:137} INFO - [2023-01-23T10:49:32.449+0000] {dagbag.py:538} INFO - Filling up the DagBag from /home/airflow/.local/lib/python3.7/site-packages/airflow/example_dags/example_branch_day_of_week_operator.py
[2023-01-23T10:49:32.478+0000] {processor.py:753} INFO - DAG(s) dict_keys(['example_weekday_branch_operator']) retrieved from /home/airflow/.local/lib/python3.7/site-packages/airflow/example_dags/example_branch_day_of_week_operator.py
[2023-01-23T10:49:32.542+0000] {logging_mixin.py:137} INFO - [2023-01-23T10:49:32.542+0000] {dag.py:2676} INFO - Sync 1 DAGs
[2023-01-23T10:49:32.583+0000] {logging_mixin.py:137} INFO - [2023-01-23T10:49:32.583+0000] {dag.py:3427} INFO - Setting next_dagrun for example_weekday_branch_operator to 2023-01-22T00:00:00+00:00, run_after=2023-01-23T00:00:00+00:00
[2023-01-23T10:49:32.609+0000] {processor.py:175} INFO - Processing /home/airflow/.local/lib/python3.7/site-packages/airflow/example_dags/example_branch_day_of_week_operator.py took 0.172 seconds
[2023-01-23T10:50:10.086+0000] {processor.py:153} INFO - Started process (PID=241) to work on /home/airflow/.local/lib/python3.7/site-packages/airflow/example_dags/example_branch_day_of_week_operator.py
[2023-01-23T10:50:10.115+0000] {processor.py:743} INFO - Processing file /home/airflow/.local/lib/python3.7/site-packages/airflow/example_dags/example_branch_day_of_week_operator.py for tasks to queue
[2023-01-23T10:50:10.124+0000] {logging_mixin.py:137} INFO - [2023-01-23T10:50:10.124+0000] {dagbag.py:538} INFO - Filling up the DagBag from /home/airflow/.local/lib/python3.7/site-packages/airflow/example_dags/example_branch_day_of_week_operator.py
[2023-01-23T10:50:10.505+0000] {processor.py:753} INFO - DAG(s) dict_keys(['example_weekday_branch_operator']) retrieved from /home/airflow/.local/lib/python3.7/site-packages/airflow/example_dags/example_branch_day_of_week_operator.py
[2023-01-23T10:50:10.851+0000] {logging_mixin.py:137} INFO - [2023-01-23T10:50:10.846+0000] {dag.py:2676} INFO - Sync 1 DAGs
[2023-01-23T10:50:11.060+0000] {logging_mixin.py:137} INFO - [2023-01-23T10:50:11.060+0000] {dag.py:3427} INFO - Setting next_dagrun for example_weekday_branch_operator to 2023-01-22T00:00:00+00:00, run_after=2023-01-23T00:00:00+00:00
[2023-01-23T10:50:11.177+0000] {processor.py:175} INFO - Processing /home/airflow/.local/lib/python3.7/site-packages/airflow/example_dags/example_branch_day_of_week_operator.py took 1.171 seconds
