[2023-01-23T10:48:35.587+0000] {processor.py:153} INFO - Started process (PID=69) to work on /home/airflow/.local/lib/python3.7/site-packages/airflow/example_dags/example_complex.py
[2023-01-23T10:48:35.597+0000] {processor.py:743} INFO - Processing file /home/airflow/.local/lib/python3.7/site-packages/airflow/example_dags/example_complex.py for tasks to queue
[2023-01-23T10:48:35.626+0000] {logging_mixin.py:137} INFO - [2023-01-23T10:48:35.624+0000] {dagbag.py:538} INFO - Filling up the DagBag from /home/airflow/.local/lib/python3.7/site-packages/airflow/example_dags/example_complex.py
[2023-01-23T10:48:35.659+0000] {logging_mixin.py:137} INFO - [2023-01-23T10:48:35.659+0000] {taskmixin.py:205} WARNING - Dependency <Task(BashOperator): create_entry_group>, delete_entry_group already registered for DAG: example_complex
[2023-01-23T10:48:35.661+0000] {logging_mixin.py:137} INFO - [2023-01-23T10:48:35.661+0000] {taskmixin.py:205} WARNING - Dependency <Task(BashOperator): delete_entry_group>, create_entry_group already registered for DAG: example_complex
[2023-01-23T10:48:35.663+0000] {logging_mixin.py:137} INFO - [2023-01-23T10:48:35.662+0000] {taskmixin.py:205} WARNING - Dependency <Task(BashOperator): create_entry_gcs>, delete_entry already registered for DAG: example_complex
[2023-01-23T10:48:35.664+0000] {logging_mixin.py:137} INFO - [2023-01-23T10:48:35.664+0000] {taskmixin.py:205} WARNING - Dependency <Task(BashOperator): delete_entry>, create_entry_gcs already registered for DAG: example_complex
[2023-01-23T10:48:35.666+0000] {logging_mixin.py:137} INFO - [2023-01-23T10:48:35.666+0000] {taskmixin.py:205} WARNING - Dependency <Task(BashOperator): create_tag>, delete_tag already registered for DAG: example_complex
[2023-01-23T10:48:35.667+0000] {logging_mixin.py:137} INFO - [2023-01-23T10:48:35.667+0000] {taskmixin.py:205} WARNING - Dependency <Task(BashOperator): delete_tag>, create_tag already registered for DAG: example_complex
[2023-01-23T10:48:35.682+0000] {processor.py:753} INFO - DAG(s) dict_keys(['example_complex']) retrieved from /home/airflow/.local/lib/python3.7/site-packages/airflow/example_dags/example_complex.py
[2023-01-23T10:48:35.771+0000] {logging_mixin.py:137} INFO - [2023-01-23T10:48:35.771+0000] {dag.py:2676} INFO - Sync 1 DAGs
[2023-01-23T10:48:35.806+0000] {logging_mixin.py:137} INFO - [2023-01-23T10:48:35.806+0000] {dag.py:3427} INFO - Setting next_dagrun for example_complex to None, run_after=None
[2023-01-23T10:48:35.834+0000] {processor.py:175} INFO - Processing /home/airflow/.local/lib/python3.7/site-packages/airflow/example_dags/example_complex.py took 0.262 seconds
[2023-01-23T10:49:06.556+0000] {processor.py:153} INFO - Started process (PID=131) to work on /home/airflow/.local/lib/python3.7/site-packages/airflow/example_dags/example_complex.py
[2023-01-23T10:49:06.558+0000] {processor.py:743} INFO - Processing file /home/airflow/.local/lib/python3.7/site-packages/airflow/example_dags/example_complex.py for tasks to queue
[2023-01-23T10:49:06.559+0000] {logging_mixin.py:137} INFO - [2023-01-23T10:49:06.559+0000] {dagbag.py:538} INFO - Filling up the DagBag from /home/airflow/.local/lib/python3.7/site-packages/airflow/example_dags/example_complex.py
[2023-01-23T10:49:06.571+0000] {logging_mixin.py:137} INFO - [2023-01-23T10:49:06.571+0000] {taskmixin.py:205} WARNING - Dependency <Task(BashOperator): create_entry_group>, delete_entry_group already registered for DAG: example_complex
[2023-01-23T10:49:06.572+0000] {logging_mixin.py:137} INFO - [2023-01-23T10:49:06.571+0000] {taskmixin.py:205} WARNING - Dependency <Task(BashOperator): delete_entry_group>, create_entry_group already registered for DAG: example_complex
[2023-01-23T10:49:06.572+0000] {logging_mixin.py:137} INFO - [2023-01-23T10:49:06.572+0000] {taskmixin.py:205} WARNING - Dependency <Task(BashOperator): create_entry_gcs>, delete_entry already registered for DAG: example_complex
[2023-01-23T10:49:06.573+0000] {logging_mixin.py:137} INFO - [2023-01-23T10:49:06.573+0000] {taskmixin.py:205} WARNING - Dependency <Task(BashOperator): delete_entry>, create_entry_gcs already registered for DAG: example_complex
[2023-01-23T10:49:06.574+0000] {logging_mixin.py:137} INFO - [2023-01-23T10:49:06.574+0000] {taskmixin.py:205} WARNING - Dependency <Task(BashOperator): create_tag>, delete_tag already registered for DAG: example_complex
[2023-01-23T10:49:06.575+0000] {logging_mixin.py:137} INFO - [2023-01-23T10:49:06.575+0000] {taskmixin.py:205} WARNING - Dependency <Task(BashOperator): delete_tag>, create_tag already registered for DAG: example_complex
[2023-01-23T10:49:06.583+0000] {processor.py:753} INFO - DAG(s) dict_keys(['example_complex']) retrieved from /home/airflow/.local/lib/python3.7/site-packages/airflow/example_dags/example_complex.py
[2023-01-23T10:49:06.625+0000] {logging_mixin.py:137} INFO - [2023-01-23T10:49:06.625+0000] {dag.py:2676} INFO - Sync 1 DAGs
[2023-01-23T10:49:06.658+0000] {logging_mixin.py:137} INFO - [2023-01-23T10:49:06.658+0000] {dag.py:3427} INFO - Setting next_dagrun for example_complex to None, run_after=None
[2023-01-23T10:49:06.679+0000] {processor.py:175} INFO - Processing /home/airflow/.local/lib/python3.7/site-packages/airflow/example_dags/example_complex.py took 0.127 seconds
[2023-01-23T10:49:37.023+0000] {processor.py:153} INFO - Started process (PID=193) to work on /home/airflow/.local/lib/python3.7/site-packages/airflow/example_dags/example_complex.py
[2023-01-23T10:49:37.025+0000] {processor.py:743} INFO - Processing file /home/airflow/.local/lib/python3.7/site-packages/airflow/example_dags/example_complex.py for tasks to queue
[2023-01-23T10:49:37.026+0000] {logging_mixin.py:137} INFO - [2023-01-23T10:49:37.026+0000] {dagbag.py:538} INFO - Filling up the DagBag from /home/airflow/.local/lib/python3.7/site-packages/airflow/example_dags/example_complex.py
[2023-01-23T10:49:37.039+0000] {logging_mixin.py:137} INFO - [2023-01-23T10:49:37.039+0000] {taskmixin.py:205} WARNING - Dependency <Task(BashOperator): create_entry_group>, delete_entry_group already registered for DAG: example_complex
[2023-01-23T10:49:37.040+0000] {logging_mixin.py:137} INFO - [2023-01-23T10:49:37.040+0000] {taskmixin.py:205} WARNING - Dependency <Task(BashOperator): delete_entry_group>, create_entry_group already registered for DAG: example_complex
[2023-01-23T10:49:37.041+0000] {logging_mixin.py:137} INFO - [2023-01-23T10:49:37.041+0000] {taskmixin.py:205} WARNING - Dependency <Task(BashOperator): create_entry_gcs>, delete_entry already registered for DAG: example_complex
[2023-01-23T10:49:37.042+0000] {logging_mixin.py:137} INFO - [2023-01-23T10:49:37.042+0000] {taskmixin.py:205} WARNING - Dependency <Task(BashOperator): delete_entry>, create_entry_gcs already registered for DAG: example_complex
[2023-01-23T10:49:37.043+0000] {logging_mixin.py:137} INFO - [2023-01-23T10:49:37.043+0000] {taskmixin.py:205} WARNING - Dependency <Task(BashOperator): create_tag>, delete_tag already registered for DAG: example_complex
[2023-01-23T10:49:37.044+0000] {logging_mixin.py:137} INFO - [2023-01-23T10:49:37.044+0000] {taskmixin.py:205} WARNING - Dependency <Task(BashOperator): delete_tag>, create_tag already registered for DAG: example_complex
[2023-01-23T10:49:37.053+0000] {processor.py:753} INFO - DAG(s) dict_keys(['example_complex']) retrieved from /home/airflow/.local/lib/python3.7/site-packages/airflow/example_dags/example_complex.py
[2023-01-23T10:49:37.108+0000] {logging_mixin.py:137} INFO - [2023-01-23T10:49:37.108+0000] {dag.py:2676} INFO - Sync 1 DAGs
[2023-01-23T10:49:37.131+0000] {logging_mixin.py:137} INFO - [2023-01-23T10:49:37.131+0000] {dag.py:3427} INFO - Setting next_dagrun for example_complex to None, run_after=None
[2023-01-23T10:49:37.148+0000] {processor.py:175} INFO - Processing /home/airflow/.local/lib/python3.7/site-packages/airflow/example_dags/example_complex.py took 0.129 seconds
[2023-01-23T10:50:18.332+0000] {processor.py:153} INFO - Started process (PID=263) to work on /home/airflow/.local/lib/python3.7/site-packages/airflow/example_dags/example_complex.py
[2023-01-23T10:50:18.354+0000] {processor.py:743} INFO - Processing file /home/airflow/.local/lib/python3.7/site-packages/airflow/example_dags/example_complex.py for tasks to queue
[2023-01-23T10:50:18.363+0000] {logging_mixin.py:137} INFO - [2023-01-23T10:50:18.363+0000] {dagbag.py:538} INFO - Filling up the DagBag from /home/airflow/.local/lib/python3.7/site-packages/airflow/example_dags/example_complex.py
[2023-01-23T10:50:18.518+0000] {logging_mixin.py:137} INFO - [2023-01-23T10:50:18.518+0000] {taskmixin.py:205} WARNING - Dependency <Task(BashOperator): create_entry_group>, delete_entry_group already registered for DAG: example_complex
[2023-01-23T10:50:18.520+0000] {logging_mixin.py:137} INFO - [2023-01-23T10:50:18.520+0000] {taskmixin.py:205} WARNING - Dependency <Task(BashOperator): delete_entry_group>, create_entry_group already registered for DAG: example_complex
[2023-01-23T10:50:18.521+0000] {logging_mixin.py:137} INFO - [2023-01-23T10:50:18.521+0000] {taskmixin.py:205} WARNING - Dependency <Task(BashOperator): create_entry_gcs>, delete_entry already registered for DAG: example_complex
[2023-01-23T10:50:18.523+0000] {logging_mixin.py:137} INFO - [2023-01-23T10:50:18.522+0000] {taskmixin.py:205} WARNING - Dependency <Task(BashOperator): delete_entry>, create_entry_gcs already registered for DAG: example_complex
[2023-01-23T10:50:18.525+0000] {logging_mixin.py:137} INFO - [2023-01-23T10:50:18.525+0000] {taskmixin.py:205} WARNING - Dependency <Task(BashOperator): create_tag>, delete_tag already registered for DAG: example_complex
[2023-01-23T10:50:18.531+0000] {logging_mixin.py:137} INFO - [2023-01-23T10:50:18.527+0000] {taskmixin.py:205} WARNING - Dependency <Task(BashOperator): delete_tag>, create_tag already registered for DAG: example_complex
[2023-01-23T10:50:18.595+0000] {processor.py:753} INFO - DAG(s) dict_keys(['example_complex']) retrieved from /home/airflow/.local/lib/python3.7/site-packages/airflow/example_dags/example_complex.py
[2023-01-23T10:50:19.853+0000] {logging_mixin.py:137} INFO - [2023-01-23T10:50:19.841+0000] {dag.py:2676} INFO - Sync 1 DAGs
[2023-01-23T10:50:20.144+0000] {logging_mixin.py:137} INFO - [2023-01-23T10:50:20.144+0000] {dag.py:3427} INFO - Setting next_dagrun for example_complex to None, run_after=None
[2023-01-23T10:50:20.320+0000] {processor.py:175} INFO - Processing /home/airflow/.local/lib/python3.7/site-packages/airflow/example_dags/example_complex.py took 2.003 seconds
