[2023-01-23T10:48:31.937+0000] {processor.py:153} INFO - Started process (PID=56) to work on /home/airflow/.local/lib/python3.7/site-packages/airflow/example_dags/example_short_circuit_operator.py
[2023-01-23T10:48:31.958+0000] {processor.py:743} INFO - Processing file /home/airflow/.local/lib/python3.7/site-packages/airflow/example_dags/example_short_circuit_operator.py for tasks to queue
[2023-01-23T10:48:32.041+0000] {logging_mixin.py:137} INFO - [2023-01-23T10:48:31.968+0000] {dagbag.py:538} INFO - Filling up the DagBag from /home/airflow/.local/lib/python3.7/site-packages/airflow/example_dags/example_short_circuit_operator.py
[2023-01-23T10:48:32.213+0000] {processor.py:753} INFO - DAG(s) dict_keys(['example_short_circuit_operator']) retrieved from /home/airflow/.local/lib/python3.7/site-packages/airflow/example_dags/example_short_circuit_operator.py
[2023-01-23T10:48:32.632+0000] {logging_mixin.py:137} INFO - [2023-01-23T10:48:32.632+0000] {dag.py:2676} INFO - Sync 1 DAGs
[2023-01-23T10:48:32.738+0000] {logging_mixin.py:137} INFO - [2023-01-23T10:48:32.738+0000] {dag.py:3427} INFO - Setting next_dagrun for example_short_circuit_operator to 2023-01-22T10:48:32.737718+00:00, run_after=2023-01-23T10:48:32.737718+00:00
[2023-01-23T10:48:32.780+0000] {processor.py:175} INFO - Processing /home/airflow/.local/lib/python3.7/site-packages/airflow/example_dags/example_short_circuit_operator.py took 0.860 seconds
[2023-01-23T10:49:02.953+0000] {processor.py:153} INFO - Started process (PID=121) to work on /home/airflow/.local/lib/python3.7/site-packages/airflow/example_dags/example_short_circuit_operator.py
[2023-01-23T10:49:02.955+0000] {processor.py:743} INFO - Processing file /home/airflow/.local/lib/python3.7/site-packages/airflow/example_dags/example_short_circuit_operator.py for tasks to queue
[2023-01-23T10:49:02.956+0000] {logging_mixin.py:137} INFO - [2023-01-23T10:49:02.956+0000] {dagbag.py:538} INFO - Filling up the DagBag from /home/airflow/.local/lib/python3.7/site-packages/airflow/example_dags/example_short_circuit_operator.py
[2023-01-23T10:49:02.973+0000] {processor.py:753} INFO - DAG(s) dict_keys(['example_short_circuit_operator']) retrieved from /home/airflow/.local/lib/python3.7/site-packages/airflow/example_dags/example_short_circuit_operator.py
[2023-01-23T10:49:03.017+0000] {logging_mixin.py:137} INFO - [2023-01-23T10:49:03.017+0000] {dag.py:2676} INFO - Sync 1 DAGs
[2023-01-23T10:49:03.040+0000] {logging_mixin.py:137} INFO - [2023-01-23T10:49:03.040+0000] {dag.py:3427} INFO - Setting next_dagrun for example_short_circuit_operator to 2023-01-22T10:49:03.040123+00:00, run_after=2023-01-23T10:49:03.040123+00:00
[2023-01-23T10:49:03.058+0000] {processor.py:175} INFO - Processing /home/airflow/.local/lib/python3.7/site-packages/airflow/example_dags/example_short_circuit_operator.py took 0.109 seconds
[2023-01-23T10:49:33.856+0000] {processor.py:153} INFO - Started process (PID=183) to work on /home/airflow/.local/lib/python3.7/site-packages/airflow/example_dags/example_short_circuit_operator.py
[2023-01-23T10:49:33.858+0000] {processor.py:743} INFO - Processing file /home/airflow/.local/lib/python3.7/site-packages/airflow/example_dags/example_short_circuit_operator.py for tasks to queue
[2023-01-23T10:49:33.860+0000] {logging_mixin.py:137} INFO - [2023-01-23T10:49:33.860+0000] {dagbag.py:538} INFO - Filling up the DagBag from /home/airflow/.local/lib/python3.7/site-packages/airflow/example_dags/example_short_circuit_operator.py
[2023-01-23T10:49:33.881+0000] {processor.py:753} INFO - DAG(s) dict_keys(['example_short_circuit_operator']) retrieved from /home/airflow/.local/lib/python3.7/site-packages/airflow/example_dags/example_short_circuit_operator.py
[2023-01-23T10:49:33.941+0000] {logging_mixin.py:137} INFO - [2023-01-23T10:49:33.941+0000] {dag.py:2676} INFO - Sync 1 DAGs
[2023-01-23T10:49:33.974+0000] {logging_mixin.py:137} INFO - [2023-01-23T10:49:33.973+0000] {dag.py:3427} INFO - Setting next_dagrun for example_short_circuit_operator to 2023-01-22T10:49:33.973340+00:00, run_after=2023-01-23T10:49:33.973340+00:00
[2023-01-23T10:49:33.996+0000] {processor.py:175} INFO - Processing /home/airflow/.local/lib/python3.7/site-packages/airflow/example_dags/example_short_circuit_operator.py took 0.145 seconds
[2023-01-23T10:50:12.140+0000] {processor.py:153} INFO - Started process (PID=245) to work on /home/airflow/.local/lib/python3.7/site-packages/airflow/example_dags/example_short_circuit_operator.py
[2023-01-23T10:50:12.153+0000] {processor.py:743} INFO - Processing file /home/airflow/.local/lib/python3.7/site-packages/airflow/example_dags/example_short_circuit_operator.py for tasks to queue
[2023-01-23T10:50:12.166+0000] {logging_mixin.py:137} INFO - [2023-01-23T10:50:12.164+0000] {dagbag.py:538} INFO - Filling up the DagBag from /home/airflow/.local/lib/python3.7/site-packages/airflow/example_dags/example_short_circuit_operator.py
[2023-01-23T10:50:12.362+0000] {processor.py:753} INFO - DAG(s) dict_keys(['example_short_circuit_operator']) retrieved from /home/airflow/.local/lib/python3.7/site-packages/airflow/example_dags/example_short_circuit_operator.py
[2023-01-23T10:50:12.650+0000] {logging_mixin.py:137} INFO - [2023-01-23T10:50:12.649+0000] {dag.py:2676} INFO - Sync 1 DAGs
[2023-01-23T10:50:12.813+0000] {logging_mixin.py:137} INFO - [2023-01-23T10:50:12.812+0000] {dag.py:3427} INFO - Setting next_dagrun for example_short_circuit_operator to 2023-01-22T10:50:12.811259+00:00, run_after=2023-01-23T10:50:12.811259+00:00
[2023-01-23T10:50:12.921+0000] {processor.py:175} INFO - Processing /home/airflow/.local/lib/python3.7/site-packages/airflow/example_dags/example_short_circuit_operator.py took 0.796 seconds
