[2023-01-23T10:48:30.879+0000] {processor.py:153} INFO - Started process (PID=54) to work on /home/airflow/.local/lib/python3.7/site-packages/airflow/example_dags/example_branch_labels.py
[2023-01-23T10:48:30.882+0000] {processor.py:743} INFO - Processing file /home/airflow/.local/lib/python3.7/site-packages/airflow/example_dags/example_branch_labels.py for tasks to queue
[2023-01-23T10:48:30.883+0000] {logging_mixin.py:137} INFO - [2023-01-23T10:48:30.883+0000] {dagbag.py:538} INFO - Filling up the DagBag from /home/airflow/.local/lib/python3.7/site-packages/airflow/example_dags/example_branch_labels.py
[2023-01-23T10:48:31.096+0000] {processor.py:753} INFO - DAG(s) dict_keys(['example_branch_labels']) retrieved from /home/airflow/.local/lib/python3.7/site-packages/airflow/example_dags/example_branch_labels.py
[2023-01-23T10:48:31.401+0000] {logging_mixin.py:137} INFO - [2023-01-23T10:48:31.400+0000] {dag.py:2676} INFO - Sync 1 DAGs
[2023-01-23T10:48:31.540+0000] {logging_mixin.py:137} INFO - [2023-01-23T10:48:31.540+0000] {dag.py:3427} INFO - Setting next_dagrun for example_branch_labels to 2023-01-22T00:00:00+00:00, run_after=2023-01-23T00:00:00+00:00
[2023-01-23T10:48:31.654+0000] {processor.py:175} INFO - Processing /home/airflow/.local/lib/python3.7/site-packages/airflow/example_dags/example_branch_labels.py took 0.796 seconds
[2023-01-23T10:49:01.978+0000] {processor.py:153} INFO - Started process (PID=119) to work on /home/airflow/.local/lib/python3.7/site-packages/airflow/example_dags/example_branch_labels.py
[2023-01-23T10:49:01.982+0000] {processor.py:743} INFO - Processing file /home/airflow/.local/lib/python3.7/site-packages/airflow/example_dags/example_branch_labels.py for tasks to queue
[2023-01-23T10:49:01.985+0000] {logging_mixin.py:137} INFO - [2023-01-23T10:49:01.985+0000] {dagbag.py:538} INFO - Filling up the DagBag from /home/airflow/.local/lib/python3.7/site-packages/airflow/example_dags/example_branch_labels.py
[2023-01-23T10:49:02.038+0000] {processor.py:753} INFO - DAG(s) dict_keys(['example_branch_labels']) retrieved from /home/airflow/.local/lib/python3.7/site-packages/airflow/example_dags/example_branch_labels.py
[2023-01-23T10:49:02.156+0000] {logging_mixin.py:137} INFO - [2023-01-23T10:49:02.156+0000] {dag.py:2676} INFO - Sync 1 DAGs
[2023-01-23T10:49:02.249+0000] {logging_mixin.py:137} INFO - [2023-01-23T10:49:02.248+0000] {dag.py:3427} INFO - Setting next_dagrun for example_branch_labels to 2023-01-22T00:00:00+00:00, run_after=2023-01-23T00:00:00+00:00
[2023-01-23T10:49:02.304+0000] {processor.py:175} INFO - Processing /home/airflow/.local/lib/python3.7/site-packages/airflow/example_dags/example_branch_labels.py took 0.336 seconds
[2023-01-23T10:49:32.671+0000] {processor.py:153} INFO - Started process (PID=181) to work on /home/airflow/.local/lib/python3.7/site-packages/airflow/example_dags/example_branch_labels.py
[2023-01-23T10:49:32.673+0000] {processor.py:743} INFO - Processing file /home/airflow/.local/lib/python3.7/site-packages/airflow/example_dags/example_branch_labels.py for tasks to queue
[2023-01-23T10:49:32.674+0000] {logging_mixin.py:137} INFO - [2023-01-23T10:49:32.674+0000] {dagbag.py:538} INFO - Filling up the DagBag from /home/airflow/.local/lib/python3.7/site-packages/airflow/example_dags/example_branch_labels.py
[2023-01-23T10:49:32.693+0000] {processor.py:753} INFO - DAG(s) dict_keys(['example_branch_labels']) retrieved from /home/airflow/.local/lib/python3.7/site-packages/airflow/example_dags/example_branch_labels.py
[2023-01-23T10:49:32.749+0000] {logging_mixin.py:137} INFO - [2023-01-23T10:49:32.749+0000] {dag.py:2676} INFO - Sync 1 DAGs
[2023-01-23T10:49:32.778+0000] {logging_mixin.py:137} INFO - [2023-01-23T10:49:32.778+0000] {dag.py:3427} INFO - Setting next_dagrun for example_branch_labels to 2023-01-22T00:00:00+00:00, run_after=2023-01-23T00:00:00+00:00
[2023-01-23T10:49:32.804+0000] {processor.py:175} INFO - Processing /home/airflow/.local/lib/python3.7/site-packages/airflow/example_dags/example_branch_labels.py took 0.137 seconds
[2023-01-23T10:50:11.356+0000] {processor.py:153} INFO - Started process (PID=243) to work on /home/airflow/.local/lib/python3.7/site-packages/airflow/example_dags/example_branch_labels.py
[2023-01-23T10:50:11.364+0000] {processor.py:743} INFO - Processing file /home/airflow/.local/lib/python3.7/site-packages/airflow/example_dags/example_branch_labels.py for tasks to queue
[2023-01-23T10:50:11.368+0000] {logging_mixin.py:137} INFO - [2023-01-23T10:50:11.367+0000] {dagbag.py:538} INFO - Filling up the DagBag from /home/airflow/.local/lib/python3.7/site-packages/airflow/example_dags/example_branch_labels.py
[2023-01-23T10:50:11.487+0000] {processor.py:753} INFO - DAG(s) dict_keys(['example_branch_labels']) retrieved from /home/airflow/.local/lib/python3.7/site-packages/airflow/example_dags/example_branch_labels.py
[2023-01-23T10:50:11.727+0000] {logging_mixin.py:137} INFO - [2023-01-23T10:50:11.727+0000] {dag.py:2676} INFO - Sync 1 DAGs
[2023-01-23T10:50:11.866+0000] {logging_mixin.py:137} INFO - [2023-01-23T10:50:11.865+0000] {dag.py:3427} INFO - Setting next_dagrun for example_branch_labels to 2023-01-22T00:00:00+00:00, run_after=2023-01-23T00:00:00+00:00
[2023-01-23T10:50:11.959+0000] {processor.py:175} INFO - Processing /home/airflow/.local/lib/python3.7/site-packages/airflow/example_dags/example_branch_labels.py took 0.617 seconds
