[2023-01-23T10:48:33.487+0000] {processor.py:153} INFO - Started process (PID=63) to work on /home/airflow/.local/lib/python3.7/site-packages/airflow/example_dags/example_external_task_marker_dag.py
[2023-01-23T10:48:33.498+0000] {processor.py:743} INFO - Processing file /home/airflow/.local/lib/python3.7/site-packages/airflow/example_dags/example_external_task_marker_dag.py for tasks to queue
[2023-01-23T10:48:33.501+0000] {logging_mixin.py:137} INFO - [2023-01-23T10:48:33.500+0000] {dagbag.py:538} INFO - Filling up the DagBag from /home/airflow/.local/lib/python3.7/site-packages/airflow/example_dags/example_external_task_marker_dag.py
[2023-01-23T10:48:33.598+0000] {processor.py:753} INFO - DAG(s) dict_keys(['example_external_task_marker_child', 'example_external_task_marker_parent']) retrieved from /home/airflow/.local/lib/python3.7/site-packages/airflow/example_dags/example_external_task_marker_dag.py
[2023-01-23T10:48:33.869+0000] {logging_mixin.py:137} INFO - [2023-01-23T10:48:33.868+0000] {dag.py:2676} INFO - Sync 2 DAGs
[2023-01-23T10:48:34.220+0000] {logging_mixin.py:137} INFO - [2023-01-23T10:48:34.219+0000] {dag.py:3427} INFO - Setting next_dagrun for example_external_task_marker_child to None, run_after=None
[2023-01-23T10:48:34.240+0000] {logging_mixin.py:137} INFO - [2023-01-23T10:48:34.240+0000] {dag.py:3427} INFO - Setting next_dagrun for example_external_task_marker_parent to None, run_after=None
[2023-01-23T10:48:34.376+0000] {processor.py:175} INFO - Processing /home/airflow/.local/lib/python3.7/site-packages/airflow/example_dags/example_external_task_marker_dag.py took 0.908 seconds
[2023-01-23T10:49:05.179+0000] {processor.py:153} INFO - Started process (PID=125) to work on /home/airflow/.local/lib/python3.7/site-packages/airflow/example_dags/example_external_task_marker_dag.py
[2023-01-23T10:49:05.181+0000] {processor.py:743} INFO - Processing file /home/airflow/.local/lib/python3.7/site-packages/airflow/example_dags/example_external_task_marker_dag.py for tasks to queue
[2023-01-23T10:49:05.183+0000] {logging_mixin.py:137} INFO - [2023-01-23T10:49:05.183+0000] {dagbag.py:538} INFO - Filling up the DagBag from /home/airflow/.local/lib/python3.7/site-packages/airflow/example_dags/example_external_task_marker_dag.py
[2023-01-23T10:49:05.202+0000] {processor.py:753} INFO - DAG(s) dict_keys(['example_external_task_marker_parent', 'example_external_task_marker_child']) retrieved from /home/airflow/.local/lib/python3.7/site-packages/airflow/example_dags/example_external_task_marker_dag.py
[2023-01-23T10:49:05.255+0000] {logging_mixin.py:137} INFO - [2023-01-23T10:49:05.255+0000] {dag.py:2676} INFO - Sync 2 DAGs
[2023-01-23T10:49:05.279+0000] {logging_mixin.py:137} INFO - [2023-01-23T10:49:05.279+0000] {dag.py:3427} INFO - Setting next_dagrun for example_external_task_marker_child to None, run_after=None
[2023-01-23T10:49:05.283+0000] {logging_mixin.py:137} INFO - [2023-01-23T10:49:05.283+0000] {dag.py:3427} INFO - Setting next_dagrun for example_external_task_marker_parent to None, run_after=None
[2023-01-23T10:49:05.343+0000] {processor.py:175} INFO - Processing /home/airflow/.local/lib/python3.7/site-packages/airflow/example_dags/example_external_task_marker_dag.py took 0.169 seconds
[2023-01-23T10:49:35.388+0000] {processor.py:153} INFO - Started process (PID=187) to work on /home/airflow/.local/lib/python3.7/site-packages/airflow/example_dags/example_external_task_marker_dag.py
[2023-01-23T10:49:35.392+0000] {processor.py:743} INFO - Processing file /home/airflow/.local/lib/python3.7/site-packages/airflow/example_dags/example_external_task_marker_dag.py for tasks to queue
[2023-01-23T10:49:35.394+0000] {logging_mixin.py:137} INFO - [2023-01-23T10:49:35.394+0000] {dagbag.py:538} INFO - Filling up the DagBag from /home/airflow/.local/lib/python3.7/site-packages/airflow/example_dags/example_external_task_marker_dag.py
[2023-01-23T10:49:35.420+0000] {processor.py:753} INFO - DAG(s) dict_keys(['example_external_task_marker_child', 'example_external_task_marker_parent']) retrieved from /home/airflow/.local/lib/python3.7/site-packages/airflow/example_dags/example_external_task_marker_dag.py
[2023-01-23T10:49:35.496+0000] {logging_mixin.py:137} INFO - [2023-01-23T10:49:35.496+0000] {dag.py:2676} INFO - Sync 2 DAGs
[2023-01-23T10:49:35.537+0000] {logging_mixin.py:137} INFO - [2023-01-23T10:49:35.537+0000] {dag.py:3427} INFO - Setting next_dagrun for example_external_task_marker_child to None, run_after=None
[2023-01-23T10:49:35.545+0000] {logging_mixin.py:137} INFO - [2023-01-23T10:49:35.544+0000] {dag.py:3427} INFO - Setting next_dagrun for example_external_task_marker_parent to None, run_after=None
[2023-01-23T10:49:35.593+0000] {processor.py:175} INFO - Processing /home/airflow/.local/lib/python3.7/site-packages/airflow/example_dags/example_external_task_marker_dag.py took 0.210 seconds
[2023-01-23T10:50:14.241+0000] {processor.py:153} INFO - Started process (PID=257) to work on /home/airflow/.local/lib/python3.7/site-packages/airflow/example_dags/example_external_task_marker_dag.py
[2023-01-23T10:50:14.248+0000] {processor.py:743} INFO - Processing file /home/airflow/.local/lib/python3.7/site-packages/airflow/example_dags/example_external_task_marker_dag.py for tasks to queue
[2023-01-23T10:50:14.252+0000] {logging_mixin.py:137} INFO - [2023-01-23T10:50:14.251+0000] {dagbag.py:538} INFO - Filling up the DagBag from /home/airflow/.local/lib/python3.7/site-packages/airflow/example_dags/example_external_task_marker_dag.py
[2023-01-23T10:50:14.442+0000] {processor.py:753} INFO - DAG(s) dict_keys(['example_external_task_marker_child', 'example_external_task_marker_parent']) retrieved from /home/airflow/.local/lib/python3.7/site-packages/airflow/example_dags/example_external_task_marker_dag.py
[2023-01-23T10:50:14.896+0000] {logging_mixin.py:137} INFO - [2023-01-23T10:50:14.895+0000] {dag.py:2676} INFO - Sync 2 DAGs
[2023-01-23T10:50:15.086+0000] {logging_mixin.py:137} INFO - [2023-01-23T10:50:15.086+0000] {dag.py:3427} INFO - Setting next_dagrun for example_external_task_marker_child to None, run_after=None
[2023-01-23T10:50:15.140+0000] {logging_mixin.py:137} INFO - [2023-01-23T10:50:15.140+0000] {dag.py:3427} INFO - Setting next_dagrun for example_external_task_marker_parent to None, run_after=None
[2023-01-23T10:50:15.362+0000] {processor.py:175} INFO - Processing /home/airflow/.local/lib/python3.7/site-packages/airflow/example_dags/example_external_task_marker_dag.py took 1.144 seconds
