[2023-01-23T10:48:28.725+0000] {processor.py:153} INFO - Started process (PID=48) to work on /home/airflow/.local/lib/python3.7/site-packages/airflow/example_dags/example_python_operator.py
[2023-01-23T10:48:28.731+0000] {processor.py:743} INFO - Processing file /home/airflow/.local/lib/python3.7/site-packages/airflow/example_dags/example_python_operator.py for tasks to queue
[2023-01-23T10:48:28.734+0000] {logging_mixin.py:137} INFO - [2023-01-23T10:48:28.733+0000] {dagbag.py:538} INFO - Filling up the DagBag from /home/airflow/.local/lib/python3.7/site-packages/airflow/example_dags/example_python_operator.py
[2023-01-23T10:48:28.817+0000] {logging_mixin.py:137} INFO - [2023-01-23T10:48:28.817+0000] {taskmixin.py:205} WARNING - Dependency <Task(_PythonDecoratedOperator): print_the_context>, log_sql_query already registered for DAG: example_python_operator
[2023-01-23T10:48:28.819+0000] {logging_mixin.py:137} INFO - [2023-01-23T10:48:28.819+0000] {taskmixin.py:205} WARNING - Dependency <Task(_PythonDecoratedOperator): log_sql_query>, print_the_context already registered for DAG: example_python_operator
[2023-01-23T10:48:28.822+0000] {logging_mixin.py:137} INFO - [2023-01-23T10:48:28.821+0000] {taskmixin.py:205} WARNING - Dependency <Task(_PythonDecoratedOperator): print_the_context>, log_sql_query already registered for DAG: example_python_operator
[2023-01-23T10:48:28.823+0000] {logging_mixin.py:137} INFO - [2023-01-23T10:48:28.822+0000] {taskmixin.py:205} WARNING - Dependency <Task(_PythonDecoratedOperator): log_sql_query>, print_the_context already registered for DAG: example_python_operator
[2023-01-23T10:48:28.825+0000] {logging_mixin.py:137} INFO - [2023-01-23T10:48:28.824+0000] {taskmixin.py:205} WARNING - Dependency <Task(_PythonDecoratedOperator): print_the_context>, log_sql_query already registered for DAG: example_python_operator
[2023-01-23T10:48:28.826+0000] {logging_mixin.py:137} INFO - [2023-01-23T10:48:28.825+0000] {taskmixin.py:205} WARNING - Dependency <Task(_PythonDecoratedOperator): log_sql_query>, print_the_context already registered for DAG: example_python_operator
[2023-01-23T10:48:28.829+0000] {logging_mixin.py:137} INFO - [2023-01-23T10:48:28.828+0000] {taskmixin.py:205} WARNING - Dependency <Task(_PythonDecoratedOperator): print_the_context>, log_sql_query already registered for DAG: example_python_operator
[2023-01-23T10:48:28.829+0000] {logging_mixin.py:137} INFO - [2023-01-23T10:48:28.829+0000] {taskmixin.py:205} WARNING - Dependency <Task(_PythonDecoratedOperator): log_sql_query>, print_the_context already registered for DAG: example_python_operator
[2023-01-23T10:48:28.856+0000] {processor.py:753} INFO - DAG(s) dict_keys(['example_python_operator']) retrieved from /home/airflow/.local/lib/python3.7/site-packages/airflow/example_dags/example_python_operator.py
[2023-01-23T10:48:29.122+0000] {logging_mixin.py:137} INFO - [2023-01-23T10:48:29.121+0000] {dag.py:2676} INFO - Sync 1 DAGs
[2023-01-23T10:48:29.268+0000] {logging_mixin.py:137} INFO - [2023-01-23T10:48:29.268+0000] {dag.py:3427} INFO - Setting next_dagrun for example_python_operator to None, run_after=None
[2023-01-23T10:48:29.432+0000] {processor.py:175} INFO - Processing /home/airflow/.local/lib/python3.7/site-packages/airflow/example_dags/example_python_operator.py took 0.715 seconds
[2023-01-23T10:48:59.851+0000] {processor.py:153} INFO - Started process (PID=111) to work on /home/airflow/.local/lib/python3.7/site-packages/airflow/example_dags/example_python_operator.py
[2023-01-23T10:48:59.854+0000] {processor.py:743} INFO - Processing file /home/airflow/.local/lib/python3.7/site-packages/airflow/example_dags/example_python_operator.py for tasks to queue
[2023-01-23T10:48:59.856+0000] {logging_mixin.py:137} INFO - [2023-01-23T10:48:59.856+0000] {dagbag.py:538} INFO - Filling up the DagBag from /home/airflow/.local/lib/python3.7/site-packages/airflow/example_dags/example_python_operator.py
[2023-01-23T10:48:59.893+0000] {logging_mixin.py:137} INFO - [2023-01-23T10:48:59.893+0000] {taskmixin.py:205} WARNING - Dependency <Task(_PythonDecoratedOperator): print_the_context>, log_sql_query already registered for DAG: example_python_operator
[2023-01-23T10:48:59.895+0000] {logging_mixin.py:137} INFO - [2023-01-23T10:48:59.895+0000] {taskmixin.py:205} WARNING - Dependency <Task(_PythonDecoratedOperator): log_sql_query>, print_the_context already registered for DAG: example_python_operator
[2023-01-23T10:48:59.896+0000] {logging_mixin.py:137} INFO - [2023-01-23T10:48:59.896+0000] {taskmixin.py:205} WARNING - Dependency <Task(_PythonDecoratedOperator): print_the_context>, log_sql_query already registered for DAG: example_python_operator
[2023-01-23T10:48:59.897+0000] {logging_mixin.py:137} INFO - [2023-01-23T10:48:59.897+0000] {taskmixin.py:205} WARNING - Dependency <Task(_PythonDecoratedOperator): log_sql_query>, print_the_context already registered for DAG: example_python_operator
[2023-01-23T10:48:59.899+0000] {logging_mixin.py:137} INFO - [2023-01-23T10:48:59.899+0000] {taskmixin.py:205} WARNING - Dependency <Task(_PythonDecoratedOperator): print_the_context>, log_sql_query already registered for DAG: example_python_operator
[2023-01-23T10:48:59.900+0000] {logging_mixin.py:137} INFO - [2023-01-23T10:48:59.900+0000] {taskmixin.py:205} WARNING - Dependency <Task(_PythonDecoratedOperator): log_sql_query>, print_the_context already registered for DAG: example_python_operator
[2023-01-23T10:48:59.902+0000] {logging_mixin.py:137} INFO - [2023-01-23T10:48:59.902+0000] {taskmixin.py:205} WARNING - Dependency <Task(_PythonDecoratedOperator): print_the_context>, log_sql_query already registered for DAG: example_python_operator
[2023-01-23T10:48:59.903+0000] {logging_mixin.py:137} INFO - [2023-01-23T10:48:59.903+0000] {taskmixin.py:205} WARNING - Dependency <Task(_PythonDecoratedOperator): log_sql_query>, print_the_context already registered for DAG: example_python_operator
[2023-01-23T10:48:59.915+0000] {processor.py:753} INFO - DAG(s) dict_keys(['example_python_operator']) retrieved from /home/airflow/.local/lib/python3.7/site-packages/airflow/example_dags/example_python_operator.py
[2023-01-23T10:49:00.027+0000] {logging_mixin.py:137} INFO - [2023-01-23T10:49:00.026+0000] {dag.py:2676} INFO - Sync 1 DAGs
[2023-01-23T10:49:00.121+0000] {logging_mixin.py:137} INFO - [2023-01-23T10:49:00.121+0000] {dag.py:3427} INFO - Setting next_dagrun for example_python_operator to None, run_after=None
[2023-01-23T10:49:00.171+0000] {processor.py:175} INFO - Processing /home/airflow/.local/lib/python3.7/site-packages/airflow/example_dags/example_python_operator.py took 0.330 seconds
[2023-01-23T10:49:31.151+0000] {processor.py:153} INFO - Started process (PID=175) to work on /home/airflow/.local/lib/python3.7/site-packages/airflow/example_dags/example_python_operator.py
[2023-01-23T10:49:31.153+0000] {processor.py:743} INFO - Processing file /home/airflow/.local/lib/python3.7/site-packages/airflow/example_dags/example_python_operator.py for tasks to queue
[2023-01-23T10:49:31.155+0000] {logging_mixin.py:137} INFO - [2023-01-23T10:49:31.155+0000] {dagbag.py:538} INFO - Filling up the DagBag from /home/airflow/.local/lib/python3.7/site-packages/airflow/example_dags/example_python_operator.py
[2023-01-23T10:49:31.180+0000] {logging_mixin.py:137} INFO - [2023-01-23T10:49:31.180+0000] {taskmixin.py:205} WARNING - Dependency <Task(_PythonDecoratedOperator): print_the_context>, log_sql_query already registered for DAG: example_python_operator
[2023-01-23T10:49:31.182+0000] {logging_mixin.py:137} INFO - [2023-01-23T10:49:31.182+0000] {taskmixin.py:205} WARNING - Dependency <Task(_PythonDecoratedOperator): log_sql_query>, print_the_context already registered for DAG: example_python_operator
[2023-01-23T10:49:31.184+0000] {logging_mixin.py:137} INFO - [2023-01-23T10:49:31.184+0000] {taskmixin.py:205} WARNING - Dependency <Task(_PythonDecoratedOperator): print_the_context>, log_sql_query already registered for DAG: example_python_operator
[2023-01-23T10:49:31.185+0000] {logging_mixin.py:137} INFO - [2023-01-23T10:49:31.185+0000] {taskmixin.py:205} WARNING - Dependency <Task(_PythonDecoratedOperator): log_sql_query>, print_the_context already registered for DAG: example_python_operator
[2023-01-23T10:49:31.188+0000] {logging_mixin.py:137} INFO - [2023-01-23T10:49:31.188+0000] {taskmixin.py:205} WARNING - Dependency <Task(_PythonDecoratedOperator): print_the_context>, log_sql_query already registered for DAG: example_python_operator
[2023-01-23T10:49:31.190+0000] {logging_mixin.py:137} INFO - [2023-01-23T10:49:31.190+0000] {taskmixin.py:205} WARNING - Dependency <Task(_PythonDecoratedOperator): log_sql_query>, print_the_context already registered for DAG: example_python_operator
[2023-01-23T10:49:31.192+0000] {logging_mixin.py:137} INFO - [2023-01-23T10:49:31.191+0000] {taskmixin.py:205} WARNING - Dependency <Task(_PythonDecoratedOperator): print_the_context>, log_sql_query already registered for DAG: example_python_operator
[2023-01-23T10:49:31.193+0000] {logging_mixin.py:137} INFO - [2023-01-23T10:49:31.192+0000] {taskmixin.py:205} WARNING - Dependency <Task(_PythonDecoratedOperator): log_sql_query>, print_the_context already registered for DAG: example_python_operator
[2023-01-23T10:49:31.202+0000] {processor.py:753} INFO - DAG(s) dict_keys(['example_python_operator']) retrieved from /home/airflow/.local/lib/python3.7/site-packages/airflow/example_dags/example_python_operator.py
[2023-01-23T10:49:31.280+0000] {logging_mixin.py:137} INFO - [2023-01-23T10:49:31.280+0000] {dag.py:2676} INFO - Sync 1 DAGs
[2023-01-23T10:49:31.320+0000] {logging_mixin.py:137} INFO - [2023-01-23T10:49:31.319+0000] {dag.py:3427} INFO - Setting next_dagrun for example_python_operator to None, run_after=None
[2023-01-23T10:49:31.349+0000] {processor.py:175} INFO - Processing /home/airflow/.local/lib/python3.7/site-packages/airflow/example_dags/example_python_operator.py took 0.202 seconds
[2023-01-23T10:50:05.323+0000] {processor.py:153} INFO - Started process (PID=237) to work on /home/airflow/.local/lib/python3.7/site-packages/airflow/example_dags/example_python_operator.py
[2023-01-23T10:50:05.327+0000] {processor.py:743} INFO - Processing file /home/airflow/.local/lib/python3.7/site-packages/airflow/example_dags/example_python_operator.py for tasks to queue
[2023-01-23T10:50:05.333+0000] {logging_mixin.py:137} INFO - [2023-01-23T10:50:05.331+0000] {dagbag.py:538} INFO - Filling up the DagBag from /home/airflow/.local/lib/python3.7/site-packages/airflow/example_dags/example_python_operator.py
[2023-01-23T10:50:05.425+0000] {logging_mixin.py:137} INFO - [2023-01-23T10:50:05.424+0000] {taskmixin.py:205} WARNING - Dependency <Task(_PythonDecoratedOperator): print_the_context>, log_sql_query already registered for DAG: example_python_operator
[2023-01-23T10:50:05.427+0000] {logging_mixin.py:137} INFO - [2023-01-23T10:50:05.427+0000] {taskmixin.py:205} WARNING - Dependency <Task(_PythonDecoratedOperator): log_sql_query>, print_the_context already registered for DAG: example_python_operator
[2023-01-23T10:50:05.432+0000] {logging_mixin.py:137} INFO - [2023-01-23T10:50:05.432+0000] {taskmixin.py:205} WARNING - Dependency <Task(_PythonDecoratedOperator): print_the_context>, log_sql_query already registered for DAG: example_python_operator
[2023-01-23T10:50:05.435+0000] {logging_mixin.py:137} INFO - [2023-01-23T10:50:05.434+0000] {taskmixin.py:205} WARNING - Dependency <Task(_PythonDecoratedOperator): log_sql_query>, print_the_context already registered for DAG: example_python_operator
[2023-01-23T10:50:05.439+0000] {logging_mixin.py:137} INFO - [2023-01-23T10:50:05.438+0000] {taskmixin.py:205} WARNING - Dependency <Task(_PythonDecoratedOperator): print_the_context>, log_sql_query already registered for DAG: example_python_operator
[2023-01-23T10:50:05.441+0000] {logging_mixin.py:137} INFO - [2023-01-23T10:50:05.441+0000] {taskmixin.py:205} WARNING - Dependency <Task(_PythonDecoratedOperator): log_sql_query>, print_the_context already registered for DAG: example_python_operator
[2023-01-23T10:50:05.446+0000] {logging_mixin.py:137} INFO - [2023-01-23T10:50:05.446+0000] {taskmixin.py:205} WARNING - Dependency <Task(_PythonDecoratedOperator): print_the_context>, log_sql_query already registered for DAG: example_python_operator
[2023-01-23T10:50:05.450+0000] {logging_mixin.py:137} INFO - [2023-01-23T10:50:05.450+0000] {taskmixin.py:205} WARNING - Dependency <Task(_PythonDecoratedOperator): log_sql_query>, print_the_context already registered for DAG: example_python_operator
[2023-01-23T10:50:05.503+0000] {processor.py:753} INFO - DAG(s) dict_keys(['example_python_operator']) retrieved from /home/airflow/.local/lib/python3.7/site-packages/airflow/example_dags/example_python_operator.py
[2023-01-23T10:50:06.519+0000] {logging_mixin.py:137} INFO - [2023-01-23T10:50:06.512+0000] {dag.py:2676} INFO - Sync 1 DAGs
[2023-01-23T10:50:06.666+0000] {logging_mixin.py:137} INFO - [2023-01-23T10:50:06.665+0000] {dag.py:3427} INFO - Setting next_dagrun for example_python_operator to None, run_after=None
[2023-01-23T10:50:06.823+0000] {processor.py:175} INFO - Processing /home/airflow/.local/lib/python3.7/site-packages/airflow/example_dags/example_python_operator.py took 1.507 seconds
