[2023-01-23T10:48:34.742+0000] {processor.py:153} INFO - Started process (PID=66) to work on /home/airflow/.local/lib/python3.7/site-packages/airflow/example_dags/example_sla_dag.py
[2023-01-23T10:48:34.748+0000] {processor.py:743} INFO - Processing file /home/airflow/.local/lib/python3.7/site-packages/airflow/example_dags/example_sla_dag.py for tasks to queue
[2023-01-23T10:48:34.767+0000] {logging_mixin.py:137} INFO - [2023-01-23T10:48:34.766+0000] {dagbag.py:538} INFO - Filling up the DagBag from /home/airflow/.local/lib/python3.7/site-packages/airflow/example_dags/example_sla_dag.py
[2023-01-23T10:48:34.853+0000] {processor.py:753} INFO - DAG(s) dict_keys(['example_sla_dag']) retrieved from /home/airflow/.local/lib/python3.7/site-packages/airflow/example_dags/example_sla_dag.py
[2023-01-23T10:48:34.970+0000] {logging_mixin.py:137} INFO - [2023-01-23T10:48:34.970+0000] {dag.py:2676} INFO - Sync 1 DAGs
[2023-01-23T10:48:35.051+0000] {logging_mixin.py:137} INFO - [2023-01-23T10:48:35.051+0000] {dag.py:3427} INFO - Setting next_dagrun for example_sla_dag to 2023-01-23T10:46:00+00:00, run_after=2023-01-23T10:48:00+00:00
[2023-01-23T10:48:35.134+0000] {processor.py:175} INFO - Processing /home/airflow/.local/lib/python3.7/site-packages/airflow/example_dags/example_sla_dag.py took 0.410 seconds
[2023-01-23T10:49:05.530+0000] {processor.py:153} INFO - Started process (PID=128) to work on /home/airflow/.local/lib/python3.7/site-packages/airflow/example_dags/example_sla_dag.py
[2023-01-23T10:49:05.532+0000] {processor.py:743} INFO - Processing file /home/airflow/.local/lib/python3.7/site-packages/airflow/example_dags/example_sla_dag.py for tasks to queue
[2023-01-23T10:49:05.534+0000] {logging_mixin.py:137} INFO - [2023-01-23T10:49:05.533+0000] {dagbag.py:538} INFO - Filling up the DagBag from /home/airflow/.local/lib/python3.7/site-packages/airflow/example_dags/example_sla_dag.py
[2023-01-23T10:49:05.559+0000] {processor.py:753} INFO - DAG(s) dict_keys(['example_sla_dag']) retrieved from /home/airflow/.local/lib/python3.7/site-packages/airflow/example_dags/example_sla_dag.py
[2023-01-23T10:49:05.608+0000] {logging_mixin.py:137} INFO - [2023-01-23T10:49:05.608+0000] {dag.py:2676} INFO - Sync 1 DAGs
[2023-01-23T10:49:05.638+0000] {logging_mixin.py:137} INFO - [2023-01-23T10:49:05.638+0000] {dag.py:3427} INFO - Setting next_dagrun for example_sla_dag to 2023-01-23T10:46:00+00:00, run_after=2023-01-23T10:48:00+00:00
[2023-01-23T10:49:05.656+0000] {processor.py:175} INFO - Processing /home/airflow/.local/lib/python3.7/site-packages/airflow/example_dags/example_sla_dag.py took 0.130 seconds
[2023-01-23T10:49:35.776+0000] {processor.py:153} INFO - Started process (PID=190) to work on /home/airflow/.local/lib/python3.7/site-packages/airflow/example_dags/example_sla_dag.py
[2023-01-23T10:49:35.780+0000] {processor.py:743} INFO - Processing file /home/airflow/.local/lib/python3.7/site-packages/airflow/example_dags/example_sla_dag.py for tasks to queue
[2023-01-23T10:49:35.791+0000] {logging_mixin.py:137} INFO - [2023-01-23T10:49:35.790+0000] {dagbag.py:538} INFO - Filling up the DagBag from /home/airflow/.local/lib/python3.7/site-packages/airflow/example_dags/example_sla_dag.py
[2023-01-23T10:49:35.840+0000] {processor.py:753} INFO - DAG(s) dict_keys(['example_sla_dag']) retrieved from /home/airflow/.local/lib/python3.7/site-packages/airflow/example_dags/example_sla_dag.py
[2023-01-23T10:49:35.909+0000] {logging_mixin.py:137} INFO - [2023-01-23T10:49:35.909+0000] {dag.py:2676} INFO - Sync 1 DAGs
[2023-01-23T10:49:35.947+0000] {logging_mixin.py:137} INFO - [2023-01-23T10:49:35.947+0000] {dag.py:3427} INFO - Setting next_dagrun for example_sla_dag to 2023-01-23T10:46:00+00:00, run_after=2023-01-23T10:48:00+00:00
[2023-01-23T10:49:35.969+0000] {processor.py:175} INFO - Processing /home/airflow/.local/lib/python3.7/site-packages/airflow/example_dags/example_sla_dag.py took 0.205 seconds
[2023-01-23T10:50:17.076+0000] {processor.py:153} INFO - Started process (PID=260) to work on /home/airflow/.local/lib/python3.7/site-packages/airflow/example_dags/example_sla_dag.py
[2023-01-23T10:50:17.087+0000] {processor.py:743} INFO - Processing file /home/airflow/.local/lib/python3.7/site-packages/airflow/example_dags/example_sla_dag.py for tasks to queue
[2023-01-23T10:50:17.097+0000] {logging_mixin.py:137} INFO - [2023-01-23T10:50:17.096+0000] {dagbag.py:538} INFO - Filling up the DagBag from /home/airflow/.local/lib/python3.7/site-packages/airflow/example_dags/example_sla_dag.py
[2023-01-23T10:50:17.280+0000] {processor.py:753} INFO - DAG(s) dict_keys(['example_sla_dag']) retrieved from /home/airflow/.local/lib/python3.7/site-packages/airflow/example_dags/example_sla_dag.py
[2023-01-23T10:50:17.550+0000] {logging_mixin.py:137} INFO - [2023-01-23T10:50:17.550+0000] {dag.py:2676} INFO - Sync 1 DAGs
[2023-01-23T10:50:17.726+0000] {logging_mixin.py:137} INFO - [2023-01-23T10:50:17.725+0000] {dag.py:3427} INFO - Setting next_dagrun for example_sla_dag to 2023-01-23T10:48:00+00:00, run_after=2023-01-23T10:50:00+00:00
[2023-01-23T10:50:17.850+0000] {processor.py:175} INFO - Processing /home/airflow/.local/lib/python3.7/site-packages/airflow/example_dags/example_sla_dag.py took 0.866 seconds
