[2023-01-23T10:48:36.430+0000] {processor.py:153} INFO - Started process (PID=74) to work on /home/airflow/.local/lib/python3.7/site-packages/airflow/example_dags/example_latest_only_with_trigger.py
[2023-01-23T10:48:36.432+0000] {processor.py:743} INFO - Processing file /home/airflow/.local/lib/python3.7/site-packages/airflow/example_dags/example_latest_only_with_trigger.py for tasks to queue
[2023-01-23T10:48:36.434+0000] {logging_mixin.py:137} INFO - [2023-01-23T10:48:36.434+0000] {dagbag.py:538} INFO - Filling up the DagBag from /home/airflow/.local/lib/python3.7/site-packages/airflow/example_dags/example_latest_only_with_trigger.py
[2023-01-23T10:48:36.461+0000] {processor.py:753} INFO - DAG(s) dict_keys(['latest_only_with_trigger']) retrieved from /home/airflow/.local/lib/python3.7/site-packages/airflow/example_dags/example_latest_only_with_trigger.py
[2023-01-23T10:48:36.575+0000] {logging_mixin.py:137} INFO - [2023-01-23T10:48:36.575+0000] {dag.py:2676} INFO - Sync 1 DAGs
[2023-01-23T10:48:36.655+0000] {logging_mixin.py:137} INFO - [2023-01-23T10:48:36.655+0000] {dag.py:3427} INFO - Setting next_dagrun for latest_only_with_trigger to 2023-01-23T06:48:36.654973+00:00, run_after=2023-01-23T10:48:36.654973+00:00
[2023-01-23T10:48:36.686+0000] {processor.py:175} INFO - Processing /home/airflow/.local/lib/python3.7/site-packages/airflow/example_dags/example_latest_only_with_trigger.py took 0.262 seconds
[2023-01-23T10:49:07.827+0000] {processor.py:153} INFO - Started process (PID=136) to work on /home/airflow/.local/lib/python3.7/site-packages/airflow/example_dags/example_latest_only_with_trigger.py
[2023-01-23T10:49:07.834+0000] {processor.py:743} INFO - Processing file /home/airflow/.local/lib/python3.7/site-packages/airflow/example_dags/example_latest_only_with_trigger.py for tasks to queue
[2023-01-23T10:49:07.847+0000] {logging_mixin.py:137} INFO - [2023-01-23T10:49:07.845+0000] {dagbag.py:538} INFO - Filling up the DagBag from /home/airflow/.local/lib/python3.7/site-packages/airflow/example_dags/example_latest_only_with_trigger.py
[2023-01-23T10:49:07.900+0000] {processor.py:753} INFO - DAG(s) dict_keys(['latest_only_with_trigger']) retrieved from /home/airflow/.local/lib/python3.7/site-packages/airflow/example_dags/example_latest_only_with_trigger.py
[2023-01-23T10:49:07.997+0000] {logging_mixin.py:137} INFO - [2023-01-23T10:49:07.996+0000] {dag.py:2676} INFO - Sync 1 DAGs
[2023-01-23T10:49:08.046+0000] {logging_mixin.py:137} INFO - [2023-01-23T10:49:08.045+0000] {dag.py:3427} INFO - Setting next_dagrun for latest_only_with_trigger to 2023-01-23T06:49:08.045428+00:00, run_after=2023-01-23T10:49:08.045428+00:00
[2023-01-23T10:49:08.109+0000] {processor.py:175} INFO - Processing /home/airflow/.local/lib/python3.7/site-packages/airflow/example_dags/example_latest_only_with_trigger.py took 0.299 seconds
[2023-01-23T10:49:38.524+0000] {processor.py:153} INFO - Started process (PID=198) to work on /home/airflow/.local/lib/python3.7/site-packages/airflow/example_dags/example_latest_only_with_trigger.py
[2023-01-23T10:49:38.526+0000] {processor.py:743} INFO - Processing file /home/airflow/.local/lib/python3.7/site-packages/airflow/example_dags/example_latest_only_with_trigger.py for tasks to queue
[2023-01-23T10:49:38.527+0000] {logging_mixin.py:137} INFO - [2023-01-23T10:49:38.527+0000] {dagbag.py:538} INFO - Filling up the DagBag from /home/airflow/.local/lib/python3.7/site-packages/airflow/example_dags/example_latest_only_with_trigger.py
[2023-01-23T10:49:38.543+0000] {processor.py:753} INFO - DAG(s) dict_keys(['latest_only_with_trigger']) retrieved from /home/airflow/.local/lib/python3.7/site-packages/airflow/example_dags/example_latest_only_with_trigger.py
[2023-01-23T10:49:38.587+0000] {logging_mixin.py:137} INFO - [2023-01-23T10:49:38.586+0000] {dag.py:2676} INFO - Sync 1 DAGs
[2023-01-23T10:49:38.614+0000] {logging_mixin.py:137} INFO - [2023-01-23T10:49:38.614+0000] {dag.py:3427} INFO - Setting next_dagrun for latest_only_with_trigger to 2023-01-23T06:49:38.614222+00:00, run_after=2023-01-23T10:49:38.614222+00:00
[2023-01-23T10:49:38.635+0000] {processor.py:175} INFO - Processing /home/airflow/.local/lib/python3.7/site-packages/airflow/example_dags/example_latest_only_with_trigger.py took 0.116 seconds
