[2023-01-23T10:48:28.798+0000] {processor.py:153} INFO - Started process (PID=49) to work on /home/airflow/.local/lib/python3.7/site-packages/airflow/example_dags/example_branch_operator_decorator.py
[2023-01-23T10:48:28.807+0000] {processor.py:743} INFO - Processing file /home/airflow/.local/lib/python3.7/site-packages/airflow/example_dags/example_branch_operator_decorator.py for tasks to queue
[2023-01-23T10:48:28.809+0000] {logging_mixin.py:137} INFO - [2023-01-23T10:48:28.809+0000] {dagbag.py:538} INFO - Filling up the DagBag from /home/airflow/.local/lib/python3.7/site-packages/airflow/example_dags/example_branch_operator_decorator.py
[2023-01-23T10:48:28.911+0000] {processor.py:753} INFO - DAG(s) dict_keys(['example_branch_python_operator_decorator']) retrieved from /home/airflow/.local/lib/python3.7/site-packages/airflow/example_dags/example_branch_operator_decorator.py
[2023-01-23T10:48:29.044+0000] {logging_mixin.py:137} INFO - [2023-01-23T10:48:29.044+0000] {dag.py:2676} INFO - Sync 1 DAGs
[2023-01-23T10:48:29.125+0000] {logging_mixin.py:137} INFO - [2023-01-23T10:48:29.125+0000] {dag.py:3427} INFO - Setting next_dagrun for example_branch_python_operator_decorator to 2023-01-22T00:00:00+00:00, run_after=2023-01-23T00:00:00+00:00
[2023-01-23T10:48:29.206+0000] {processor.py:175} INFO - Processing /home/airflow/.local/lib/python3.7/site-packages/airflow/example_dags/example_branch_operator_decorator.py took 0.423 seconds
[2023-01-23T10:48:59.845+0000] {processor.py:153} INFO - Started process (PID=110) to work on /home/airflow/.local/lib/python3.7/site-packages/airflow/example_dags/example_branch_operator_decorator.py
[2023-01-23T10:48:59.849+0000] {processor.py:743} INFO - Processing file /home/airflow/.local/lib/python3.7/site-packages/airflow/example_dags/example_branch_operator_decorator.py for tasks to queue
[2023-01-23T10:48:59.852+0000] {logging_mixin.py:137} INFO - [2023-01-23T10:48:59.852+0000] {dagbag.py:538} INFO - Filling up the DagBag from /home/airflow/.local/lib/python3.7/site-packages/airflow/example_dags/example_branch_operator_decorator.py
[2023-01-23T10:48:59.895+0000] {processor.py:753} INFO - DAG(s) dict_keys(['example_branch_python_operator_decorator']) retrieved from /home/airflow/.local/lib/python3.7/site-packages/airflow/example_dags/example_branch_operator_decorator.py
[2023-01-23T10:49:00.015+0000] {logging_mixin.py:137} INFO - [2023-01-23T10:49:00.015+0000] {dag.py:2676} INFO - Sync 1 DAGs
[2023-01-23T10:49:00.123+0000] {logging_mixin.py:137} INFO - [2023-01-23T10:49:00.123+0000] {dag.py:3427} INFO - Setting next_dagrun for example_branch_python_operator_decorator to 2023-01-22T00:00:00+00:00, run_after=2023-01-23T00:00:00+00:00
[2023-01-23T10:49:00.164+0000] {processor.py:175} INFO - Processing /home/airflow/.local/lib/python3.7/site-packages/airflow/example_dags/example_branch_operator_decorator.py took 0.347 seconds
[2023-01-23T10:49:31.162+0000] {processor.py:153} INFO - Started process (PID=176) to work on /home/airflow/.local/lib/python3.7/site-packages/airflow/example_dags/example_branch_operator_decorator.py
[2023-01-23T10:49:31.165+0000] {processor.py:743} INFO - Processing file /home/airflow/.local/lib/python3.7/site-packages/airflow/example_dags/example_branch_operator_decorator.py for tasks to queue
[2023-01-23T10:49:31.167+0000] {logging_mixin.py:137} INFO - [2023-01-23T10:49:31.167+0000] {dagbag.py:538} INFO - Filling up the DagBag from /home/airflow/.local/lib/python3.7/site-packages/airflow/example_dags/example_branch_operator_decorator.py
[2023-01-23T10:49:31.201+0000] {processor.py:753} INFO - DAG(s) dict_keys(['example_branch_python_operator_decorator']) retrieved from /home/airflow/.local/lib/python3.7/site-packages/airflow/example_dags/example_branch_operator_decorator.py
[2023-01-23T10:49:31.279+0000] {logging_mixin.py:137} INFO - [2023-01-23T10:49:31.279+0000] {dag.py:2676} INFO - Sync 1 DAGs
[2023-01-23T10:49:31.322+0000] {logging_mixin.py:137} INFO - [2023-01-23T10:49:31.322+0000] {dag.py:3427} INFO - Setting next_dagrun for example_branch_python_operator_decorator to 2023-01-22T00:00:00+00:00, run_after=2023-01-23T00:00:00+00:00
[2023-01-23T10:49:31.351+0000] {processor.py:175} INFO - Processing /home/airflow/.local/lib/python3.7/site-packages/airflow/example_dags/example_branch_operator_decorator.py took 0.194 seconds
[2023-01-23T10:50:06.243+0000] {processor.py:153} INFO - Started process (PID=238) to work on /home/airflow/.local/lib/python3.7/site-packages/airflow/example_dags/example_branch_operator_decorator.py
[2023-01-23T10:50:06.314+0000] {processor.py:743} INFO - Processing file /home/airflow/.local/lib/python3.7/site-packages/airflow/example_dags/example_branch_operator_decorator.py for tasks to queue
[2023-01-23T10:50:06.347+0000] {logging_mixin.py:137} INFO - [2023-01-23T10:50:06.346+0000] {dagbag.py:538} INFO - Filling up the DagBag from /home/airflow/.local/lib/python3.7/site-packages/airflow/example_dags/example_branch_operator_decorator.py
[2023-01-23T10:50:06.675+0000] {processor.py:753} INFO - DAG(s) dict_keys(['example_branch_python_operator_decorator']) retrieved from /home/airflow/.local/lib/python3.7/site-packages/airflow/example_dags/example_branch_operator_decorator.py
[2023-01-23T10:50:07.081+0000] {logging_mixin.py:137} INFO - [2023-01-23T10:50:07.080+0000] {dag.py:2676} INFO - Sync 1 DAGs
[2023-01-23T10:50:07.368+0000] {logging_mixin.py:137} INFO - [2023-01-23T10:50:07.368+0000] {dag.py:3427} INFO - Setting next_dagrun for example_branch_python_operator_decorator to 2023-01-22T00:00:00+00:00, run_after=2023-01-23T00:00:00+00:00
[2023-01-23T10:50:07.943+0000] {processor.py:175} INFO - Processing /home/airflow/.local/lib/python3.7/site-packages/airflow/example_dags/example_branch_operator_decorator.py took 1.703 seconds
