[2023-01-23T10:48:26.910+0000] {processor.py:153} INFO - Started process (PID=35) to work on /home/airflow/.local/lib/python3.7/site-packages/airflow/example_dags/tutorial_dag.py
[2023-01-23T10:48:26.912+0000] {processor.py:743} INFO - Processing file /home/airflow/.local/lib/python3.7/site-packages/airflow/example_dags/tutorial_dag.py for tasks to queue
[2023-01-23T10:48:26.914+0000] {logging_mixin.py:137} INFO - [2023-01-23T10:48:26.914+0000] {dagbag.py:538} INFO - Filling up the DagBag from /home/airflow/.local/lib/python3.7/site-packages/airflow/example_dags/tutorial_dag.py
[2023-01-23T10:48:27.030+0000] {processor.py:753} INFO - DAG(s) dict_keys(['tutorial_dag']) retrieved from /home/airflow/.local/lib/python3.7/site-packages/airflow/example_dags/tutorial_dag.py
[2023-01-23T10:48:27.270+0000] {logging_mixin.py:137} INFO - [2023-01-23T10:48:27.270+0000] {dag.py:2676} INFO - Sync 1 DAGs
[2023-01-23T10:48:27.420+0000] {logging_mixin.py:137} INFO - [2023-01-23T10:48:27.419+0000] {dag.py:3427} INFO - Setting next_dagrun for tutorial_dag to None, run_after=None
[2023-01-23T10:48:27.488+0000] {processor.py:175} INFO - Processing /home/airflow/.local/lib/python3.7/site-packages/airflow/example_dags/tutorial_dag.py took 0.588 seconds
[2023-01-23T10:48:58.015+0000] {processor.py:153} INFO - Started process (PID=96) to work on /home/airflow/.local/lib/python3.7/site-packages/airflow/example_dags/tutorial_dag.py
[2023-01-23T10:48:58.017+0000] {processor.py:743} INFO - Processing file /home/airflow/.local/lib/python3.7/site-packages/airflow/example_dags/tutorial_dag.py for tasks to queue
[2023-01-23T10:48:58.018+0000] {logging_mixin.py:137} INFO - [2023-01-23T10:48:58.018+0000] {dagbag.py:538} INFO - Filling up the DagBag from /home/airflow/.local/lib/python3.7/site-packages/airflow/example_dags/tutorial_dag.py
[2023-01-23T10:48:58.033+0000] {processor.py:753} INFO - DAG(s) dict_keys(['tutorial_dag']) retrieved from /home/airflow/.local/lib/python3.7/site-packages/airflow/example_dags/tutorial_dag.py
[2023-01-23T10:48:58.077+0000] {logging_mixin.py:137} INFO - [2023-01-23T10:48:58.077+0000] {dag.py:2676} INFO - Sync 1 DAGs
[2023-01-23T10:48:58.114+0000] {logging_mixin.py:137} INFO - [2023-01-23T10:48:58.114+0000] {dag.py:3427} INFO - Setting next_dagrun for tutorial_dag to None, run_after=None
[2023-01-23T10:48:58.135+0000] {processor.py:175} INFO - Processing /home/airflow/.local/lib/python3.7/site-packages/airflow/example_dags/tutorial_dag.py took 0.124 seconds
[2023-01-23T10:49:29.043+0000] {processor.py:153} INFO - Started process (PID=170) to work on /home/airflow/.local/lib/python3.7/site-packages/airflow/example_dags/tutorial_dag.py
[2023-01-23T10:49:29.046+0000] {processor.py:743} INFO - Processing file /home/airflow/.local/lib/python3.7/site-packages/airflow/example_dags/tutorial_dag.py for tasks to queue
[2023-01-23T10:49:29.048+0000] {logging_mixin.py:137} INFO - [2023-01-23T10:49:29.048+0000] {dagbag.py:538} INFO - Filling up the DagBag from /home/airflow/.local/lib/python3.7/site-packages/airflow/example_dags/tutorial_dag.py
[2023-01-23T10:49:29.073+0000] {processor.py:753} INFO - DAG(s) dict_keys(['tutorial_dag']) retrieved from /home/airflow/.local/lib/python3.7/site-packages/airflow/example_dags/tutorial_dag.py
[2023-01-23T10:49:29.137+0000] {logging_mixin.py:137} INFO - [2023-01-23T10:49:29.137+0000] {dag.py:2676} INFO - Sync 1 DAGs
[2023-01-23T10:49:29.185+0000] {logging_mixin.py:137} INFO - [2023-01-23T10:49:29.185+0000] {dag.py:3427} INFO - Setting next_dagrun for tutorial_dag to None, run_after=None
[2023-01-23T10:49:29.226+0000] {processor.py:175} INFO - Processing /home/airflow/.local/lib/python3.7/site-packages/airflow/example_dags/tutorial_dag.py took 0.188 seconds
[2023-01-23T10:50:02.866+0000] {processor.py:153} INFO - Started process (PID=232) to work on /home/airflow/.local/lib/python3.7/site-packages/airflow/example_dags/tutorial_dag.py
[2023-01-23T10:50:02.869+0000] {processor.py:743} INFO - Processing file /home/airflow/.local/lib/python3.7/site-packages/airflow/example_dags/tutorial_dag.py for tasks to queue
[2023-01-23T10:50:02.873+0000] {logging_mixin.py:137} INFO - [2023-01-23T10:50:02.873+0000] {dagbag.py:538} INFO - Filling up the DagBag from /home/airflow/.local/lib/python3.7/site-packages/airflow/example_dags/tutorial_dag.py
[2023-01-23T10:50:02.929+0000] {processor.py:753} INFO - DAG(s) dict_keys(['tutorial_dag']) retrieved from /home/airflow/.local/lib/python3.7/site-packages/airflow/example_dags/tutorial_dag.py
[2023-01-23T10:50:03.251+0000] {logging_mixin.py:137} INFO - [2023-01-23T10:50:03.250+0000] {dag.py:2676} INFO - Sync 1 DAGs
[2023-01-23T10:50:03.399+0000] {logging_mixin.py:137} INFO - [2023-01-23T10:50:03.399+0000] {dag.py:3427} INFO - Setting next_dagrun for tutorial_dag to None, run_after=None
[2023-01-23T10:50:03.491+0000] {processor.py:175} INFO - Processing /home/airflow/.local/lib/python3.7/site-packages/airflow/example_dags/tutorial_dag.py took 0.633 seconds
