[2023-01-17T17:39:36.739+0000] {processor.py:153} INFO - Started process (PID=6145) to work on /opt/airflow/dags/exer15.py
[2023-01-17T17:39:36.741+0000] {processor.py:743} INFO - Processing file /opt/airflow/dags/exer15.py for tasks to queue
[2023-01-17T17:39:36.742+0000] {logging_mixin.py:137} INFO - [2023-01-17T17:39:36.742+0000] {dagbag.py:538} INFO - Filling up the DagBag from /opt/airflow/dags/exer15.py
[2023-01-17T17:39:36.750+0000] {logging_mixin.py:137} INFO - [2023-01-17T17:39:36.747+0000] {dagbag.py:343} ERROR - Failed to import: /opt/airflow/dags/exer15.py
Traceback (most recent call last):
  File "/home/airflow/.local/lib/python3.7/site-packages/airflow/models/dagbag.py", line 339, in parse
    loader.exec_module(new_module)
  File "<frozen importlib._bootstrap_external>", line 724, in exec_module
  File "<frozen importlib._bootstrap_external>", line 860, in get_code
  File "<frozen importlib._bootstrap_external>", line 791, in source_to_code
  File "<frozen importlib._bootstrap>", line 219, in _call_with_frames_removed
  File "/opt/airflow/dags/exer15.py", line 14
    hello = say_hello(name)2021_ = hello_with_passing_data_dag()
                               ^
SyntaxError: invalid token
[2023-01-17T17:39:36.750+0000] {processor.py:755} WARNING - No viable dags retrieved from /opt/airflow/dags/exer15.py
[2023-01-17T17:39:36.787+0000] {processor.py:175} INFO - Processing /opt/airflow/dags/exer15.py took 0.054 seconds
[2023-01-17T17:40:00.049+0000] {processor.py:153} INFO - Started process (PID=6208) to work on /opt/airflow/dags/exer15.py
[2023-01-17T17:40:00.052+0000] {processor.py:743} INFO - Processing file /opt/airflow/dags/exer15.py for tasks to queue
[2023-01-17T17:40:00.057+0000] {logging_mixin.py:137} INFO - [2023-01-17T17:40:00.056+0000] {dagbag.py:538} INFO - Filling up the DagBag from /opt/airflow/dags/exer15.py
[2023-01-17T17:40:00.152+0000] {logging_mixin.py:137} INFO - [2023-01-17T17:40:00.147+0000] {dagbag.py:343} ERROR - Failed to import: /opt/airflow/dags/exer15.py
Traceback (most recent call last):
  File "/home/airflow/.local/lib/python3.7/site-packages/airflow/models/dagbag.py", line 339, in parse
    loader.exec_module(new_module)
  File "<frozen importlib._bootstrap_external>", line 728, in exec_module
  File "<frozen importlib._bootstrap>", line 219, in _call_with_frames_removed
  File "/opt/airflow/dags/exer15.py", line 1, in <module>
    from airflow.decorators import dag, task1
ImportError: cannot import name 'task1' from 'airflow.decorators' (/home/airflow/.local/lib/python3.7/site-packages/airflow/decorators/__init__.py)
[2023-01-17T17:40:00.155+0000] {processor.py:755} WARNING - No viable dags retrieved from /opt/airflow/dags/exer15.py
[2023-01-17T17:40:00.403+0000] {processor.py:175} INFO - Processing /opt/airflow/dags/exer15.py took 0.368 seconds
[2023-01-17T17:40:30.742+0000] {processor.py:153} INFO - Started process (PID=6272) to work on /opt/airflow/dags/exer15.py
[2023-01-17T17:40:30.746+0000] {processor.py:743} INFO - Processing file /opt/airflow/dags/exer15.py for tasks to queue
[2023-01-17T17:40:30.749+0000] {logging_mixin.py:137} INFO - [2023-01-17T17:40:30.749+0000] {dagbag.py:538} INFO - Filling up the DagBag from /opt/airflow/dags/exer15.py
[2023-01-17T17:40:30.795+0000] {logging_mixin.py:137} INFO - [2023-01-17T17:40:30.792+0000] {dagbag.py:343} ERROR - Failed to import: /opt/airflow/dags/exer15.py
Traceback (most recent call last):
  File "/home/airflow/.local/lib/python3.7/site-packages/airflow/models/dagbag.py", line 339, in parse
    loader.exec_module(new_module)
  File "<frozen importlib._bootstrap_external>", line 728, in exec_module
  File "<frozen importlib._bootstrap>", line 219, in _call_with_frames_removed
  File "/opt/airflow/dags/exer15.py", line 1, in <module>
    from airflow.decorators import dag, task1
ImportError: cannot import name 'task1' from 'airflow.decorators' (/home/airflow/.local/lib/python3.7/site-packages/airflow/decorators/__init__.py)
[2023-01-17T17:40:30.797+0000] {processor.py:755} WARNING - No viable dags retrieved from /opt/airflow/dags/exer15.py
[2023-01-17T17:40:30.863+0000] {processor.py:175} INFO - Processing /opt/airflow/dags/exer15.py took 0.132 seconds
[2023-01-17T17:41:00.972+0000] {processor.py:153} INFO - Started process (PID=6334) to work on /opt/airflow/dags/exer15.py
[2023-01-17T17:41:00.975+0000] {processor.py:743} INFO - Processing file /opt/airflow/dags/exer15.py for tasks to queue
[2023-01-17T17:41:00.978+0000] {logging_mixin.py:137} INFO - [2023-01-17T17:41:00.978+0000] {dagbag.py:538} INFO - Filling up the DagBag from /opt/airflow/dags/exer15.py
[2023-01-17T17:41:01.035+0000] {logging_mixin.py:137} INFO - [2023-01-17T17:41:01.031+0000] {dagbag.py:343} ERROR - Failed to import: /opt/airflow/dags/exer15.py
Traceback (most recent call last):
  File "/home/airflow/.local/lib/python3.7/site-packages/airflow/models/dagbag.py", line 339, in parse
    loader.exec_module(new_module)
  File "<frozen importlib._bootstrap_external>", line 728, in exec_module
  File "<frozen importlib._bootstrap>", line 219, in _call_with_frames_removed
  File "/opt/airflow/dags/exer15.py", line 1, in <module>
    from airflow.decorators import dag, task1
ImportError: cannot import name 'task1' from 'airflow.decorators' (/home/airflow/.local/lib/python3.7/site-packages/airflow/decorators/__init__.py)
[2023-01-17T17:41:01.037+0000] {processor.py:755} WARNING - No viable dags retrieved from /opt/airflow/dags/exer15.py
[2023-01-17T17:41:01.076+0000] {processor.py:175} INFO - Processing /opt/airflow/dags/exer15.py took 0.112 seconds
[2023-01-17T17:41:31.628+0000] {processor.py:153} INFO - Started process (PID=6409) to work on /opt/airflow/dags/exer15.py
[2023-01-17T17:41:31.631+0000] {processor.py:743} INFO - Processing file /opt/airflow/dags/exer15.py for tasks to queue
[2023-01-17T17:41:31.633+0000] {logging_mixin.py:137} INFO - [2023-01-17T17:41:31.633+0000] {dagbag.py:538} INFO - Filling up the DagBag from /opt/airflow/dags/exer15.py
[2023-01-17T17:41:31.660+0000] {logging_mixin.py:137} INFO - [2023-01-17T17:41:31.656+0000] {dagbag.py:343} ERROR - Failed to import: /opt/airflow/dags/exer15.py
Traceback (most recent call last):
  File "/home/airflow/.local/lib/python3.7/site-packages/airflow/models/dagbag.py", line 339, in parse
    loader.exec_module(new_module)
  File "<frozen importlib._bootstrap_external>", line 728, in exec_module
  File "<frozen importlib._bootstrap>", line 219, in _call_with_frames_removed
  File "/opt/airflow/dags/exer15.py", line 1, in <module>
    from airflow.decorators import dag, task1
ImportError: cannot import name 'task1' from 'airflow.decorators' (/home/airflow/.local/lib/python3.7/site-packages/airflow/decorators/__init__.py)
[2023-01-17T17:41:31.662+0000] {processor.py:755} WARNING - No viable dags retrieved from /opt/airflow/dags/exer15.py
[2023-01-17T17:41:31.710+0000] {processor.py:175} INFO - Processing /opt/airflow/dags/exer15.py took 0.088 seconds
[2023-01-17T17:42:02.729+0000] {processor.py:153} INFO - Started process (PID=6472) to work on /opt/airflow/dags/exer15.py
[2023-01-17T17:42:02.732+0000] {processor.py:743} INFO - Processing file /opt/airflow/dags/exer15.py for tasks to queue
[2023-01-17T17:42:02.734+0000] {logging_mixin.py:137} INFO - [2023-01-17T17:42:02.734+0000] {dagbag.py:538} INFO - Filling up the DagBag from /opt/airflow/dags/exer15.py
[2023-01-17T17:42:02.774+0000] {logging_mixin.py:137} INFO - [2023-01-17T17:42:02.771+0000] {dagbag.py:343} ERROR - Failed to import: /opt/airflow/dags/exer15.py
Traceback (most recent call last):
  File "/home/airflow/.local/lib/python3.7/site-packages/airflow/models/dagbag.py", line 339, in parse
    loader.exec_module(new_module)
  File "<frozen importlib._bootstrap_external>", line 728, in exec_module
  File "<frozen importlib._bootstrap>", line 219, in _call_with_frames_removed
  File "/opt/airflow/dags/exer15.py", line 1, in <module>
    from airflow.decorators import dag, task1
ImportError: cannot import name 'task1' from 'airflow.decorators' (/home/airflow/.local/lib/python3.7/site-packages/airflow/decorators/__init__.py)
[2023-01-17T17:42:02.775+0000] {processor.py:755} WARNING - No viable dags retrieved from /opt/airflow/dags/exer15.py
[2023-01-17T17:42:02.820+0000] {processor.py:175} INFO - Processing /opt/airflow/dags/exer15.py took 0.101 seconds
[2023-01-17T17:42:33.699+0000] {processor.py:153} INFO - Started process (PID=6540) to work on /opt/airflow/dags/exer15.py
[2023-01-17T17:42:33.701+0000] {processor.py:743} INFO - Processing file /opt/airflow/dags/exer15.py for tasks to queue
[2023-01-17T17:42:33.703+0000] {logging_mixin.py:137} INFO - [2023-01-17T17:42:33.703+0000] {dagbag.py:538} INFO - Filling up the DagBag from /opt/airflow/dags/exer15.py
[2023-01-17T17:42:33.727+0000] {logging_mixin.py:137} INFO - [2023-01-17T17:42:33.725+0000] {dagbag.py:343} ERROR - Failed to import: /opt/airflow/dags/exer15.py
Traceback (most recent call last):
  File "/home/airflow/.local/lib/python3.7/site-packages/airflow/models/dagbag.py", line 339, in parse
    loader.exec_module(new_module)
  File "<frozen importlib._bootstrap_external>", line 728, in exec_module
  File "<frozen importlib._bootstrap>", line 219, in _call_with_frames_removed
  File "/opt/airflow/dags/exer15.py", line 1, in <module>
    from airflow.decorators import dag, task1
ImportError: cannot import name 'task1' from 'airflow.decorators' (/home/airflow/.local/lib/python3.7/site-packages/airflow/decorators/__init__.py)
[2023-01-17T17:42:33.728+0000] {processor.py:755} WARNING - No viable dags retrieved from /opt/airflow/dags/exer15.py
[2023-01-17T17:42:33.757+0000] {processor.py:175} INFO - Processing /opt/airflow/dags/exer15.py took 0.062 seconds
[2023-01-17T17:43:21.419+0000] {processor.py:153} INFO - Started process (PID=6605) to work on /opt/airflow/dags/exer15.py
[2023-01-17T17:43:21.442+0000] {processor.py:743} INFO - Processing file /opt/airflow/dags/exer15.py for tasks to queue
[2023-01-17T17:43:21.449+0000] {logging_mixin.py:137} INFO - [2023-01-17T17:43:21.448+0000] {dagbag.py:538} INFO - Filling up the DagBag from /opt/airflow/dags/exer15.py
[2023-01-17T17:43:21.511+0000] {logging_mixin.py:137} INFO - [2023-01-17T17:43:21.505+0000] {dagbag.py:343} ERROR - Failed to import: /opt/airflow/dags/exer15.py
Traceback (most recent call last):
  File "/home/airflow/.local/lib/python3.7/site-packages/airflow/models/dagbag.py", line 339, in parse
    loader.exec_module(new_module)
  File "<frozen importlib._bootstrap_external>", line 728, in exec_module
  File "<frozen importlib._bootstrap>", line 219, in _call_with_frames_removed
  File "/opt/airflow/dags/exer15.py", line 1, in <module>
    from airflow.decorators import dag, task1
ImportError: cannot import name 'task1' from 'airflow.decorators' (/home/airflow/.local/lib/python3.7/site-packages/airflow/decorators/__init__.py)
[2023-01-17T17:43:21.515+0000] {processor.py:755} WARNING - No viable dags retrieved from /opt/airflow/dags/exer15.py
[2023-01-17T17:43:21.576+0000] {processor.py:175} INFO - Processing /opt/airflow/dags/exer15.py took 0.166 seconds
[2023-01-17T17:43:52.069+0000] {processor.py:153} INFO - Started process (PID=6664) to work on /opt/airflow/dags/exer15.py
[2023-01-17T17:43:52.072+0000] {processor.py:743} INFO - Processing file /opt/airflow/dags/exer15.py for tasks to queue
[2023-01-17T17:43:52.075+0000] {logging_mixin.py:137} INFO - [2023-01-17T17:43:52.075+0000] {dagbag.py:538} INFO - Filling up the DagBag from /opt/airflow/dags/exer15.py
[2023-01-17T17:43:52.105+0000] {logging_mixin.py:137} INFO - [2023-01-17T17:43:52.102+0000] {dagbag.py:343} ERROR - Failed to import: /opt/airflow/dags/exer15.py
Traceback (most recent call last):
  File "/home/airflow/.local/lib/python3.7/site-packages/airflow/models/dagbag.py", line 339, in parse
    loader.exec_module(new_module)
  File "<frozen importlib._bootstrap_external>", line 728, in exec_module
  File "<frozen importlib._bootstrap>", line 219, in _call_with_frames_removed
  File "/opt/airflow/dags/exer15.py", line 1, in <module>
    from airflow.decorators import dag, task1
ImportError: cannot import name 'task1' from 'airflow.decorators' (/home/airflow/.local/lib/python3.7/site-packages/airflow/decorators/__init__.py)
[2023-01-17T17:43:52.107+0000] {processor.py:755} WARNING - No viable dags retrieved from /opt/airflow/dags/exer15.py
[2023-01-17T17:43:52.146+0000] {processor.py:175} INFO - Processing /opt/airflow/dags/exer15.py took 0.082 seconds
[2023-01-17T17:44:26.696+0000] {processor.py:153} INFO - Started process (PID=6727) to work on /opt/airflow/dags/exer15.py
[2023-01-17T17:44:26.711+0000] {processor.py:743} INFO - Processing file /opt/airflow/dags/exer15.py for tasks to queue
[2023-01-17T17:44:26.787+0000] {logging_mixin.py:137} INFO - [2023-01-17T17:44:26.786+0000] {dagbag.py:538} INFO - Filling up the DagBag from /opt/airflow/dags/exer15.py
[2023-01-17T17:44:27.010+0000] {logging_mixin.py:137} INFO - [2023-01-17T17:44:26.973+0000] {dagbag.py:343} ERROR - Failed to import: /opt/airflow/dags/exer15.py
Traceback (most recent call last):
  File "/home/airflow/.local/lib/python3.7/site-packages/airflow/models/dagbag.py", line 339, in parse
    loader.exec_module(new_module)
  File "<frozen importlib._bootstrap_external>", line 728, in exec_module
  File "<frozen importlib._bootstrap>", line 219, in _call_with_frames_removed
  File "/opt/airflow/dags/exer15.py", line 1, in <module>
    from airflow.decorators import dag, task1
ImportError: cannot import name 'task1' from 'airflow.decorators' (/home/airflow/.local/lib/python3.7/site-packages/airflow/decorators/__init__.py)
[2023-01-17T17:44:27.040+0000] {processor.py:755} WARNING - No viable dags retrieved from /opt/airflow/dags/exer15.py
[2023-01-17T17:44:27.572+0000] {processor.py:175} INFO - Processing /opt/airflow/dags/exer15.py took 0.947 seconds
[2023-01-17T17:44:58.020+0000] {processor.py:153} INFO - Started process (PID=6790) to work on /opt/airflow/dags/exer15.py
[2023-01-17T17:44:58.022+0000] {processor.py:743} INFO - Processing file /opt/airflow/dags/exer15.py for tasks to queue
[2023-01-17T17:44:58.023+0000] {logging_mixin.py:137} INFO - [2023-01-17T17:44:58.023+0000] {dagbag.py:538} INFO - Filling up the DagBag from /opt/airflow/dags/exer15.py
[2023-01-17T17:44:58.046+0000] {logging_mixin.py:137} INFO - [2023-01-17T17:44:58.044+0000] {dagbag.py:343} ERROR - Failed to import: /opt/airflow/dags/exer15.py
Traceback (most recent call last):
  File "/home/airflow/.local/lib/python3.7/site-packages/airflow/models/dagbag.py", line 339, in parse
    loader.exec_module(new_module)
  File "<frozen importlib._bootstrap_external>", line 728, in exec_module
  File "<frozen importlib._bootstrap>", line 219, in _call_with_frames_removed
  File "/opt/airflow/dags/exer15.py", line 1, in <module>
    from airflow.decorators import dag, task1
ImportError: cannot import name 'task1' from 'airflow.decorators' (/home/airflow/.local/lib/python3.7/site-packages/airflow/decorators/__init__.py)
[2023-01-17T17:44:58.047+0000] {processor.py:755} WARNING - No viable dags retrieved from /opt/airflow/dags/exer15.py
[2023-01-17T17:44:58.070+0000] {processor.py:175} INFO - Processing /opt/airflow/dags/exer15.py took 0.054 seconds
[2023-01-17T17:45:28.119+0000] {processor.py:153} INFO - Started process (PID=6851) to work on /opt/airflow/dags/exer15.py
[2023-01-17T17:45:28.121+0000] {processor.py:743} INFO - Processing file /opt/airflow/dags/exer15.py for tasks to queue
[2023-01-17T17:45:28.123+0000] {logging_mixin.py:137} INFO - [2023-01-17T17:45:28.122+0000] {dagbag.py:538} INFO - Filling up the DagBag from /opt/airflow/dags/exer15.py
[2023-01-17T17:45:28.150+0000] {logging_mixin.py:137} INFO - [2023-01-17T17:45:28.147+0000] {dagbag.py:343} ERROR - Failed to import: /opt/airflow/dags/exer15.py
Traceback (most recent call last):
  File "/home/airflow/.local/lib/python3.7/site-packages/airflow/models/dagbag.py", line 339, in parse
    loader.exec_module(new_module)
  File "<frozen importlib._bootstrap_external>", line 728, in exec_module
  File "<frozen importlib._bootstrap>", line 219, in _call_with_frames_removed
  File "/opt/airflow/dags/exer15.py", line 1, in <module>
    from airflow.decorators import dag, task1
ImportError: cannot import name 'task1' from 'airflow.decorators' (/home/airflow/.local/lib/python3.7/site-packages/airflow/decorators/__init__.py)
[2023-01-17T17:45:28.151+0000] {processor.py:755} WARNING - No viable dags retrieved from /opt/airflow/dags/exer15.py
[2023-01-17T17:45:28.180+0000] {processor.py:175} INFO - Processing /opt/airflow/dags/exer15.py took 0.065 seconds
[2023-01-17T17:45:58.261+0000] {processor.py:153} INFO - Started process (PID=6924) to work on /opt/airflow/dags/exer15.py
[2023-01-17T17:45:58.264+0000] {processor.py:743} INFO - Processing file /opt/airflow/dags/exer15.py for tasks to queue
[2023-01-17T17:45:58.265+0000] {logging_mixin.py:137} INFO - [2023-01-17T17:45:58.265+0000] {dagbag.py:538} INFO - Filling up the DagBag from /opt/airflow/dags/exer15.py
[2023-01-17T17:45:58.285+0000] {logging_mixin.py:137} INFO - [2023-01-17T17:45:58.283+0000] {dagbag.py:343} ERROR - Failed to import: /opt/airflow/dags/exer15.py
Traceback (most recent call last):
  File "/home/airflow/.local/lib/python3.7/site-packages/airflow/models/dagbag.py", line 339, in parse
    loader.exec_module(new_module)
  File "<frozen importlib._bootstrap_external>", line 728, in exec_module
  File "<frozen importlib._bootstrap>", line 219, in _call_with_frames_removed
  File "/opt/airflow/dags/exer15.py", line 1, in <module>
    from airflow.decorators import dag, task1
ImportError: cannot import name 'task1' from 'airflow.decorators' (/home/airflow/.local/lib/python3.7/site-packages/airflow/decorators/__init__.py)
[2023-01-17T17:45:58.286+0000] {processor.py:755} WARNING - No viable dags retrieved from /opt/airflow/dags/exer15.py
[2023-01-17T17:45:58.309+0000] {processor.py:175} INFO - Processing /opt/airflow/dags/exer15.py took 0.052 seconds
[2023-01-17T17:46:29.119+0000] {processor.py:153} INFO - Started process (PID=6985) to work on /opt/airflow/dags/exer15.py
[2023-01-17T17:46:29.121+0000] {processor.py:743} INFO - Processing file /opt/airflow/dags/exer15.py for tasks to queue
[2023-01-17T17:46:29.122+0000] {logging_mixin.py:137} INFO - [2023-01-17T17:46:29.122+0000] {dagbag.py:538} INFO - Filling up the DagBag from /opt/airflow/dags/exer15.py
[2023-01-17T17:46:29.145+0000] {logging_mixin.py:137} INFO - [2023-01-17T17:46:29.143+0000] {dagbag.py:343} ERROR - Failed to import: /opt/airflow/dags/exer15.py
Traceback (most recent call last):
  File "/home/airflow/.local/lib/python3.7/site-packages/airflow/models/dagbag.py", line 339, in parse
    loader.exec_module(new_module)
  File "<frozen importlib._bootstrap_external>", line 728, in exec_module
  File "<frozen importlib._bootstrap>", line 219, in _call_with_frames_removed
  File "/opt/airflow/dags/exer15.py", line 1, in <module>
    from airflow.decorators import dag, task1
ImportError: cannot import name 'task1' from 'airflow.decorators' (/home/airflow/.local/lib/python3.7/site-packages/airflow/decorators/__init__.py)
[2023-01-17T17:46:29.146+0000] {processor.py:755} WARNING - No viable dags retrieved from /opt/airflow/dags/exer15.py
[2023-01-17T17:46:29.173+0000] {processor.py:175} INFO - Processing /opt/airflow/dags/exer15.py took 0.059 seconds
[2023-01-17T17:46:54.046+0000] {processor.py:153} INFO - Started process (PID=7036) to work on /opt/airflow/dags/exer15.py
[2023-01-17T17:46:54.047+0000] {processor.py:743} INFO - Processing file /opt/airflow/dags/exer15.py for tasks to queue
[2023-01-17T17:46:54.049+0000] {logging_mixin.py:137} INFO - [2023-01-17T17:46:54.048+0000] {dagbag.py:538} INFO - Filling up the DagBag from /opt/airflow/dags/exer15.py
[2023-01-17T17:46:54.075+0000] {processor.py:755} WARNING - No viable dags retrieved from /opt/airflow/dags/exer15.py
[2023-01-17T17:46:54.097+0000] {processor.py:175} INFO - Processing /opt/airflow/dags/exer15.py took 0.054 seconds
[2023-01-17T17:47:24.773+0000] {processor.py:153} INFO - Started process (PID=7097) to work on /opt/airflow/dags/exer15.py
[2023-01-17T17:47:24.776+0000] {processor.py:743} INFO - Processing file /opt/airflow/dags/exer15.py for tasks to queue
[2023-01-17T17:47:24.777+0000] {logging_mixin.py:137} INFO - [2023-01-17T17:47:24.777+0000] {dagbag.py:538} INFO - Filling up the DagBag from /opt/airflow/dags/exer15.py
[2023-01-17T17:47:24.822+0000] {processor.py:755} WARNING - No viable dags retrieved from /opt/airflow/dags/exer15.py
[2023-01-17T17:47:24.856+0000] {processor.py:175} INFO - Processing /opt/airflow/dags/exer15.py took 0.093 seconds
[2023-01-17T17:47:55.623+0000] {processor.py:153} INFO - Started process (PID=7159) to work on /opt/airflow/dags/exer15.py
[2023-01-17T17:47:55.626+0000] {processor.py:743} INFO - Processing file /opt/airflow/dags/exer15.py for tasks to queue
[2023-01-17T17:47:55.628+0000] {logging_mixin.py:137} INFO - [2023-01-17T17:47:55.628+0000] {dagbag.py:538} INFO - Filling up the DagBag from /opt/airflow/dags/exer15.py
[2023-01-17T17:47:55.652+0000] {processor.py:755} WARNING - No viable dags retrieved from /opt/airflow/dags/exer15.py
[2023-01-17T17:47:55.677+0000] {processor.py:175} INFO - Processing /opt/airflow/dags/exer15.py took 0.060 seconds
[2023-01-17T17:48:25.843+0000] {processor.py:153} INFO - Started process (PID=7236) to work on /opt/airflow/dags/exer15.py
[2023-01-17T17:48:25.845+0000] {processor.py:743} INFO - Processing file /opt/airflow/dags/exer15.py for tasks to queue
[2023-01-17T17:48:25.847+0000] {logging_mixin.py:137} INFO - [2023-01-17T17:48:25.847+0000] {dagbag.py:538} INFO - Filling up the DagBag from /opt/airflow/dags/exer15.py
[2023-01-17T17:48:25.873+0000] {processor.py:755} WARNING - No viable dags retrieved from /opt/airflow/dags/exer15.py
[2023-01-17T17:48:25.897+0000] {processor.py:175} INFO - Processing /opt/airflow/dags/exer15.py took 0.060 seconds
[2023-01-17T17:48:56.213+0000] {processor.py:153} INFO - Started process (PID=7299) to work on /opt/airflow/dags/exer15.py
[2023-01-17T17:48:56.215+0000] {processor.py:743} INFO - Processing file /opt/airflow/dags/exer15.py for tasks to queue
[2023-01-17T17:48:56.217+0000] {logging_mixin.py:137} INFO - [2023-01-17T17:48:56.217+0000] {dagbag.py:538} INFO - Filling up the DagBag from /opt/airflow/dags/exer15.py
[2023-01-17T17:48:56.244+0000] {processor.py:755} WARNING - No viable dags retrieved from /opt/airflow/dags/exer15.py
[2023-01-17T17:48:56.267+0000] {processor.py:175} INFO - Processing /opt/airflow/dags/exer15.py took 0.061 seconds
[2023-01-17T17:49:26.348+0000] {processor.py:153} INFO - Started process (PID=7361) to work on /opt/airflow/dags/exer15.py
[2023-01-17T17:49:26.350+0000] {processor.py:743} INFO - Processing file /opt/airflow/dags/exer15.py for tasks to queue
[2023-01-17T17:49:26.351+0000] {logging_mixin.py:137} INFO - [2023-01-17T17:49:26.351+0000] {dagbag.py:538} INFO - Filling up the DagBag from /opt/airflow/dags/exer15.py
[2023-01-17T17:49:26.367+0000] {processor.py:755} WARNING - No viable dags retrieved from /opt/airflow/dags/exer15.py
[2023-01-17T17:49:26.385+0000] {processor.py:175} INFO - Processing /opt/airflow/dags/exer15.py took 0.040 seconds
[2023-01-17T17:49:56.879+0000] {processor.py:153} INFO - Started process (PID=7436) to work on /opt/airflow/dags/exer15.py
[2023-01-17T17:49:56.884+0000] {processor.py:743} INFO - Processing file /opt/airflow/dags/exer15.py for tasks to queue
[2023-01-17T17:49:56.886+0000] {logging_mixin.py:137} INFO - [2023-01-17T17:49:56.885+0000] {dagbag.py:538} INFO - Filling up the DagBag from /opt/airflow/dags/exer15.py
[2023-01-17T17:49:56.906+0000] {processor.py:755} WARNING - No viable dags retrieved from /opt/airflow/dags/exer15.py
[2023-01-17T17:49:56.930+0000] {processor.py:175} INFO - Processing /opt/airflow/dags/exer15.py took 0.057 seconds
[2023-01-17T17:50:27.209+0000] {processor.py:153} INFO - Started process (PID=7500) to work on /opt/airflow/dags/exer15.py
[2023-01-17T17:50:27.211+0000] {processor.py:743} INFO - Processing file /opt/airflow/dags/exer15.py for tasks to queue
[2023-01-17T17:50:27.213+0000] {logging_mixin.py:137} INFO - [2023-01-17T17:50:27.213+0000] {dagbag.py:538} INFO - Filling up the DagBag from /opt/airflow/dags/exer15.py
[2023-01-17T17:50:27.250+0000] {processor.py:755} WARNING - No viable dags retrieved from /opt/airflow/dags/exer15.py
[2023-01-17T17:50:27.285+0000] {processor.py:175} INFO - Processing /opt/airflow/dags/exer15.py took 0.085 seconds
[2023-01-17T17:50:57.408+0000] {processor.py:153} INFO - Started process (PID=7575) to work on /opt/airflow/dags/exer15.py
[2023-01-17T17:50:57.412+0000] {processor.py:743} INFO - Processing file /opt/airflow/dags/exer15.py for tasks to queue
[2023-01-17T17:50:57.413+0000] {logging_mixin.py:137} INFO - [2023-01-17T17:50:57.413+0000] {dagbag.py:538} INFO - Filling up the DagBag from /opt/airflow/dags/exer15.py
[2023-01-17T17:50:57.437+0000] {processor.py:755} WARNING - No viable dags retrieved from /opt/airflow/dags/exer15.py
[2023-01-17T17:50:57.468+0000] {processor.py:175} INFO - Processing /opt/airflow/dags/exer15.py took 0.075 seconds
[2023-01-17T17:51:28.182+0000] {processor.py:153} INFO - Started process (PID=7638) to work on /opt/airflow/dags/exer15.py
[2023-01-17T17:51:28.185+0000] {processor.py:743} INFO - Processing file /opt/airflow/dags/exer15.py for tasks to queue
[2023-01-17T17:51:28.186+0000] {logging_mixin.py:137} INFO - [2023-01-17T17:51:28.186+0000] {dagbag.py:538} INFO - Filling up the DagBag from /opt/airflow/dags/exer15.py
[2023-01-17T17:51:28.205+0000] {processor.py:755} WARNING - No viable dags retrieved from /opt/airflow/dags/exer15.py
[2023-01-17T17:51:28.233+0000] {processor.py:175} INFO - Processing /opt/airflow/dags/exer15.py took 0.058 seconds
[2023-01-17T17:51:58.502+0000] {processor.py:153} INFO - Started process (PID=7709) to work on /opt/airflow/dags/exer15.py
[2023-01-17T17:51:58.505+0000] {processor.py:743} INFO - Processing file /opt/airflow/dags/exer15.py for tasks to queue
[2023-01-17T17:51:58.512+0000] {logging_mixin.py:137} INFO - [2023-01-17T17:51:58.512+0000] {dagbag.py:538} INFO - Filling up the DagBag from /opt/airflow/dags/exer15.py
[2023-01-17T17:51:58.560+0000] {processor.py:755} WARNING - No viable dags retrieved from /opt/airflow/dags/exer15.py
[2023-01-17T17:51:58.609+0000] {processor.py:175} INFO - Processing /opt/airflow/dags/exer15.py took 0.116 seconds
[2023-01-17T17:52:28.659+0000] {processor.py:153} INFO - Started process (PID=7776) to work on /opt/airflow/dags/exer15.py
[2023-01-17T17:52:28.661+0000] {processor.py:743} INFO - Processing file /opt/airflow/dags/exer15.py for tasks to queue
[2023-01-17T17:52:28.662+0000] {logging_mixin.py:137} INFO - [2023-01-17T17:52:28.662+0000] {dagbag.py:538} INFO - Filling up the DagBag from /opt/airflow/dags/exer15.py
[2023-01-17T17:52:28.680+0000] {processor.py:755} WARNING - No viable dags retrieved from /opt/airflow/dags/exer15.py
[2023-01-17T17:52:28.698+0000] {processor.py:175} INFO - Processing /opt/airflow/dags/exer15.py took 0.042 seconds
[2023-01-17T17:52:59.229+0000] {processor.py:153} INFO - Started process (PID=7836) to work on /opt/airflow/dags/exer15.py
[2023-01-17T17:52:59.231+0000] {processor.py:743} INFO - Processing file /opt/airflow/dags/exer15.py for tasks to queue
[2023-01-17T17:52:59.232+0000] {logging_mixin.py:137} INFO - [2023-01-17T17:52:59.232+0000] {dagbag.py:538} INFO - Filling up the DagBag from /opt/airflow/dags/exer15.py
[2023-01-17T17:52:59.251+0000] {processor.py:755} WARNING - No viable dags retrieved from /opt/airflow/dags/exer15.py
[2023-01-17T17:52:59.278+0000] {processor.py:175} INFO - Processing /opt/airflow/dags/exer15.py took 0.058 seconds
[2023-01-17T17:53:29.740+0000] {processor.py:153} INFO - Started process (PID=7912) to work on /opt/airflow/dags/exer15.py
[2023-01-17T17:53:29.745+0000] {processor.py:743} INFO - Processing file /opt/airflow/dags/exer15.py for tasks to queue
[2023-01-17T17:53:29.749+0000] {logging_mixin.py:137} INFO - [2023-01-17T17:53:29.749+0000] {dagbag.py:538} INFO - Filling up the DagBag from /opt/airflow/dags/exer15.py
[2023-01-17T17:53:29.803+0000] {processor.py:755} WARNING - No viable dags retrieved from /opt/airflow/dags/exer15.py
[2023-01-17T17:53:29.857+0000] {processor.py:175} INFO - Processing /opt/airflow/dags/exer15.py took 0.134 seconds
[2023-01-17T17:54:00.075+0000] {processor.py:153} INFO - Started process (PID=7963) to work on /opt/airflow/dags/exer15.py
[2023-01-17T17:54:00.078+0000] {processor.py:743} INFO - Processing file /opt/airflow/dags/exer15.py for tasks to queue
[2023-01-17T17:54:00.080+0000] {logging_mixin.py:137} INFO - [2023-01-17T17:54:00.080+0000] {dagbag.py:538} INFO - Filling up the DagBag from /opt/airflow/dags/exer15.py
[2023-01-17T17:54:00.098+0000] {processor.py:755} WARNING - No viable dags retrieved from /opt/airflow/dags/exer15.py
[2023-01-17T17:54:00.118+0000] {processor.py:175} INFO - Processing /opt/airflow/dags/exer15.py took 0.050 seconds
[2023-01-17T17:54:30.391+0000] {processor.py:153} INFO - Started process (PID=8027) to work on /opt/airflow/dags/exer15.py
[2023-01-17T17:54:30.394+0000] {processor.py:743} INFO - Processing file /opt/airflow/dags/exer15.py for tasks to queue
[2023-01-17T17:54:30.395+0000] {logging_mixin.py:137} INFO - [2023-01-17T17:54:30.395+0000] {dagbag.py:538} INFO - Filling up the DagBag from /opt/airflow/dags/exer15.py
[2023-01-17T17:54:30.415+0000] {processor.py:755} WARNING - No viable dags retrieved from /opt/airflow/dags/exer15.py
[2023-01-17T17:54:30.434+0000] {processor.py:175} INFO - Processing /opt/airflow/dags/exer15.py took 0.049 seconds
[2023-01-17T17:55:00.709+0000] {processor.py:153} INFO - Started process (PID=8102) to work on /opt/airflow/dags/exer15.py
[2023-01-17T17:55:00.712+0000] {processor.py:743} INFO - Processing file /opt/airflow/dags/exer15.py for tasks to queue
[2023-01-17T17:55:00.714+0000] {logging_mixin.py:137} INFO - [2023-01-17T17:55:00.714+0000] {dagbag.py:538} INFO - Filling up the DagBag from /opt/airflow/dags/exer15.py
[2023-01-17T17:55:00.733+0000] {processor.py:755} WARNING - No viable dags retrieved from /opt/airflow/dags/exer15.py
[2023-01-17T17:55:00.751+0000] {processor.py:175} INFO - Processing /opt/airflow/dags/exer15.py took 0.048 seconds
[2023-01-17T17:55:30.943+0000] {processor.py:153} INFO - Started process (PID=8165) to work on /opt/airflow/dags/exer15.py
[2023-01-17T17:55:30.946+0000] {processor.py:743} INFO - Processing file /opt/airflow/dags/exer15.py for tasks to queue
[2023-01-17T17:55:30.948+0000] {logging_mixin.py:137} INFO - [2023-01-17T17:55:30.948+0000] {dagbag.py:538} INFO - Filling up the DagBag from /opt/airflow/dags/exer15.py
[2023-01-17T17:55:30.978+0000] {processor.py:755} WARNING - No viable dags retrieved from /opt/airflow/dags/exer15.py
[2023-01-17T17:55:31.020+0000] {processor.py:175} INFO - Processing /opt/airflow/dags/exer15.py took 0.086 seconds
[2023-01-17T17:56:01.462+0000] {processor.py:153} INFO - Started process (PID=8241) to work on /opt/airflow/dags/exer15.py
[2023-01-17T17:56:01.464+0000] {processor.py:743} INFO - Processing file /opt/airflow/dags/exer15.py for tasks to queue
[2023-01-17T17:56:01.466+0000] {logging_mixin.py:137} INFO - [2023-01-17T17:56:01.466+0000] {dagbag.py:538} INFO - Filling up the DagBag from /opt/airflow/dags/exer15.py
[2023-01-17T17:56:01.488+0000] {processor.py:755} WARNING - No viable dags retrieved from /opt/airflow/dags/exer15.py
[2023-01-17T17:56:01.508+0000] {processor.py:175} INFO - Processing /opt/airflow/dags/exer15.py took 0.053 seconds
[2023-01-17T17:56:32.441+0000] {processor.py:153} INFO - Started process (PID=8304) to work on /opt/airflow/dags/exer15.py
[2023-01-17T17:56:32.444+0000] {processor.py:743} INFO - Processing file /opt/airflow/dags/exer15.py for tasks to queue
[2023-01-17T17:56:32.445+0000] {logging_mixin.py:137} INFO - [2023-01-17T17:56:32.445+0000] {dagbag.py:538} INFO - Filling up the DagBag from /opt/airflow/dags/exer15.py
[2023-01-17T17:56:32.464+0000] {processor.py:755} WARNING - No viable dags retrieved from /opt/airflow/dags/exer15.py
[2023-01-17T17:56:32.484+0000] {processor.py:175} INFO - Processing /opt/airflow/dags/exer15.py took 0.049 seconds
[2023-01-17T17:57:02.608+0000] {processor.py:153} INFO - Started process (PID=8379) to work on /opt/airflow/dags/exer15.py
[2023-01-17T17:57:02.609+0000] {processor.py:743} INFO - Processing file /opt/airflow/dags/exer15.py for tasks to queue
[2023-01-17T17:57:02.610+0000] {logging_mixin.py:137} INFO - [2023-01-17T17:57:02.610+0000] {dagbag.py:538} INFO - Filling up the DagBag from /opt/airflow/dags/exer15.py
[2023-01-17T17:57:02.626+0000] {processor.py:755} WARNING - No viable dags retrieved from /opt/airflow/dags/exer15.py
[2023-01-17T17:57:02.645+0000] {processor.py:175} INFO - Processing /opt/airflow/dags/exer15.py took 0.041 seconds
[2023-01-17T17:57:32.920+0000] {processor.py:153} INFO - Started process (PID=8439) to work on /opt/airflow/dags/exer15.py
[2023-01-17T17:57:32.921+0000] {processor.py:743} INFO - Processing file /opt/airflow/dags/exer15.py for tasks to queue
[2023-01-17T17:57:32.923+0000] {logging_mixin.py:137} INFO - [2023-01-17T17:57:32.923+0000] {dagbag.py:538} INFO - Filling up the DagBag from /opt/airflow/dags/exer15.py
[2023-01-17T17:57:32.940+0000] {processor.py:755} WARNING - No viable dags retrieved from /opt/airflow/dags/exer15.py
[2023-01-17T17:57:32.959+0000] {processor.py:175} INFO - Processing /opt/airflow/dags/exer15.py took 0.043 seconds
[2023-01-17T17:58:03.750+0000] {processor.py:153} INFO - Started process (PID=8503) to work on /opt/airflow/dags/exer15.py
[2023-01-17T17:58:03.752+0000] {processor.py:743} INFO - Processing file /opt/airflow/dags/exer15.py for tasks to queue
[2023-01-17T17:58:03.753+0000] {logging_mixin.py:137} INFO - [2023-01-17T17:58:03.753+0000] {dagbag.py:538} INFO - Filling up the DagBag from /opt/airflow/dags/exer15.py
[2023-01-17T17:58:03.770+0000] {processor.py:755} WARNING - No viable dags retrieved from /opt/airflow/dags/exer15.py
[2023-01-17T17:58:03.790+0000] {processor.py:175} INFO - Processing /opt/airflow/dags/exer15.py took 0.047 seconds
[2023-01-17T17:58:34.430+0000] {processor.py:153} INFO - Started process (PID=8578) to work on /opt/airflow/dags/exer15.py
[2023-01-17T17:58:34.432+0000] {processor.py:743} INFO - Processing file /opt/airflow/dags/exer15.py for tasks to queue
[2023-01-17T17:58:34.434+0000] {logging_mixin.py:137} INFO - [2023-01-17T17:58:34.434+0000] {dagbag.py:538} INFO - Filling up the DagBag from /opt/airflow/dags/exer15.py
[2023-01-17T17:58:34.462+0000] {processor.py:755} WARNING - No viable dags retrieved from /opt/airflow/dags/exer15.py
[2023-01-17T17:58:34.490+0000] {processor.py:175} INFO - Processing /opt/airflow/dags/exer15.py took 0.066 seconds
[2023-01-17T17:58:56.262+0000] {processor.py:153} INFO - Started process (PID=8616) to work on /opt/airflow/dags/exer15.py
[2023-01-17T17:58:56.266+0000] {processor.py:743} INFO - Processing file /opt/airflow/dags/exer15.py for tasks to queue
[2023-01-17T17:58:56.268+0000] {logging_mixin.py:137} INFO - [2023-01-17T17:58:56.268+0000] {dagbag.py:538} INFO - Filling up the DagBag from /opt/airflow/dags/exer15.py
[2023-01-17T17:58:56.305+0000] {processor.py:753} INFO - DAG(s) dict_keys(['hello_with_passing_data_dag']) retrieved from /opt/airflow/dags/exer15.py
[2023-01-17T17:58:56.965+0000] {logging_mixin.py:137} INFO - [2023-01-17T17:58:56.965+0000] {manager.py:504} INFO - Created Permission View: can edit on DAG:hello_with_passing_data_dag
[2023-01-17T17:58:56.991+0000] {logging_mixin.py:137} INFO - [2023-01-17T17:58:56.990+0000] {manager.py:504} INFO - Created Permission View: can delete on DAG:hello_with_passing_data_dag
[2023-01-17T17:58:57.003+0000] {logging_mixin.py:137} INFO - [2023-01-17T17:58:57.003+0000] {manager.py:504} INFO - Created Permission View: can read on DAG:hello_with_passing_data_dag
[2023-01-17T17:58:57.005+0000] {logging_mixin.py:137} INFO - [2023-01-17T17:58:57.005+0000] {dag.py:2676} INFO - Sync 1 DAGs
[2023-01-17T17:58:57.048+0000] {logging_mixin.py:137} INFO - [2023-01-17T17:58:57.048+0000] {dag.py:2697} INFO - Creating ORM DAG for hello_with_passing_data_dag
[2023-01-17T17:58:57.067+0000] {logging_mixin.py:137} INFO - [2023-01-17T17:58:57.067+0000] {dag.py:3427} INFO - Setting next_dagrun for hello_with_passing_data_dag to None, run_after=None
[2023-01-17T17:58:57.093+0000] {processor.py:175} INFO - Processing /opt/airflow/dags/exer15.py took 0.838 seconds
[2023-01-17T17:59:27.337+0000] {processor.py:153} INFO - Started process (PID=8693) to work on /opt/airflow/dags/exer15.py
[2023-01-17T17:59:27.339+0000] {processor.py:743} INFO - Processing file /opt/airflow/dags/exer15.py for tasks to queue
[2023-01-17T17:59:27.341+0000] {logging_mixin.py:137} INFO - [2023-01-17T17:59:27.341+0000] {dagbag.py:538} INFO - Filling up the DagBag from /opt/airflow/dags/exer15.py
[2023-01-17T17:59:27.376+0000] {processor.py:753} INFO - DAG(s) dict_keys(['hello_with_passing_data_dag']) retrieved from /opt/airflow/dags/exer15.py
[2023-01-17T17:59:27.432+0000] {logging_mixin.py:137} INFO - [2023-01-17T17:59:27.431+0000] {dag.py:2676} INFO - Sync 1 DAGs
[2023-01-17T17:59:27.455+0000] {logging_mixin.py:137} INFO - [2023-01-17T17:59:27.455+0000] {dag.py:3427} INFO - Setting next_dagrun for hello_with_passing_data_dag to None, run_after=None
[2023-01-17T17:59:27.473+0000] {processor.py:175} INFO - Processing /opt/airflow/dags/exer15.py took 0.143 seconds
[2023-01-17T17:59:57.851+0000] {processor.py:153} INFO - Started process (PID=8756) to work on /opt/airflow/dags/exer15.py
[2023-01-17T17:59:57.854+0000] {processor.py:743} INFO - Processing file /opt/airflow/dags/exer15.py for tasks to queue
[2023-01-17T17:59:57.855+0000] {logging_mixin.py:137} INFO - [2023-01-17T17:59:57.855+0000] {dagbag.py:538} INFO - Filling up the DagBag from /opt/airflow/dags/exer15.py
[2023-01-17T17:59:57.882+0000] {processor.py:753} INFO - DAG(s) dict_keys(['hello_with_passing_data_dag']) retrieved from /opt/airflow/dags/exer15.py
[2023-01-17T17:59:57.921+0000] {logging_mixin.py:137} INFO - [2023-01-17T17:59:57.921+0000] {dag.py:2676} INFO - Sync 1 DAGs
[2023-01-17T17:59:57.943+0000] {logging_mixin.py:137} INFO - [2023-01-17T17:59:57.942+0000] {dag.py:3427} INFO - Setting next_dagrun for hello_with_passing_data_dag to None, run_after=None
[2023-01-17T17:59:57.958+0000] {processor.py:175} INFO - Processing /opt/airflow/dags/exer15.py took 0.111 seconds
[2023-01-17T18:00:28.359+0000] {processor.py:153} INFO - Started process (PID=8831) to work on /opt/airflow/dags/exer15.py
[2023-01-17T18:00:28.366+0000] {processor.py:743} INFO - Processing file /opt/airflow/dags/exer15.py for tasks to queue
[2023-01-17T18:00:28.375+0000] {logging_mixin.py:137} INFO - [2023-01-17T18:00:28.374+0000] {dagbag.py:538} INFO - Filling up the DagBag from /opt/airflow/dags/exer15.py
[2023-01-17T18:00:28.601+0000] {processor.py:753} INFO - DAG(s) dict_keys(['hello_with_passing_data_dag']) retrieved from /opt/airflow/dags/exer15.py
[2023-01-17T18:00:28.772+0000] {logging_mixin.py:137} INFO - [2023-01-17T18:00:28.771+0000] {dag.py:2676} INFO - Sync 1 DAGs
[2023-01-17T18:00:28.908+0000] {logging_mixin.py:137} INFO - [2023-01-17T18:00:28.908+0000] {dag.py:3427} INFO - Setting next_dagrun for hello_with_passing_data_dag to None, run_after=None
[2023-01-17T18:00:28.954+0000] {processor.py:175} INFO - Processing /opt/airflow/dags/exer15.py took 0.646 seconds
[2023-01-17T18:00:59.160+0000] {processor.py:153} INFO - Started process (PID=8895) to work on /opt/airflow/dags/exer15.py
[2023-01-17T18:00:59.161+0000] {processor.py:743} INFO - Processing file /opt/airflow/dags/exer15.py for tasks to queue
[2023-01-17T18:00:59.162+0000] {logging_mixin.py:137} INFO - [2023-01-17T18:00:59.162+0000] {dagbag.py:538} INFO - Filling up the DagBag from /opt/airflow/dags/exer15.py
[2023-01-17T18:00:59.187+0000] {processor.py:753} INFO - DAG(s) dict_keys(['hello_with_passing_data_dag']) retrieved from /opt/airflow/dags/exer15.py
[2023-01-17T18:00:59.226+0000] {logging_mixin.py:137} INFO - [2023-01-17T18:00:59.226+0000] {dag.py:2676} INFO - Sync 1 DAGs
[2023-01-17T18:00:59.248+0000] {logging_mixin.py:137} INFO - [2023-01-17T18:00:59.248+0000] {dag.py:3427} INFO - Setting next_dagrun for hello_with_passing_data_dag to None, run_after=None
[2023-01-17T18:00:59.265+0000] {processor.py:175} INFO - Processing /opt/airflow/dags/exer15.py took 0.109 seconds
[2023-01-17T18:01:29.414+0000] {processor.py:153} INFO - Started process (PID=8965) to work on /opt/airflow/dags/exer15.py
[2023-01-17T18:01:29.416+0000] {processor.py:743} INFO - Processing file /opt/airflow/dags/exer15.py for tasks to queue
[2023-01-17T18:01:29.418+0000] {logging_mixin.py:137} INFO - [2023-01-17T18:01:29.418+0000] {dagbag.py:538} INFO - Filling up the DagBag from /opt/airflow/dags/exer15.py
[2023-01-17T18:01:29.452+0000] {processor.py:753} INFO - DAG(s) dict_keys(['hello_with_passing_data_dag']) retrieved from /opt/airflow/dags/exer15.py
[2023-01-17T18:01:29.507+0000] {logging_mixin.py:137} INFO - [2023-01-17T18:01:29.507+0000] {dag.py:2676} INFO - Sync 1 DAGs
[2023-01-17T18:01:29.571+0000] {logging_mixin.py:137} INFO - [2023-01-17T18:01:29.570+0000] {dag.py:3427} INFO - Setting next_dagrun for hello_with_passing_data_dag to None, run_after=None
[2023-01-17T18:01:29.605+0000] {processor.py:175} INFO - Processing /opt/airflow/dags/exer15.py took 0.198 seconds
[2023-01-17T18:02:01.201+0000] {processor.py:153} INFO - Started process (PID=9034) to work on /opt/airflow/dags/exer15.py
[2023-01-17T18:02:01.218+0000] {processor.py:743} INFO - Processing file /opt/airflow/dags/exer15.py for tasks to queue
[2023-01-17T18:02:01.233+0000] {logging_mixin.py:137} INFO - [2023-01-17T18:02:01.232+0000] {dagbag.py:538} INFO - Filling up the DagBag from /opt/airflow/dags/exer15.py
[2023-01-17T18:02:01.908+0000] {processor.py:753} INFO - DAG(s) dict_keys(['hello_with_passing_data_dag']) retrieved from /opt/airflow/dags/exer15.py
[2023-01-17T18:02:02.943+0000] {logging_mixin.py:137} INFO - [2023-01-17T18:02:02.941+0000] {dag.py:2676} INFO - Sync 1 DAGs
[2023-01-17T18:02:03.323+0000] {logging_mixin.py:137} INFO - [2023-01-17T18:02:03.305+0000] {dag.py:3427} INFO - Setting next_dagrun for hello_with_passing_data_dag to None, run_after=None
[2023-01-17T18:02:08.457+0000] {logging_mixin.py:137} INFO - [2023-01-17T18:02:08.457+0000] {process_utils.py:256} INFO - Waiting up to 5 seconds for processes to exit...
[2023-01-17T18:03:20.750+0000] {processor.py:153} INFO - Started process (PID=57) to work on /opt/airflow/dags/exer15.py
[2023-01-17T18:03:20.760+0000] {processor.py:743} INFO - Processing file /opt/airflow/dags/exer15.py for tasks to queue
[2023-01-17T18:03:20.798+0000] {logging_mixin.py:137} INFO - [2023-01-17T18:03:20.797+0000] {dagbag.py:538} INFO - Filling up the DagBag from /opt/airflow/dags/exer15.py
[2023-01-17T18:03:21.266+0000] {processor.py:753} INFO - DAG(s) dict_keys(['hello_with_passing_data_dag']) retrieved from /opt/airflow/dags/exer15.py
[2023-01-17T18:03:21.509+0000] {logging_mixin.py:137} INFO - [2023-01-17T18:03:21.509+0000] {dag.py:2676} INFO - Sync 1 DAGs
[2023-01-17T18:03:21.770+0000] {logging_mixin.py:137} INFO - [2023-01-17T18:03:21.770+0000] {dag.py:3427} INFO - Setting next_dagrun for hello_with_passing_data_dag to None, run_after=None
[2023-01-17T18:03:21.955+0000] {processor.py:175} INFO - Processing /opt/airflow/dags/exer15.py took 1.239 seconds
[2023-01-17T18:07:08.848+0000] {processor.py:153} INFO - Started process (PID=218) to work on /opt/airflow/dags/exer15.py
[2023-01-17T18:07:09.010+0000] {processor.py:743} INFO - Processing file /opt/airflow/dags/exer15.py for tasks to queue
[2023-01-17T18:07:09.093+0000] {logging_mixin.py:137} INFO - [2023-01-17T18:07:09.092+0000] {dagbag.py:538} INFO - Filling up the DagBag from /opt/airflow/dags/exer15.py
[2023-01-17T18:07:13.634+0000] {processor.py:753} INFO - DAG(s) dict_keys(['hello_with_passing_data_dag']) retrieved from /opt/airflow/dags/exer15.py
[2023-01-17T18:07:19.549+0000] {logging_mixin.py:137} INFO - [2023-01-17T18:07:19.433+0000] {dag.py:2676} INFO - Sync 1 DAGs
[2023-01-17T18:07:24.456+0000] {logging_mixin.py:137} INFO - [2023-01-17T18:07:24.249+0000] {dag.py:3427} INFO - Setting next_dagrun for hello_with_passing_data_dag to None, run_after=None
[2023-01-17T18:07:31.957+0000] {processor.py:175} INFO - Processing /opt/airflow/dags/exer15.py took 23.455 seconds
[2023-01-17T18:16:19.245+0000] {processor.py:153} INFO - Started process (PID=54) to work on /opt/airflow/dags/exer15.py
[2023-01-17T18:16:19.269+0000] {processor.py:743} INFO - Processing file /opt/airflow/dags/exer15.py for tasks to queue
[2023-01-17T18:16:19.276+0000] {logging_mixin.py:137} INFO - [2023-01-17T18:16:19.275+0000] {dagbag.py:538} INFO - Filling up the DagBag from /opt/airflow/dags/exer15.py
[2023-01-17T18:16:19.815+0000] {processor.py:753} INFO - DAG(s) dict_keys(['hello_with_passing_data_dag']) retrieved from /opt/airflow/dags/exer15.py
[2023-01-17T18:16:20.324+0000] {logging_mixin.py:137} INFO - [2023-01-17T18:16:20.322+0000] {dag.py:2676} INFO - Sync 1 DAGs
[2023-01-17T18:16:20.483+0000] {logging_mixin.py:137} INFO - [2023-01-17T18:16:20.483+0000] {dag.py:3427} INFO - Setting next_dagrun for hello_with_passing_data_dag to None, run_after=None
[2023-01-17T18:16:20.607+0000] {processor.py:175} INFO - Processing /opt/airflow/dags/exer15.py took 1.406 seconds
[2023-01-17T18:16:51.315+0000] {processor.py:153} INFO - Started process (PID=121) to work on /opt/airflow/dags/exer15.py
[2023-01-17T18:16:51.317+0000] {processor.py:743} INFO - Processing file /opt/airflow/dags/exer15.py for tasks to queue
[2023-01-17T18:16:51.319+0000] {logging_mixin.py:137} INFO - [2023-01-17T18:16:51.319+0000] {dagbag.py:538} INFO - Filling up the DagBag from /opt/airflow/dags/exer15.py
[2023-01-17T18:16:51.363+0000] {processor.py:753} INFO - DAG(s) dict_keys(['hello_with_passing_data_dag']) retrieved from /opt/airflow/dags/exer15.py
[2023-01-17T18:16:51.413+0000] {logging_mixin.py:137} INFO - [2023-01-17T18:16:51.413+0000] {dag.py:2676} INFO - Sync 1 DAGs
[2023-01-17T18:16:51.443+0000] {logging_mixin.py:137} INFO - [2023-01-17T18:16:51.443+0000] {dag.py:3427} INFO - Setting next_dagrun for hello_with_passing_data_dag to None, run_after=None
[2023-01-17T18:16:51.464+0000] {processor.py:175} INFO - Processing /opt/airflow/dags/exer15.py took 0.156 seconds
[2023-01-17T18:17:21.763+0000] {processor.py:153} INFO - Started process (PID=184) to work on /opt/airflow/dags/exer15.py
[2023-01-17T18:17:21.796+0000] {processor.py:743} INFO - Processing file /opt/airflow/dags/exer15.py for tasks to queue
[2023-01-17T18:17:21.801+0000] {logging_mixin.py:137} INFO - [2023-01-17T18:17:21.801+0000] {dagbag.py:538} INFO - Filling up the DagBag from /opt/airflow/dags/exer15.py
[2023-01-17T18:17:21.920+0000] {processor.py:753} INFO - DAG(s) dict_keys(['hello_with_passing_data_dag']) retrieved from /opt/airflow/dags/exer15.py
[2023-01-17T18:17:22.097+0000] {logging_mixin.py:137} INFO - [2023-01-17T18:17:22.097+0000] {dag.py:2676} INFO - Sync 1 DAGs
[2023-01-17T18:17:22.189+0000] {logging_mixin.py:137} INFO - [2023-01-17T18:17:22.188+0000] {dag.py:3427} INFO - Setting next_dagrun for hello_with_passing_data_dag to None, run_after=None
[2023-01-17T18:17:22.243+0000] {processor.py:175} INFO - Processing /opt/airflow/dags/exer15.py took 0.489 seconds
[2023-01-17T18:17:52.948+0000] {processor.py:153} INFO - Started process (PID=258) to work on /opt/airflow/dags/exer15.py
[2023-01-17T18:17:52.961+0000] {processor.py:743} INFO - Processing file /opt/airflow/dags/exer15.py for tasks to queue
[2023-01-17T18:17:52.964+0000] {logging_mixin.py:137} INFO - [2023-01-17T18:17:52.964+0000] {dagbag.py:538} INFO - Filling up the DagBag from /opt/airflow/dags/exer15.py
[2023-01-17T18:17:53.037+0000] {processor.py:753} INFO - DAG(s) dict_keys(['hello_with_passing_data_dag']) retrieved from /opt/airflow/dags/exer15.py
[2023-01-17T18:17:53.122+0000] {logging_mixin.py:137} INFO - [2023-01-17T18:17:53.122+0000] {dag.py:2676} INFO - Sync 1 DAGs
[2023-01-17T18:17:53.163+0000] {logging_mixin.py:137} INFO - [2023-01-17T18:17:53.163+0000] {dag.py:3427} INFO - Setting next_dagrun for hello_with_passing_data_dag to None, run_after=None
[2023-01-17T18:17:53.186+0000] {processor.py:175} INFO - Processing /opt/airflow/dags/exer15.py took 0.285 seconds
[2023-01-17T18:18:23.671+0000] {processor.py:153} INFO - Started process (PID=321) to work on /opt/airflow/dags/exer15.py
[2023-01-17T18:18:23.674+0000] {processor.py:743} INFO - Processing file /opt/airflow/dags/exer15.py for tasks to queue
[2023-01-17T18:18:23.675+0000] {logging_mixin.py:137} INFO - [2023-01-17T18:18:23.675+0000] {dagbag.py:538} INFO - Filling up the DagBag from /opt/airflow/dags/exer15.py
[2023-01-17T18:18:23.708+0000] {processor.py:753} INFO - DAG(s) dict_keys(['hello_with_passing_data_dag']) retrieved from /opt/airflow/dags/exer15.py
[2023-01-17T18:18:23.769+0000] {logging_mixin.py:137} INFO - [2023-01-17T18:18:23.769+0000] {dag.py:2676} INFO - Sync 1 DAGs
[2023-01-17T18:18:23.796+0000] {logging_mixin.py:137} INFO - [2023-01-17T18:18:23.796+0000] {dag.py:3427} INFO - Setting next_dagrun for hello_with_passing_data_dag to None, run_after=None
[2023-01-17T18:18:23.821+0000] {processor.py:175} INFO - Processing /opt/airflow/dags/exer15.py took 0.158 seconds
[2023-01-17T18:18:54.268+0000] {processor.py:153} INFO - Started process (PID=396) to work on /opt/airflow/dags/exer15.py
[2023-01-17T18:18:54.272+0000] {processor.py:743} INFO - Processing file /opt/airflow/dags/exer15.py for tasks to queue
[2023-01-17T18:18:54.274+0000] {logging_mixin.py:137} INFO - [2023-01-17T18:18:54.274+0000] {dagbag.py:538} INFO - Filling up the DagBag from /opt/airflow/dags/exer15.py
[2023-01-17T18:18:54.335+0000] {processor.py:753} INFO - DAG(s) dict_keys(['hello_with_passing_data_dag']) retrieved from /opt/airflow/dags/exer15.py
[2023-01-17T18:18:54.425+0000] {logging_mixin.py:137} INFO - [2023-01-17T18:18:54.424+0000] {dag.py:2676} INFO - Sync 1 DAGs
[2023-01-17T18:18:54.464+0000] {logging_mixin.py:137} INFO - [2023-01-17T18:18:54.464+0000] {dag.py:3427} INFO - Setting next_dagrun for hello_with_passing_data_dag to None, run_after=None
[2023-01-17T18:18:54.488+0000] {processor.py:175} INFO - Processing /opt/airflow/dags/exer15.py took 0.227 seconds
[2023-01-17T18:19:25.270+0000] {processor.py:153} INFO - Started process (PID=459) to work on /opt/airflow/dags/exer15.py
[2023-01-17T18:19:25.272+0000] {processor.py:743} INFO - Processing file /opt/airflow/dags/exer15.py for tasks to queue
[2023-01-17T18:19:25.274+0000] {logging_mixin.py:137} INFO - [2023-01-17T18:19:25.274+0000] {dagbag.py:538} INFO - Filling up the DagBag from /opt/airflow/dags/exer15.py
[2023-01-17T18:19:25.305+0000] {processor.py:753} INFO - DAG(s) dict_keys(['hello_with_passing_data_dag']) retrieved from /opt/airflow/dags/exer15.py
[2023-01-17T18:19:25.352+0000] {logging_mixin.py:137} INFO - [2023-01-17T18:19:25.351+0000] {dag.py:2676} INFO - Sync 1 DAGs
[2023-01-17T18:19:25.376+0000] {logging_mixin.py:137} INFO - [2023-01-17T18:19:25.376+0000] {dag.py:3427} INFO - Setting next_dagrun for hello_with_passing_data_dag to None, run_after=None
[2023-01-17T18:19:25.392+0000] {processor.py:175} INFO - Processing /opt/airflow/dags/exer15.py took 0.131 seconds
[2023-01-17T18:19:55.522+0000] {processor.py:153} INFO - Started process (PID=523) to work on /opt/airflow/dags/exer15.py
[2023-01-17T18:19:55.525+0000] {processor.py:743} INFO - Processing file /opt/airflow/dags/exer15.py for tasks to queue
[2023-01-17T18:19:55.527+0000] {logging_mixin.py:137} INFO - [2023-01-17T18:19:55.526+0000] {dagbag.py:538} INFO - Filling up the DagBag from /opt/airflow/dags/exer15.py
[2023-01-17T18:19:55.577+0000] {processor.py:753} INFO - DAG(s) dict_keys(['hello_with_passing_data_dag']) retrieved from /opt/airflow/dags/exer15.py
[2023-01-17T18:19:55.631+0000] {logging_mixin.py:137} INFO - [2023-01-17T18:19:55.631+0000] {dag.py:2676} INFO - Sync 1 DAGs
[2023-01-17T18:19:55.659+0000] {logging_mixin.py:137} INFO - [2023-01-17T18:19:55.659+0000] {dag.py:3427} INFO - Setting next_dagrun for hello_with_passing_data_dag to None, run_after=None
[2023-01-17T18:19:55.678+0000] {processor.py:175} INFO - Processing /opt/airflow/dags/exer15.py took 0.167 seconds
[2023-01-17T18:20:26.411+0000] {processor.py:153} INFO - Started process (PID=598) to work on /opt/airflow/dags/exer15.py
[2023-01-17T18:20:26.413+0000] {processor.py:743} INFO - Processing file /opt/airflow/dags/exer15.py for tasks to queue
[2023-01-17T18:20:26.415+0000] {logging_mixin.py:137} INFO - [2023-01-17T18:20:26.415+0000] {dagbag.py:538} INFO - Filling up the DagBag from /opt/airflow/dags/exer15.py
[2023-01-17T18:20:26.444+0000] {processor.py:753} INFO - DAG(s) dict_keys(['hello_with_passing_data_dag']) retrieved from /opt/airflow/dags/exer15.py
[2023-01-17T18:20:26.504+0000] {logging_mixin.py:137} INFO - [2023-01-17T18:20:26.504+0000] {dag.py:2676} INFO - Sync 1 DAGs
[2023-01-17T18:20:26.534+0000] {logging_mixin.py:137} INFO - [2023-01-17T18:20:26.534+0000] {dag.py:3427} INFO - Setting next_dagrun for hello_with_passing_data_dag to None, run_after=None
[2023-01-17T18:20:26.551+0000] {processor.py:175} INFO - Processing /opt/airflow/dags/exer15.py took 0.146 seconds
[2023-01-17T18:20:56.968+0000] {processor.py:153} INFO - Started process (PID=661) to work on /opt/airflow/dags/exer15.py
[2023-01-17T18:20:56.970+0000] {processor.py:743} INFO - Processing file /opt/airflow/dags/exer15.py for tasks to queue
[2023-01-17T18:20:56.971+0000] {logging_mixin.py:137} INFO - [2023-01-17T18:20:56.971+0000] {dagbag.py:538} INFO - Filling up the DagBag from /opt/airflow/dags/exer15.py
[2023-01-17T18:20:57.011+0000] {processor.py:753} INFO - DAG(s) dict_keys(['hello_with_passing_data_dag']) retrieved from /opt/airflow/dags/exer15.py
[2023-01-17T18:20:57.076+0000] {logging_mixin.py:137} INFO - [2023-01-17T18:20:57.076+0000] {dag.py:2676} INFO - Sync 1 DAGs
[2023-01-17T18:20:57.103+0000] {logging_mixin.py:137} INFO - [2023-01-17T18:20:57.103+0000] {dag.py:3427} INFO - Setting next_dagrun for hello_with_passing_data_dag to None, run_after=None
[2023-01-17T18:20:57.121+0000] {processor.py:175} INFO - Processing /opt/airflow/dags/exer15.py took 0.160 seconds
[2023-01-17T18:21:27.504+0000] {processor.py:153} INFO - Started process (PID=736) to work on /opt/airflow/dags/exer15.py
[2023-01-17T18:21:27.510+0000] {processor.py:743} INFO - Processing file /opt/airflow/dags/exer15.py for tasks to queue
[2023-01-17T18:21:27.513+0000] {logging_mixin.py:137} INFO - [2023-01-17T18:21:27.512+0000] {dagbag.py:538} INFO - Filling up the DagBag from /opt/airflow/dags/exer15.py
[2023-01-17T18:21:27.642+0000] {processor.py:753} INFO - DAG(s) dict_keys(['hello_with_passing_data_dag']) retrieved from /opt/airflow/dags/exer15.py
[2023-01-17T18:21:27.767+0000] {logging_mixin.py:137} INFO - [2023-01-17T18:21:27.767+0000] {dag.py:2676} INFO - Sync 1 DAGs
[2023-01-17T18:21:27.822+0000] {logging_mixin.py:137} INFO - [2023-01-17T18:21:27.822+0000] {dag.py:3427} INFO - Setting next_dagrun for hello_with_passing_data_dag to None, run_after=None
[2023-01-17T18:21:27.859+0000] {processor.py:175} INFO - Processing /opt/airflow/dags/exer15.py took 0.369 seconds
[2023-01-17T18:21:58.105+0000] {processor.py:153} INFO - Started process (PID=799) to work on /opt/airflow/dags/exer15.py
[2023-01-17T18:21:58.107+0000] {processor.py:743} INFO - Processing file /opt/airflow/dags/exer15.py for tasks to queue
[2023-01-17T18:21:58.109+0000] {logging_mixin.py:137} INFO - [2023-01-17T18:21:58.109+0000] {dagbag.py:538} INFO - Filling up the DagBag from /opt/airflow/dags/exer15.py
[2023-01-17T18:21:58.153+0000] {processor.py:753} INFO - DAG(s) dict_keys(['hello_with_passing_data_dag']) retrieved from /opt/airflow/dags/exer15.py
[2023-01-17T18:21:58.221+0000] {logging_mixin.py:137} INFO - [2023-01-17T18:21:58.221+0000] {dag.py:2676} INFO - Sync 1 DAGs
[2023-01-17T18:21:58.268+0000] {logging_mixin.py:137} INFO - [2023-01-17T18:21:58.268+0000] {dag.py:3427} INFO - Setting next_dagrun for hello_with_passing_data_dag to None, run_after=None
[2023-01-17T18:21:58.291+0000] {processor.py:175} INFO - Processing /opt/airflow/dags/exer15.py took 0.193 seconds
[2023-01-17T18:22:28.859+0000] {processor.py:153} INFO - Started process (PID=871) to work on /opt/airflow/dags/exer15.py
[2023-01-17T18:22:28.861+0000] {processor.py:743} INFO - Processing file /opt/airflow/dags/exer15.py for tasks to queue
[2023-01-17T18:22:28.863+0000] {logging_mixin.py:137} INFO - [2023-01-17T18:22:28.863+0000] {dagbag.py:538} INFO - Filling up the DagBag from /opt/airflow/dags/exer15.py
[2023-01-17T18:22:28.910+0000] {processor.py:753} INFO - DAG(s) dict_keys(['hello_with_passing_data_dag']) retrieved from /opt/airflow/dags/exer15.py
[2023-01-17T18:22:28.987+0000] {logging_mixin.py:137} INFO - [2023-01-17T18:22:28.987+0000] {dag.py:2676} INFO - Sync 1 DAGs
[2023-01-17T18:22:29.022+0000] {logging_mixin.py:137} INFO - [2023-01-17T18:22:29.022+0000] {dag.py:3427} INFO - Setting next_dagrun for hello_with_passing_data_dag to None, run_after=None
[2023-01-17T18:22:29.048+0000] {processor.py:175} INFO - Processing /opt/airflow/dags/exer15.py took 0.193 seconds
[2023-01-17T18:22:59.376+0000] {processor.py:153} INFO - Started process (PID=937) to work on /opt/airflow/dags/exer15.py
[2023-01-17T18:22:59.379+0000] {processor.py:743} INFO - Processing file /opt/airflow/dags/exer15.py for tasks to queue
[2023-01-17T18:22:59.381+0000] {logging_mixin.py:137} INFO - [2023-01-17T18:22:59.381+0000] {dagbag.py:538} INFO - Filling up the DagBag from /opt/airflow/dags/exer15.py
[2023-01-17T18:22:59.436+0000] {processor.py:753} INFO - DAG(s) dict_keys(['hello_with_passing_data_dag']) retrieved from /opt/airflow/dags/exer15.py
[2023-01-17T18:22:59.502+0000] {logging_mixin.py:137} INFO - [2023-01-17T18:22:59.502+0000] {dag.py:2676} INFO - Sync 1 DAGs
[2023-01-17T18:22:59.531+0000] {logging_mixin.py:137} INFO - [2023-01-17T18:22:59.531+0000] {dag.py:3427} INFO - Setting next_dagrun for hello_with_passing_data_dag to None, run_after=None
[2023-01-17T18:22:59.554+0000] {processor.py:175} INFO - Processing /opt/airflow/dags/exer15.py took 0.186 seconds
[2023-01-17T18:23:30.266+0000] {processor.py:153} INFO - Started process (PID=1000) to work on /opt/airflow/dags/exer15.py
[2023-01-17T18:23:30.269+0000] {processor.py:743} INFO - Processing file /opt/airflow/dags/exer15.py for tasks to queue
[2023-01-17T18:23:30.271+0000] {logging_mixin.py:137} INFO - [2023-01-17T18:23:30.271+0000] {dagbag.py:538} INFO - Filling up the DagBag from /opt/airflow/dags/exer15.py
[2023-01-17T18:23:30.308+0000] {processor.py:753} INFO - DAG(s) dict_keys(['hello_with_passing_data_dag']) retrieved from /opt/airflow/dags/exer15.py
[2023-01-17T18:23:30.360+0000] {logging_mixin.py:137} INFO - [2023-01-17T18:23:30.360+0000] {dag.py:2676} INFO - Sync 1 DAGs
[2023-01-17T18:23:30.385+0000] {logging_mixin.py:137} INFO - [2023-01-17T18:23:30.385+0000] {dag.py:3427} INFO - Setting next_dagrun for hello_with_passing_data_dag to None, run_after=None
[2023-01-17T18:23:30.402+0000] {processor.py:175} INFO - Processing /opt/airflow/dags/exer15.py took 0.143 seconds
[2023-01-17T18:24:00.631+0000] {processor.py:153} INFO - Started process (PID=1075) to work on /opt/airflow/dags/exer15.py
[2023-01-17T18:24:00.635+0000] {processor.py:743} INFO - Processing file /opt/airflow/dags/exer15.py for tasks to queue
[2023-01-17T18:24:00.637+0000] {logging_mixin.py:137} INFO - [2023-01-17T18:24:00.637+0000] {dagbag.py:538} INFO - Filling up the DagBag from /opt/airflow/dags/exer15.py
[2023-01-17T18:24:00.676+0000] {processor.py:753} INFO - DAG(s) dict_keys(['hello_with_passing_data_dag']) retrieved from /opt/airflow/dags/exer15.py
[2023-01-17T18:24:00.746+0000] {logging_mixin.py:137} INFO - [2023-01-17T18:24:00.746+0000] {dag.py:2676} INFO - Sync 1 DAGs
[2023-01-17T18:24:00.774+0000] {logging_mixin.py:137} INFO - [2023-01-17T18:24:00.774+0000] {dag.py:3427} INFO - Setting next_dagrun for hello_with_passing_data_dag to None, run_after=None
[2023-01-17T18:24:00.793+0000] {processor.py:175} INFO - Processing /opt/airflow/dags/exer15.py took 0.170 seconds
[2023-01-17T18:24:31.141+0000] {processor.py:153} INFO - Started process (PID=1139) to work on /opt/airflow/dags/exer15.py
[2023-01-17T18:24:31.145+0000] {processor.py:743} INFO - Processing file /opt/airflow/dags/exer15.py for tasks to queue
[2023-01-17T18:24:31.146+0000] {logging_mixin.py:137} INFO - [2023-01-17T18:24:31.146+0000] {dagbag.py:538} INFO - Filling up the DagBag from /opt/airflow/dags/exer15.py
[2023-01-17T18:24:31.173+0000] {processor.py:753} INFO - DAG(s) dict_keys(['hello_with_passing_data_dag']) retrieved from /opt/airflow/dags/exer15.py
[2023-01-17T18:24:31.211+0000] {logging_mixin.py:137} INFO - [2023-01-17T18:24:31.211+0000] {dag.py:2676} INFO - Sync 1 DAGs
[2023-01-17T18:24:31.234+0000] {logging_mixin.py:137} INFO - [2023-01-17T18:24:31.234+0000] {dag.py:3427} INFO - Setting next_dagrun for hello_with_passing_data_dag to None, run_after=None
[2023-01-17T18:24:31.249+0000] {processor.py:175} INFO - Processing /opt/airflow/dags/exer15.py took 0.114 seconds
[2023-01-17T18:25:02.296+0000] {processor.py:153} INFO - Started process (PID=1214) to work on /opt/airflow/dags/exer15.py
[2023-01-17T18:25:02.299+0000] {processor.py:743} INFO - Processing file /opt/airflow/dags/exer15.py for tasks to queue
[2023-01-17T18:25:02.301+0000] {logging_mixin.py:137} INFO - [2023-01-17T18:25:02.300+0000] {dagbag.py:538} INFO - Filling up the DagBag from /opt/airflow/dags/exer15.py
[2023-01-17T18:25:02.341+0000] {processor.py:753} INFO - DAG(s) dict_keys(['hello_with_passing_data_dag']) retrieved from /opt/airflow/dags/exer15.py
[2023-01-17T18:25:02.392+0000] {logging_mixin.py:137} INFO - [2023-01-17T18:25:02.391+0000] {dag.py:2676} INFO - Sync 1 DAGs
[2023-01-17T18:25:02.419+0000] {logging_mixin.py:137} INFO - [2023-01-17T18:25:02.419+0000] {dag.py:3427} INFO - Setting next_dagrun for hello_with_passing_data_dag to None, run_after=None
[2023-01-17T18:25:02.444+0000] {processor.py:175} INFO - Processing /opt/airflow/dags/exer15.py took 0.154 seconds
[2023-01-17T18:25:32.510+0000] {processor.py:153} INFO - Started process (PID=1286) to work on /opt/airflow/dags/exer15.py
[2023-01-17T18:25:32.518+0000] {processor.py:743} INFO - Processing file /opt/airflow/dags/exer15.py for tasks to queue
[2023-01-17T18:25:32.524+0000] {logging_mixin.py:137} INFO - [2023-01-17T18:25:32.524+0000] {dagbag.py:538} INFO - Filling up the DagBag from /opt/airflow/dags/exer15.py
[2023-01-17T18:25:32.567+0000] {processor.py:753} INFO - DAG(s) dict_keys(['hello_with_passing_data_dag']) retrieved from /opt/airflow/dags/exer15.py
[2023-01-17T18:25:32.651+0000] {logging_mixin.py:137} INFO - [2023-01-17T18:25:32.651+0000] {dag.py:2676} INFO - Sync 1 DAGs
[2023-01-17T18:25:32.687+0000] {logging_mixin.py:137} INFO - [2023-01-17T18:25:32.687+0000] {dag.py:3427} INFO - Setting next_dagrun for hello_with_passing_data_dag to None, run_after=None
[2023-01-17T18:25:32.717+0000] {processor.py:175} INFO - Processing /opt/airflow/dags/exer15.py took 0.213 seconds
[2023-01-17T18:26:03.754+0000] {processor.py:153} INFO - Started process (PID=1352) to work on /opt/airflow/dags/exer15.py
[2023-01-17T18:26:03.757+0000] {processor.py:743} INFO - Processing file /opt/airflow/dags/exer15.py for tasks to queue
[2023-01-17T18:26:03.758+0000] {logging_mixin.py:137} INFO - [2023-01-17T18:26:03.758+0000] {dagbag.py:538} INFO - Filling up the DagBag from /opt/airflow/dags/exer15.py
[2023-01-17T18:26:03.788+0000] {processor.py:753} INFO - DAG(s) dict_keys(['hello_with_passing_data_dag']) retrieved from /opt/airflow/dags/exer15.py
[2023-01-17T18:26:03.859+0000] {logging_mixin.py:137} INFO - [2023-01-17T18:26:03.859+0000] {dag.py:2676} INFO - Sync 1 DAGs
[2023-01-17T18:26:03.885+0000] {logging_mixin.py:137} INFO - [2023-01-17T18:26:03.885+0000] {dag.py:3427} INFO - Setting next_dagrun for hello_with_passing_data_dag to None, run_after=None
[2023-01-17T18:26:03.901+0000] {processor.py:175} INFO - Processing /opt/airflow/dags/exer15.py took 0.153 seconds
[2023-01-17T18:26:20.107+0000] {processor.py:153} INFO - Started process (PID=1403) to work on /opt/airflow/dags/exer15.py
[2023-01-17T18:26:20.122+0000] {processor.py:743} INFO - Processing file /opt/airflow/dags/exer15.py for tasks to queue
[2023-01-17T18:26:20.133+0000] {logging_mixin.py:137} INFO - [2023-01-17T18:26:20.132+0000] {dagbag.py:538} INFO - Filling up the DagBag from /opt/airflow/dags/exer15.py
[2023-01-17T18:26:20.148+0000] {logging_mixin.py:137} INFO - [2023-01-17T18:26:20.147+0000] {dagbag.py:320} INFO - File /opt/airflow/dags/exer15.py assumed to contain no DAGs. Skipping.
[2023-01-17T18:26:20.150+0000] {processor.py:755} WARNING - No viable dags retrieved from /opt/airflow/dags/exer15.py
[2023-01-17T18:26:20.664+0000] {processor.py:175} INFO - Processing /opt/airflow/dags/exer15.py took 0.573 seconds
[2023-01-17T18:27:29.340+0000] {processor.py:153} INFO - Started process (PID=1446) to work on /opt/airflow/dags/exer15.py
[2023-01-17T18:27:29.342+0000] {processor.py:743} INFO - Processing file /opt/airflow/dags/exer15.py for tasks to queue
[2023-01-17T18:27:29.344+0000] {logging_mixin.py:137} INFO - [2023-01-17T18:27:29.344+0000] {dagbag.py:538} INFO - Filling up the DagBag from /opt/airflow/dags/exer15.py
[2023-01-17T18:27:29.346+0000] {logging_mixin.py:137} INFO - [2023-01-17T18:27:29.346+0000] {dagbag.py:320} INFO - File /opt/airflow/dags/exer15.py assumed to contain no DAGs. Skipping.
[2023-01-17T18:27:29.347+0000] {processor.py:755} WARNING - No viable dags retrieved from /opt/airflow/dags/exer15.py
[2023-01-17T18:27:29.365+0000] {processor.py:175} INFO - Processing /opt/airflow/dags/exer15.py took 0.030 seconds
[2023-01-17T18:28:00.433+0000] {processor.py:153} INFO - Started process (PID=1508) to work on /opt/airflow/dags/exer15.py
[2023-01-17T18:28:00.437+0000] {processor.py:743} INFO - Processing file /opt/airflow/dags/exer15.py for tasks to queue
[2023-01-17T18:28:00.439+0000] {logging_mixin.py:137} INFO - [2023-01-17T18:28:00.439+0000] {dagbag.py:538} INFO - Filling up the DagBag from /opt/airflow/dags/exer15.py
[2023-01-17T18:28:00.442+0000] {logging_mixin.py:137} INFO - [2023-01-17T18:28:00.442+0000] {dagbag.py:320} INFO - File /opt/airflow/dags/exer15.py assumed to contain no DAGs. Skipping.
[2023-01-17T18:28:00.443+0000] {processor.py:755} WARNING - No viable dags retrieved from /opt/airflow/dags/exer15.py
[2023-01-17T18:28:00.474+0000] {processor.py:175} INFO - Processing /opt/airflow/dags/exer15.py took 0.049 seconds
[2023-01-17T18:28:30.656+0000] {processor.py:153} INFO - Started process (PID=1583) to work on /opt/airflow/dags/exer15.py
[2023-01-17T18:28:30.658+0000] {processor.py:743} INFO - Processing file /opt/airflow/dags/exer15.py for tasks to queue
[2023-01-17T18:28:30.659+0000] {logging_mixin.py:137} INFO - [2023-01-17T18:28:30.659+0000] {dagbag.py:538} INFO - Filling up the DagBag from /opt/airflow/dags/exer15.py
[2023-01-17T18:28:30.661+0000] {logging_mixin.py:137} INFO - [2023-01-17T18:28:30.661+0000] {dagbag.py:320} INFO - File /opt/airflow/dags/exer15.py assumed to contain no DAGs. Skipping.
[2023-01-17T18:28:30.662+0000] {processor.py:755} WARNING - No viable dags retrieved from /opt/airflow/dags/exer15.py
[2023-01-17T18:28:30.681+0000] {processor.py:175} INFO - Processing /opt/airflow/dags/exer15.py took 0.029 seconds
